<?xml version="1.0" encoding="UTF-8"?>
<testsuite xmlns:xsi="http://www.w3.org/2001/XMLSchema-instance" xsi:noNamespaceSchemaLocation="https://maven.apache.org/surefire/maven-surefire-plugin/xsd/surefire-test-report.xsd" version="3.0.2" name="com.example.jsppractice.config.DataSeederTest" time="1.692" tests="1" errors="0" skipped="0" failures="0">
  <properties>
[...]
</properties>
  <testcase name="seedRunsWithoutErrorsAndProducesAllThreeStatuses" classname="com.example.jsppractice.config.DataSeederTest" time="0.495">
    <system-out><![CDATA[16:29:44.889 [main] DEBUG c.e.j.mapper.CategoryMapper.insert - ==>  Preparing: INSERT INTO categories (name) VALUES (?)
16:29:44.905 [main] DEBUG c.e.j.mapper.CategoryMapper.insert - ==> Parameters: Programming(String)
16:29:44.906 [main] DEBUG c.e.j.mapper.CategoryMapper.insert - <==    Updates: 1
16:29:44.909 [main] DEBUG c.e.j.mapper.CategoryMapper.insert - ==>  Preparing: INSERT INTO categories (name) VALUES (?)
16:29:44.909 [main] DEBUG c.e.j.mapper.CategoryMapper.insert - ==> Parameters: Architecture(String)
16:29:44.910 [main] DEBUG c.e.j.mapper.CategoryMapper.insert - <==    Updates: 1
16:29:44.910 [main] DEBUG c.e.j.mapper.CategoryMapper.insert - ==>  Preparing: INSERT INTO categories (name) VALUES (?)
16:29:44.910 [main] DEBUG c.e.j.mapper.CategoryMapper.insert - ==> Parameters: Best Practice(String)
16:29:44.911 [main] DEBUG c.e.j.mapper.CategoryMapper.insert - <==    Updates: 1
16:29:44.912 [main] DEBUG c.e.j.mapper.BookMapper.insert - ==>  Preparing: INSERT INTO books (title, isbn, author_id, published_year) VALUES (?, ?, ?, ?)
16:29:44.916 [main] DEBUG c.e.j.mapper.BookMapper.insert - ==> Parameters: Effective Java(String), 9780134685991(String), 1(Long), 2018(Integer)
16:29:44.917 [main] DEBUG c.e.j.mapper.BookMapper.insert - <==    Updates: 1
16:29:44.925 [main] DEBUG c.e.j.m.B.deleteCategoriesByBookId - ==>  Preparing: DELETE FROM books_categories bc WHERE bc.book_id = ?
16:29:44.927 [main] DEBUG c.e.j.m.B.deleteCategoriesByBookId - ==> Parameters: 1(Long)
16:29:44.928 [main] DEBUG c.e.j.m.B.deleteCategoriesByBookId - <==    Updates: 0
16:29:44.938 [main] DEBUG c.e.j.m.B.insertBookCategories - ==>  Preparing: INSERT INTO books_categories (book_id, category_id) VALUES (?, ?) , (?, ?)
16:29:44.939 [main] DEBUG c.e.j.m.B.insertBookCategories - ==> Parameters: 1(Long), 1(Long), 1(Long), 3(Long)
16:29:44.939 [main] DEBUG c.e.j.m.B.insertBookCategories - <==    Updates: 2
16:29:44.941 [main] DEBUG c.e.j.mapper.BookMapper.insert - ==>  Preparing: INSERT INTO books (title, isbn, author_id, published_year) VALUES (?, ?, ?, ?)
16:29:44.942 [main] DEBUG c.e.j.mapper.BookMapper.insert - ==> Parameters: Clean Code(String), 9780132350884(String), 2(Long), 2008(Integer)
16:29:44.942 [main] DEBUG c.e.j.mapper.BookMapper.insert - <==    Updates: 1
16:29:44.943 [main] DEBUG c.e.j.m.B.deleteCategoriesByBookId - ==>  Preparing: DELETE FROM books_categories bc WHERE bc.book_id = ?
16:29:44.943 [main] DEBUG c.e.j.m.B.deleteCategoriesByBookId - ==> Parameters: 2(Long)
16:29:44.943 [main] DEBUG c.e.j.m.B.deleteCategoriesByBookId - <==    Updates: 0
16:29:44.944 [main] DEBUG c.e.j.m.B.insertBookCategories - ==>  Preparing: INSERT INTO books_categories (book_id, category_id) VALUES (?, ?)
16:29:44.944 [main] DEBUG c.e.j.m.B.insertBookCategories - ==> Parameters: 2(Long), 3(Long)
16:29:44.944 [main] DEBUG c.e.j.m.B.insertBookCategories - <==    Updates: 1
16:29:44.945 [main] DEBUG c.e.j.mapper.BookMapper.insert - ==>  Preparing: INSERT INTO books (title, isbn, author_id, published_year) VALUES (?, ?, ?, ?)
16:29:44.945 [main] DEBUG c.e.j.mapper.BookMapper.insert - ==> Parameters: Domain-Driven Design(String), 9780321125217(String), 3(Long), 2003(Integer)
16:29:44.945 [main] DEBUG c.e.j.mapper.BookMapper.insert - <==    Updates: 1
16:29:44.946 [main] DEBUG c.e.j.m.B.deleteCategoriesByBookId - ==>  Preparing: DELETE FROM books_categories bc WHERE bc.book_id = ?
16:29:44.946 [main] DEBUG c.e.j.m.B.deleteCategoriesByBookId - ==> Parameters: 3(Long)
16:29:44.946 [main] DEBUG c.e.j.m.B.deleteCategoriesByBookId - <==    Updates: 0
16:29:44.947 [main] DEBUG c.e.j.m.B.insertBookCategories - ==>  Preparing: INSERT INTO books_categories (book_id, category_id) VALUES (?, ?)
16:29:44.947 [main] DEBUG c.e.j.m.B.insertBookCategories - ==> Parameters: 3(Long), 2(Long)
16:29:44.947 [main] DEBUG c.e.j.m.B.insertBookCategories - <==    Updates: 1
16:29:44.948 [main] DEBUG c.e.j.mapper.BookMapper.insert - ==>  Preparing: INSERT INTO books (title, isbn, author_id, published_year) VALUES (?, ?, ?, ?)
16:29:44.948 [main] DEBUG c.e.j.mapper.BookMapper.insert - ==> Parameters: Clean Architecture(String), 9780134494166(String), 2(Long), 2017(Integer)
16:29:44.948 [main] DEBUG c.e.j.mapper.BookMapper.insert - <==    Updates: 1
16:29:44.949 [main] DEBUG c.e.j.m.B.deleteCategoriesByBookId - ==>  Preparing: DELETE FROM books_categories bc WHERE bc.book_id = ?
16:29:44.949 [main] DEBUG c.e.j.m.B.deleteCategoriesByBookId - ==> Parameters: 4(Long)
16:29:44.949 [main] DEBUG c.e.j.m.B.deleteCategoriesByBookId - <==    Updates: 0
16:29:44.950 [main] DEBUG c.e.j.m.B.insertBookCategories - ==>  Preparing: INSERT INTO books_categories (book_id, category_id) VALUES (?, ?) , (?, ?)
16:29:44.950 [main] DEBUG c.e.j.m.B.insertBookCategories - ==> Parameters: 4(Long), 2(Long), 4(Long), 3(Long)
16:29:44.950 [main] DEBUG c.e.j.m.B.insertBookCategories - <==    Updates: 2
16:29:44.951 [main] DEBUG c.e.j.mapper.BookMapper.insert - ==>  Preparing: INSERT INTO books (title, isbn, author_id, published_year) VALUES (?, ?, ?, ?)
16:29:44.952 [main] DEBUG c.e.j.mapper.BookMapper.insert - ==> Parameters: Java Concurrency in Practice(String), 9780321349606(String), 1(Long), 2006(Integer)
16:29:44.952 [main] DEBUG c.e.j.mapper.BookMapper.insert - <==    Updates: 1
16:29:44.953 [main] DEBUG c.e.j.m.B.deleteCategoriesByBookId - ==>  Preparing: DELETE FROM books_categories bc WHERE bc.book_id = ?
16:29:44.953 [main] DEBUG c.e.j.m.B.deleteCategoriesByBookId - ==> Parameters: 5(Long)
16:29:44.953 [main] DEBUG c.e.j.m.B.deleteCategoriesByBookId - <==    Updates: 0
16:29:44.953 [main] DEBUG c.e.j.m.B.insertBookCategories - ==>  Preparing: INSERT INTO books_categories (book_id, category_id) VALUES (?, ?)
16:29:44.954 [main] DEBUG c.e.j.m.B.insertBookCategories - ==> Parameters: 5(Long), 1(Long)
16:29:44.954 [main] DEBUG c.e.j.m.B.insertBookCategories - <==    Updates: 1
16:29:44.955 [main] DEBUG c.e.j.mapper.BookMapper.insert - ==>  Preparing: INSERT INTO books (title, isbn, author_id, published_year) VALUES (?, ?, ?, ?)
16:29:44.955 [main] DEBUG c.e.j.mapper.BookMapper.insert - ==> Parameters: Java Concurrency in Practice(String), 9780321349606(String), 1(Long), 2006(Integer)
16:29:44.956 [main] DEBUG c.e.j.mapper.BookMapper.insert - <==    Updates: 1
16:29:44.956 [main] DEBUG c.e.j.m.B.deleteCategoriesByBookId - ==>  Preparing: DELETE FROM books_categories bc WHERE bc.book_id = ?
16:29:44.957 [main] DEBUG c.e.j.m.B.deleteCategoriesByBookId - ==> Parameters: 6(Long)
16:29:44.957 [main] DEBUG c.e.j.m.B.deleteCategoriesByBookId - <==    Updates: 0
16:29:44.957 [main] DEBUG c.e.j.m.B.insertBookCategories - ==>  Preparing: INSERT INTO books_categories (book_id, category_id) VALUES (?, ?)
16:29:44.957 [main] DEBUG c.e.j.m.B.insertBookCategories - ==> Parameters: 6(Long), 1(Long)
16:29:44.957 [main] DEBUG c.e.j.m.B.insertBookCategories - <==    Updates: 1
16:29:44.958 [main] DEBUG c.e.j.mapper.BookMapper.insert - ==>  Preparing: INSERT INTO books (title, isbn, author_id, published_year) VALUES (?, ?, ?, ?)
16:29:44.958 [main] DEBUG c.e.j.mapper.BookMapper.insert - ==> Parameters: Java Concurrency in Practice(String), 9780321349606(String), 1(Long), 2006(Integer)
16:29:44.958 [main] DEBUG c.e.j.mapper.BookMapper.insert - <==    Updates: 1
16:29:44.960 [main] DEBUG c.e.j.m.B.deleteCategoriesByBookId - ==>  Preparing: DELETE FROM books_categories bc WHERE bc.book_id = ?
16:29:44.960 [main] DEBUG c.e.j.m.B.deleteCategoriesByBookId - ==> Parameters: 7(Long)
16:29:44.960 [main] DEBUG c.e.j.m.B.deleteCategoriesByBookId - <==    Updates: 0
16:29:44.961 [main] DEBUG c.e.j.m.B.insertBookCategories - ==>  Preparing: INSERT INTO books_categories (book_id, category_id) VALUES (?, ?)
16:29:44.961 [main] DEBUG c.e.j.m.B.insertBookCategories - ==> Parameters: 7(Long), 1(Long)
16:29:44.961 [main] DEBUG c.e.j.m.B.insertBookCategories - <==    Updates: 1
16:29:44.963 [main] DEBUG c.e.j.mapper.BookMapper.insert - ==>  Preparing: INSERT INTO books (title, isbn, author_id, published_year) VALUES (?, ?, ?, ?)
16:29:44.963 [main] DEBUG c.e.j.mapper.BookMapper.insert - ==> Parameters: Java Concurrency in Practice(String), 9780321349606(String), 1(Long), 2006(Integer)
16:29:44.963 [main] DEBUG c.e.j.mapper.BookMapper.insert - <==    Updates: 1
16:29:44.964 [main] DEBUG c.e.j.m.B.deleteCategoriesByBookId - ==>  Preparing: DELETE FROM books_categories bc WHERE bc.book_id = ?
16:29:44.964 [main] DEBUG c.e.j.m.B.deleteCategoriesByBookId - ==> Parameters: 8(Long)
16:29:44.964 [main] DEBUG c.e.j.m.B.deleteCategoriesByBookId - <==    Updates: 0
16:29:44.965 [main] DEBUG c.e.j.m.B.insertBookCategories - ==>  Preparing: INSERT INTO books_categories (book_id, category_id) VALUES (?, ?)
16:29:44.965 [main] DEBUG c.e.j.m.B.insertBookCategories - ==> Parameters: 8(Long), 1(Long)
16:29:44.965 [main] DEBUG c.e.j.m.B.insertBookCategories - <==    Updates: 1
16:29:44.966 [main] DEBUG c.e.j.mapper.BookMapper.insert - ==>  Preparing: INSERT INTO books (title, isbn, author_id, published_year) VALUES (?, ?, ?, ?)
16:29:44.966 [main] DEBUG c.e.j.mapper.BookMapper.insert - ==> Parameters: Java Concurrency in Practice(String), 9780321349606(String), 1(Long), 2006(Integer)
16:29:44.967 [main] DEBUG c.e.j.mapper.BookMapper.insert - <==    Updates: 1
16:29:44.968 [main] DEBUG c.e.j.m.B.deleteCategoriesByBookId - ==>  Preparing: DELETE FROM books_categories bc WHERE bc.book_id = ?
16:29:44.968 [main] DEBUG c.e.j.m.B.deleteCategoriesByBookId - ==> Parameters: 9(Long)
16:29:44.970 [main] DEBUG c.e.j.m.B.deleteCategoriesByBookId - <==    Updates: 0
16:29:44.970 [main] DEBUG c.e.j.m.B.insertBookCategories - ==>  Preparing: INSERT INTO books_categories (book_id, category_id) VALUES (?, ?)
16:29:44.970 [main] DEBUG c.e.j.m.B.insertBookCategories - ==> Parameters: 9(Long), 1(Long)
16:29:44.971 [main] DEBUG c.e.j.m.B.insertBookCategories - <==    Updates: 1
16:29:44.972 [main] DEBUG c.e.j.mapper.BookMapper.insert - ==>  Preparing: INSERT INTO books (title, isbn, author_id, published_year) VALUES (?, ?, ?, ?)
16:29:44.972 [main] DEBUG c.e.j.mapper.BookMapper.insert - ==> Parameters: Java Concurrency in Practice(String), 9780321349606(String), 1(Long), 2006(Integer)
16:29:44.973 [main] DEBUG c.e.j.mapper.BookMapper.insert - <==    Updates: 1
16:29:44.973 [main] DEBUG c.e.j.m.B.deleteCategoriesByBookId - ==>  Preparing: DELETE FROM books_categories bc WHERE bc.book_id = ?
16:29:44.973 [main] DEBUG c.e.j.m.B.deleteCategoriesByBookId - ==> Parameters: 10(Long)
16:29:44.974 [main] DEBUG c.e.j.m.B.deleteCategoriesByBookId - <==    Updates: 0
16:29:44.974 [main] DEBUG c.e.j.m.B.insertBookCategories - ==>  Preparing: INSERT INTO books_categories (book_id, category_id) VALUES (?, ?)
16:29:44.974 [main] DEBUG c.e.j.m.B.insertBookCategories - ==> Parameters: 10(Long), 1(Long)
16:29:44.974 [main] DEBUG c.e.j.m.B.insertBookCategories - <==    Updates: 1
16:29:44.975 [main] DEBUG c.e.j.mapper.BookMapper.insert - ==>  Preparing: INSERT INTO books (title, isbn, author_id, published_year) VALUES (?, ?, ?, ?)
16:29:44.975 [main] DEBUG c.e.j.mapper.BookMapper.insert - ==> Parameters: Java Concurrency in Practice(String), 9780321349606(String), 1(Long), 2006(Integer)
16:29:44.975 [main] DEBUG c.e.j.mapper.BookMapper.insert - <==    Updates: 1
16:29:44.976 [main] DEBUG c.e.j.m.B.deleteCategoriesByBookId - ==>  Preparing: DELETE FROM books_categories bc WHERE bc.book_id = ?
16:29:44.976 [main] DEBUG c.e.j.m.B.deleteCategoriesByBookId - ==> Parameters: 11(Long)
16:29:44.976 [main] DEBUG c.e.j.m.B.deleteCategoriesByBookId - <==    Updates: 0
16:29:44.976 [main] DEBUG c.e.j.m.B.insertBookCategories - ==>  Preparing: INSERT INTO books_categories (book_id, category_id) VALUES (?, ?)
16:29:44.976 [main] DEBUG c.e.j.m.B.insertBookCategories - ==> Parameters: 11(Long), 1(Long)
16:29:44.976 [main] DEBUG c.e.j.m.B.insertBookCategories - <==    Updates: 1
16:29:44.977 [main] DEBUG c.e.j.mapper.BookMapper.insert - ==>  Preparing: INSERT INTO books (title, isbn, author_id, published_year) VALUES (?, ?, ?, ?)
16:29:44.978 [main] DEBUG c.e.j.mapper.BookMapper.insert - ==> Parameters: Java Concurrency in Practice(String), 9780321349606(String), 1(Long), 2006(Integer)
16:29:44.978 [main] DEBUG c.e.j.mapper.BookMapper.insert - <==    Updates: 1
16:29:44.978 [main] DEBUG c.e.j.m.B.deleteCategoriesByBookId - ==>  Preparing: DELETE FROM books_categories bc WHERE bc.book_id = ?
16:29:44.979 [main] DEBUG c.e.j.m.B.deleteCategoriesByBookId - ==> Parameters: 12(Long)
16:29:44.979 [main] DEBUG c.e.j.m.B.deleteCategoriesByBookId - <==    Updates: 0
16:29:44.979 [main] DEBUG c.e.j.m.B.insertBookCategories - ==>  Preparing: INSERT INTO books_categories (book_id, category_id) VALUES (?, ?)
16:29:44.979 [main] DEBUG c.e.j.m.B.insertBookCategories - ==> Parameters: 12(Long), 1(Long)
16:29:44.980 [main] DEBUG c.e.j.m.B.insertBookCategories - <==    Updates: 1
16:29:44.980 [main] DEBUG c.e.j.mapper.BookMapper.insert - ==>  Preparing: INSERT INTO books (title, isbn, author_id, published_year) VALUES (?, ?, ?, ?)
16:29:44.980 [main] DEBUG c.e.j.mapper.BookMapper.insert - ==> Parameters: Java Concurrency in Practice(String), 9780321349606(String), 1(Long), 2006(Integer)
16:29:44.980 [main] DEBUG c.e.j.mapper.BookMapper.insert - <==    Updates: 1
16:29:44.981 [main] DEBUG c.e.j.m.B.deleteCategoriesByBookId - ==>  Preparing: DELETE FROM books_categories bc WHERE bc.book_id = ?
16:29:44.981 [main] DEBUG c.e.j.m.B.deleteCategoriesByBookId - ==> Parameters: 13(Long)
16:29:44.981 [main] DEBUG c.e.j.m.B.deleteCategoriesByBookId - <==    Updates: 0
16:29:44.982 [main] DEBUG c.e.j.m.B.insertBookCategories - ==>  Preparing: INSERT INTO books_categories (book_id, category_id) VALUES (?, ?)
16:29:44.982 [main] DEBUG c.e.j.m.B.insertBookCategories - ==> Parameters: 13(Long), 1(Long)
16:29:44.982 [main] DEBUG c.e.j.m.B.insertBookCategories - <==    Updates: 1
16:29:44.982 [main] DEBUG c.e.j.mapper.BookMapper.insert - ==>  Preparing: INSERT INTO books (title, isbn, author_id, published_year) VALUES (?, ?, ?, ?)
16:29:44.983 [main] DEBUG c.e.j.mapper.BookMapper.insert - ==> Parameters: Java Concurrency in Practice(String), 9780321349606(String), 1(Long), 2006(Integer)
16:29:44.983 [main] DEBUG c.e.j.mapper.BookMapper.insert - <==    Updates: 1
16:29:44.984 [main] DEBUG c.e.j.m.B.deleteCategoriesByBookId - ==>  Preparing: DELETE FROM books_categories bc WHERE bc.book_id = ?
16:29:44.984 [main] DEBUG c.e.j.m.B.deleteCategoriesByBookId - ==> Parameters: 14(Long)
16:29:44.984 [main] DEBUG c.e.j.m.B.deleteCategoriesByBookId - <==    Updates: 0
16:29:44.985 [main] DEBUG c.e.j.m.B.insertBookCategories - ==>  Preparing: INSERT INTO books_categories (book_id, category_id) VALUES (?, ?)
16:29:44.985 [main] DEBUG c.e.j.m.B.insertBookCategories - ==> Parameters: 14(Long), 1(Long)
16:29:44.985 [main] DEBUG c.e.j.m.B.insertBookCategories - <==    Updates: 1
16:29:44.985 [main] DEBUG c.e.j.mapper.BookMapper.insert - ==>  Preparing: INSERT INTO books (title, isbn, author_id, published_year) VALUES (?, ?, ?, ?)
16:29:44.986 [main] DEBUG c.e.j.mapper.BookMapper.insert - ==> Parameters: Java Concurrency in Practice(String), 9780321349606(String), 1(Long), 2006(Integer)
16:29:44.986 [main] DEBUG c.e.j.mapper.BookMapper.insert - <==    Updates: 1
16:29:44.986 [main] DEBUG c.e.j.m.B.deleteCategoriesByBookId - ==>  Preparing: DELETE FROM books_categories bc WHERE bc.book_id = ?
16:29:44.987 [main] DEBUG c.e.j.m.B.deleteCategoriesByBookId - ==> Parameters: 15(Long)
16:29:44.987 [main] DEBUG c.e.j.m.B.deleteCategoriesByBookId - <==    Updates: 0
16:29:44.987 [main] DEBUG c.e.j.m.B.insertBookCategories - ==>  Preparing: INSERT INTO books_categories (book_id, category_id) VALUES (?, ?)
16:29:44.987 [main] DEBUG c.e.j.m.B.insertBookCategories - ==> Parameters: 15(Long), 1(Long)
16:29:44.988 [main] DEBUG c.e.j.m.B.insertBookCategories - <==    Updates: 1
16:29:44.988 [main] DEBUG c.e.j.mapper.BookMapper.insert - ==>  Preparing: INSERT INTO books (title, isbn, author_id, published_year) VALUES (?, ?, ?, ?)
16:29:44.988 [main] DEBUG c.e.j.mapper.BookMapper.insert - ==> Parameters: Java Concurrency in Practice(String), 9780321349606(String), 1(Long), 2006(Integer)
16:29:44.989 [main] DEBUG c.e.j.mapper.BookMapper.insert - <==    Updates: 1
16:29:44.989 [main] DEBUG c.e.j.m.B.deleteCategoriesByBookId - ==>  Preparing: DELETE FROM books_categories bc WHERE bc.book_id = ?
16:29:44.989 [main] DEBUG c.e.j.m.B.deleteCategoriesByBookId - ==> Parameters: 16(Long)
16:29:44.989 [main] DEBUG c.e.j.m.B.deleteCategoriesByBookId - <==    Updates: 0
16:29:44.990 [main] DEBUG c.e.j.m.B.insertBookCategories - ==>  Preparing: INSERT INTO books_categories (book_id, category_id) VALUES (?, ?)
16:29:44.990 [main] DEBUG c.e.j.m.B.insertBookCategories - ==> Parameters: 16(Long), 1(Long)
16:29:44.990 [main] DEBUG c.e.j.m.B.insertBookCategories - <==    Updates: 1
16:29:44.990 [main] DEBUG c.e.j.mapper.BookMapper.insert - ==>  Preparing: INSERT INTO books (title, isbn, author_id, published_year) VALUES (?, ?, ?, ?)
16:29:44.990 [main] DEBUG c.e.j.mapper.BookMapper.insert - ==> Parameters: Java Concurrency in Practice(String), 9780321349606(String), 1(Long), 2006(Integer)
16:29:44.991 [main] DEBUG c.e.j.mapper.BookMapper.insert - <==    Updates: 1
16:29:44.991 [main] DEBUG c.e.j.m.B.deleteCategoriesByBookId - ==>  Preparing: DELETE FROM books_categories bc WHERE bc.book_id = ?
16:29:44.991 [main] DEBUG c.e.j.m.B.deleteCategoriesByBookId - ==> Parameters: 17(Long)
16:29:44.992 [main] DEBUG c.e.j.m.B.deleteCategoriesByBookId - <==    Updates: 0
16:29:44.992 [main] DEBUG c.e.j.m.B.insertBookCategories - ==>  Preparing: INSERT INTO books_categories (book_id, category_id) VALUES (?, ?)
16:29:44.992 [main] DEBUG c.e.j.m.B.insertBookCategories - ==> Parameters: 17(Long), 1(Long)
16:29:44.992 [main] DEBUG c.e.j.m.B.insertBookCategories - <==    Updates: 1
16:29:44.993 [main] DEBUG c.e.j.mapper.BookMapper.insert - ==>  Preparing: INSERT INTO books (title, isbn, author_id, published_year) VALUES (?, ?, ?, ?)
16:29:44.993 [main] DEBUG c.e.j.mapper.BookMapper.insert - ==> Parameters: Java Concurrency in Practice(String), 9780321349606(String), 1(Long), 2006(Integer)
16:29:44.994 [main] DEBUG c.e.j.mapper.BookMapper.insert - <==    Updates: 1
16:29:44.994 [main] DEBUG c.e.j.m.B.deleteCategoriesByBookId - ==>  Preparing: DELETE FROM books_categories bc WHERE bc.book_id = ?
16:29:44.995 [main] DEBUG c.e.j.m.B.deleteCategoriesByBookId - ==> Parameters: 18(Long)
16:29:44.995 [main] DEBUG c.e.j.m.B.deleteCategoriesByBookId - <==    Updates: 0
16:29:44.995 [main] DEBUG c.e.j.m.B.insertBookCategories - ==>  Preparing: INSERT INTO books_categories (book_id, category_id) VALUES (?, ?)
16:29:44.995 [main] DEBUG c.e.j.m.B.insertBookCategories - ==> Parameters: 18(Long), 1(Long)
16:29:44.995 [main] DEBUG c.e.j.m.B.insertBookCategories - <==    Updates: 1
16:29:44.996 [main] DEBUG c.e.j.mapper.BookMapper.insert - ==>  Preparing: INSERT INTO books (title, isbn, author_id, published_year) VALUES (?, ?, ?, ?)
16:29:44.996 [main] DEBUG c.e.j.mapper.BookMapper.insert - ==> Parameters: Java Concurrency in Practice(String), 9780321349606(String), 1(Long), 2006(Integer)
16:29:44.996 [main] DEBUG c.e.j.mapper.BookMapper.insert - <==    Updates: 1
16:29:44.997 [main] DEBUG c.e.j.m.B.deleteCategoriesByBookId - ==>  Preparing: DELETE FROM books_categories bc WHERE bc.book_id = ?
16:29:44.997 [main] DEBUG c.e.j.m.B.deleteCategoriesByBookId - ==> Parameters: 19(Long)
16:29:44.997 [main] DEBUG c.e.j.m.B.deleteCategoriesByBookId - <==    Updates: 0
16:29:44.997 [main] DEBUG c.e.j.m.B.insertBookCategories - ==>  Preparing: INSERT INTO books_categories (book_id, category_id) VALUES (?, ?)
16:29:44.998 [main] DEBUG c.e.j.m.B.insertBookCategories - ==> Parameters: 19(Long), 1(Long)
16:29:44.998 [main] DEBUG c.e.j.m.B.insertBookCategories - <==    Updates: 1
16:29:44.998 [main] DEBUG c.e.j.mapper.BookMapper.insert - ==>  Preparing: INSERT INTO books (title, isbn, author_id, published_year) VALUES (?, ?, ?, ?)
16:29:44.998 [main] DEBUG c.e.j.mapper.BookMapper.insert - ==> Parameters: Java Concurrency in Practice(String), 9780321349606(String), 1(Long), 2006(Integer)
16:29:44.998 [main] DEBUG c.e.j.mapper.BookMapper.insert - <==    Updates: 1
16:29:45.000 [main] DEBUG c.e.j.m.B.deleteCategoriesByBookId - ==>  Preparing: DELETE FROM books_categories bc WHERE bc.book_id = ?
16:29:45.000 [main] DEBUG c.e.j.m.B.deleteCategoriesByBookId - ==> Parameters: 20(Long)
16:29:45.000 [main] DEBUG c.e.j.m.B.deleteCategoriesByBookId - <==    Updates: 0
16:29:45.000 [main] DEBUG c.e.j.m.B.insertBookCategories - ==>  Preparing: INSERT INTO books_categories (book_id, category_id) VALUES (?, ?)
16:29:45.001 [main] DEBUG c.e.j.m.B.insertBookCategories - ==> Parameters: 20(Long), 1(Long)
16:29:45.002 [main] DEBUG c.e.j.m.B.insertBookCategories - <==    Updates: 1
16:29:45.003 [main] DEBUG c.e.j.mapper.BookMapper.insert - ==>  Preparing: INSERT INTO books (title, isbn, author_id, published_year) VALUES (?, ?, ?, ?)
16:29:45.003 [main] DEBUG c.e.j.mapper.BookMapper.insert - ==> Parameters: Java Concurrency in Practice(String), 9780321349606(String), 1(Long), 2006(Integer)
16:29:45.004 [main] DEBUG c.e.j.mapper.BookMapper.insert - <==    Updates: 1
16:29:45.005 [main] DEBUG c.e.j.m.B.deleteCategoriesByBookId - ==>  Preparing: DELETE FROM books_categories bc WHERE bc.book_id = ?
16:29:45.005 [main] DEBUG c.e.j.m.B.deleteCategoriesByBookId - ==> Parameters: 21(Long)
16:29:45.005 [main] DEBUG c.e.j.m.B.deleteCategoriesByBookId - <==    Updates: 0
16:29:45.005 [main] DEBUG c.e.j.m.B.insertBookCategories - ==>  Preparing: INSERT INTO books_categories (book_id, category_id) VALUES (?, ?)
16:29:45.006 [main] DEBUG c.e.j.m.B.insertBookCategories - ==> Parameters: 21(Long), 1(Long)
16:29:45.006 [main] DEBUG c.e.j.m.B.insertBookCategories - <==    Updates: 1
16:29:45.007 [main] DEBUG c.e.j.mapper.BookMapper.insert - ==>  Preparing: INSERT INTO books (title, isbn, author_id, published_year) VALUES (?, ?, ?, ?)
16:29:45.007 [main] DEBUG c.e.j.mapper.BookMapper.insert - ==> Parameters: Java Concurrency in Practice(String), 9780321349606(String), 1(Long), 2006(Integer)
16:29:45.007 [main] DEBUG c.e.j.mapper.BookMapper.insert - <==    Updates: 1
16:29:45.008 [main] DEBUG c.e.j.m.B.deleteCategoriesByBookId - ==>  Preparing: DELETE FROM books_categories bc WHERE bc.book_id = ?
16:29:45.008 [main] DEBUG c.e.j.m.B.deleteCategoriesByBookId - ==> Parameters: 22(Long)
16:29:45.008 [main] DEBUG c.e.j.m.B.deleteCategoriesByBookId - <==    Updates: 0
16:29:45.008 [main] DEBUG c.e.j.m.B.insertBookCategories - ==>  Preparing: INSERT INTO books_categories (book_id, category_id) VALUES (?, ?)
16:29:45.009 [main] DEBUG c.e.j.m.B.insertBookCategories - ==> Parameters: 22(Long), 1(Long)
16:29:45.009 [main] DEBUG c.e.j.m.B.insertBookCategories - <==    Updates: 1
16:29:45.009 [main] DEBUG c.e.j.mapper.BookMapper.insert - ==>  Preparing: INSERT INTO books (title, isbn, author_id, published_year) VALUES (?, ?, ?, ?)
16:29:45.009 [main] DEBUG c.e.j.mapper.BookMapper.insert - ==> Parameters: Java Concurrency in Practice(String), 9780321349606(String), 1(Long), 2006(Integer)
16:29:45.010 [main] DEBUG c.e.j.mapper.BookMapper.insert - <==    Updates: 1
16:29:45.010 [main] DEBUG c.e.j.m.B.deleteCategoriesByBookId - ==>  Preparing: DELETE FROM books_categories bc WHERE bc.book_id = ?
16:29:45.011 [main] DEBUG c.e.j.m.B.deleteCategoriesByBookId - ==> Parameters: 23(Long)
16:29:45.011 [main] DEBUG c.e.j.m.B.deleteCategoriesByBookId - <==    Updates: 0
16:29:45.011 [main] DEBUG c.e.j.m.B.insertBookCategories - ==>  Preparing: INSERT INTO books_categories (book_id, category_id) VALUES (?, ?)
16:29:45.011 [main] DEBUG c.e.j.m.B.insertBookCategories - ==> Parameters: 23(Long), 1(Long)
16:29:45.011 [main] DEBUG c.e.j.m.B.insertBookCategories - <==    Updates: 1
16:29:45.012 [main] DEBUG c.e.j.mapper.BookMapper.insert - ==>  Preparing: INSERT INTO books (title, isbn, author_id, published_year) VALUES (?, ?, ?, ?)
16:29:45.012 [main] DEBUG c.e.j.mapper.BookMapper.insert - ==> Parameters: Java Concurrency in Practice(String), 9780321349606(String), 1(Long), 2006(Integer)
16:29:45.012 [main] DEBUG c.e.j.mapper.BookMapper.insert - <==    Updates: 1
16:29:45.013 [main] DEBUG c.e.j.m.B.deleteCategoriesByBookId - ==>  Preparing: DELETE FROM books_categories bc WHERE bc.book_id = ?
16:29:45.013 [main] DEBUG c.e.j.m.B.deleteCategoriesByBookId - ==> Parameters: 24(Long)
16:29:45.013 [main] DEBUG c.e.j.m.B.deleteCategoriesByBookId - <==    Updates: 0
16:29:45.013 [main] DEBUG c.e.j.m.B.insertBookCategories - ==>  Preparing: INSERT INTO books_categories (book_id, category_id) VALUES (?, ?)
16:29:45.013 [main] DEBUG c.e.j.m.B.insertBookCategories - ==> Parameters: 24(Long), 1(Long)
16:29:45.014 [main] DEBUG c.e.j.m.B.insertBookCategories - <==    Updates: 1
16:29:45.016 [main] DEBUG c.e.j.mapper.UserMapper.findByEmail - ==>  Preparing: SELECT * FROM users u WHERE u.email = ?
16:29:45.016 [main] DEBUG c.e.j.mapper.UserMapper.findByEmail - ==> Parameters: user@example.com(String)
16:29:45.025 [main] DEBUG c.e.j.mapper.UserMapper.findByEmail - <==      Total: 0
16:29:45.088 [main] DEBUG c.e.j.mapper.UserMapper.insert - ==>  Preparing: INSERT INTO users (email, name, password_hash, role) VALUES (?, ?, ?, ?)
16:29:45.089 [main] DEBUG c.e.j.mapper.UserMapper.insert - ==> Parameters: user@example.com(String), 測試使用者(String), $2a$10$2syX1cnIhOnexLVMfA80KuZAniqVz3X5a95cs/Q22iGA3QEGvnj.G(String), USER(String)
16:29:45.090 [main] DEBUG c.e.j.mapper.UserMapper.insert - <==    Updates: 1
16:29:45.090 [main] INFO  c.e.j.service.AuthServiceImpl - 新使用者註冊：userId=1, email=user@example.com
16:29:45.148 [main] DEBUG c.e.j.mapper.UserMapper.insert - ==>  Preparing: INSERT INTO users (email, name, password_hash, role) VALUES (?, ?, ?, ?)
16:29:45.149 [main] DEBUG c.e.j.mapper.UserMapper.insert - ==> Parameters: admin@example.com(String), 管理員(String), $2a$10$WLRUyWgbQRvlthKsHoRQcex2OVMp7e7tR/cjpv8TgrvyHV6LeBSYu(String), ADMIN(String)
16:29:45.149 [main] DEBUG c.e.j.mapper.UserMapper.insert - <==    Updates: 1
16:29:45.205 [main] DEBUG c.e.j.mapper.UserMapper.insert - ==>  Preparing: INSERT INTO users (email, name, password_hash, role) VALUES (?, ?, ?, ?)
16:29:45.206 [main] DEBUG c.e.j.mapper.UserMapper.insert - ==> Parameters: procurement@example.com(String), 採購人員(String), $2a$10$wbwh54.VkBWzTmORPSfrzu5hj9K7xQt8gIusAisStDtxxpXDr7K6O(String), PROCUREMENT(String)
16:29:45.207 [main] DEBUG c.e.j.mapper.UserMapper.insert - <==    Updates: 1
16:29:45.210 [main] DEBUG c.e.j.m.BookRequestMapper.insert - ==>  Preparing: INSERT INTO book_requests (requester_id, status, requested_at, idempotency_key) VALUES (?, ?, ?, ?)
16:29:45.211 [main] DEBUG c.e.j.m.BookRequestMapper.insert - ==> Parameters: 1(Long), PENDING(String), 2026-09-11 16:29:45.2093022(Timestamp), 8430bc08-d368-4f45-8aa4-a4166482ffca(String)
16:29:45.212 [main] DEBUG c.e.j.m.BookRequestMapper.insert - <==    Updates: 1
16:29:45.212 [main] DEBUG c.e.j.m.BookRequestItemMapper.insert - ==>  Preparing: INSERT INTO book_request_items (book_request_id, title, isbn, author_id, published_year, estimated_price) VALUES (?, ?, ?, ?, ?, ?)
16:29:45.212 [main] DEBUG c.e.j.m.BookRequestItemMapper.insert - ==> Parameters: 1(Long), Refactoring(String), null, null, null, null
16:29:45.213 [main] DEBUG c.e.j.m.BookRequestItemMapper.insert - <==    Updates: 1
16:29:45.214 [main] DEBUG c.e.j.mapper.AuditLogMapper.insert - ==>  Preparing: INSERT INTO audit_logs (user_id, audited_at, action, entity_type, entity_id, detail) VALUES (?, ?, ?, ?, ?, ?)
16:29:45.241 [main] DEBUG c.e.j.mapper.AuditLogMapper.insert - ==> Parameters: 1(Long), 2026-09-11 16:29:45.2093022(Timestamp), SUBMIT(String), BOOK_REQUEST(String), 1(Long), [B@12d5c30e(byte[])
16:29:45.243 [main] DEBUG c.e.j.mapper.AuditLogMapper.insert - <==    Updates: 1
16:29:45.244 [main] INFO  c.e.j.service.BookRequestServiceImpl - 送出申請：requestId=1, requesterId=1, 書籍數=1
16:29:45.245 [main] DEBUG c.e.j.m.BookRequestMapper.insert - ==>  Preparing: INSERT INTO book_requests (requester_id, status, requested_at, idempotency_key) VALUES (?, ?, ?, ?)
16:29:45.245 [main] DEBUG c.e.j.m.BookRequestMapper.insert - ==> Parameters: 1(Long), PENDING(String), 2026-09-11 16:29:45.2458454(Timestamp), 91485be1-8642-468e-a42a-1da149c358c5(String)
16:29:45.246 [main] DEBUG c.e.j.m.BookRequestMapper.insert - <==    Updates: 1
16:29:45.246 [main] DEBUG c.e.j.m.BookRequestItemMapper.insert - ==>  Preparing: INSERT INTO book_request_items (book_request_id, title, isbn, author_id, published_year, estimated_price) VALUES (?, ?, ?, ?, ?, ?)
16:29:45.246 [main] DEBUG c.e.j.m.BookRequestItemMapper.insert - ==> Parameters: 2(Long), The Pragmatic Programmer(String), 9780135957059(String), null, 2019(Integer), 850(BigDecimal)
16:29:45.246 [main] DEBUG c.e.j.m.BookRequestItemMapper.insert - <==    Updates: 1
16:29:45.247 [main] DEBUG c.e.j.m.BookRequestItemMapper.insert - ==>  Preparing: INSERT INTO book_request_items (book_request_id, title, isbn, author_id, published_year, estimated_price) VALUES (?, ?, ?, ?, ?, ?)
16:29:45.248 [main] DEBUG c.e.j.m.BookRequestItemMapper.insert - ==> Parameters: 2(Long), Head First Design Patterns(String), null, null, null, null
16:29:45.248 [main] DEBUG c.e.j.m.BookRequestItemMapper.insert - <==    Updates: 1
16:29:45.249 [main] DEBUG c.e.j.mapper.AuditLogMapper.insert - ==>  Preparing: INSERT INTO audit_logs (user_id, audited_at, action, entity_type, entity_id, detail) VALUES (?, ?, ?, ?, ?, ?)
16:29:45.250 [main] DEBUG c.e.j.mapper.AuditLogMapper.insert - ==> Parameters: 1(Long), 2026-09-11 16:29:45.2458454(Timestamp), SUBMIT(String), BOOK_REQUEST(String), 2(Long), [B@ae2db25(byte[])
16:29:45.250 [main] DEBUG c.e.j.mapper.AuditLogMapper.insert - <==    Updates: 1
16:29:45.250 [main] INFO  c.e.j.service.BookRequestServiceImpl - 送出申請：requestId=2, requesterId=1, 書籍數=2
16:29:45.251 [main] DEBUG c.e.j.m.BookRequestMapper.insert - ==>  Preparing: INSERT INTO book_requests (requester_id, status, requested_at, idempotency_key) VALUES (?, ?, ?, ?)
16:29:45.251 [main] DEBUG c.e.j.m.BookRequestMapper.insert - ==> Parameters: 1(Long), PENDING(String), 2026-09-11 16:29:45.2518469(Timestamp), 5e56b52e-5ebe-49a0-ba1f-3562089bf552(String)
16:29:45.251 [main] DEBUG c.e.j.m.BookRequestMapper.insert - <==    Updates: 1
16:29:45.251 [main] DEBUG c.e.j.m.BookRequestItemMapper.insert - ==>  Preparing: INSERT INTO book_request_items (book_request_id, title, isbn, author_id, published_year, estimated_price) VALUES (?, ?, ?, ?, ?, ?)
16:29:45.252 [main] DEBUG c.e.j.m.BookRequestItemMapper.insert - ==> Parameters: 3(Long), Test-Driven Development(String), 9780321146533(String), null, 2002(Integer), null
16:29:45.252 [main] DEBUG c.e.j.m.BookRequestItemMapper.insert - <==    Updates: 1
16:29:45.252 [main] DEBUG c.e.j.mapper.AuditLogMapper.insert - ==>  Preparing: INSERT INTO audit_logs (user_id, audited_at, action, entity_type, entity_id, detail) VALUES (?, ?, ?, ?, ?, ?)
16:29:45.252 [main] DEBUG c.e.j.mapper.AuditLogMapper.insert - ==> Parameters: 1(Long), 2026-09-11 16:29:45.2518469(Timestamp), SUBMIT(String), BOOK_REQUEST(String), 3(Long), [B@1a1f5f71(byte[])
16:29:45.252 [main] DEBUG c.e.j.mapper.AuditLogMapper.insert - <==    Updates: 1
16:29:45.252 [main] INFO  c.e.j.service.BookRequestServiceImpl - 送出申請：requestId=3, requesterId=1, 書籍數=1
16:29:45.253 [main] DEBUG c.e.j.m.BookRequestMapper.insert - ==>  Preparing: INSERT INTO book_requests (requester_id, status, requested_at, idempotency_key) VALUES (?, ?, ?, ?)
16:29:45.253 [main] DEBUG c.e.j.m.BookRequestMapper.insert - ==> Parameters: 1(Long), PENDING(String), 2026-09-11 16:29:45.2538452(Timestamp), cb56f28f-e2df-4346-8407-c2a45b8dfe9e(String)
16:29:45.253 [main] DEBUG c.e.j.m.BookRequestMapper.insert - <==    Updates: 1
16:29:45.253 [main] DEBUG c.e.j.m.BookRequestItemMapper.insert - ==>  Preparing: INSERT INTO book_request_items (book_request_id, title, isbn, author_id, published_year, estimated_price) VALUES (?, ?, ?, ?, ?, ?)
16:29:45.254 [main] DEBUG c.e.j.m.BookRequestItemMapper.insert - ==> Parameters: 4(Long), Working Effectively with Legacy Code(String), null, null, null, null
16:29:45.254 [main] DEBUG c.e.j.m.BookRequestItemMapper.insert - <==    Updates: 1
16:29:45.254 [main] DEBUG c.e.j.mapper.AuditLogMapper.insert - ==>  Preparing: INSERT INTO audit_logs (user_id, audited_at, action, entity_type, entity_id, detail) VALUES (?, ?, ?, ?, ?, ?)
16:29:45.254 [main] DEBUG c.e.j.mapper.AuditLogMapper.insert - ==> Parameters: 1(Long), 2026-09-11 16:29:45.2538452(Timestamp), SUBMIT(String), BOOK_REQUEST(String), 4(Long), [B@4acb7ecc(byte[])
16:29:45.256 [main] DEBUG c.e.j.mapper.AuditLogMapper.insert - <==    Updates: 1
16:29:45.256 [main] INFO  c.e.j.service.BookRequestServiceImpl - 送出申請：requestId=4, requesterId=1, 書籍數=1
16:29:45.256 [main] DEBUG c.e.j.m.BookRequestMapper.insert - ==>  Preparing: INSERT INTO book_requests (requester_id, status, requested_at, idempotency_key) VALUES (?, ?, ?, ?)
16:29:45.256 [main] DEBUG c.e.j.m.BookRequestMapper.insert - ==> Parameters: 1(Long), PENDING(String), 2026-09-11 16:29:45.2561509(Timestamp), 16a70da2-3a87-4abe-9e38-43bc98d8a469(String)
16:29:45.257 [main] DEBUG c.e.j.m.BookRequestMapper.insert - <==    Updates: 1
16:29:45.257 [main] DEBUG c.e.j.m.BookRequestItemMapper.insert - ==>  Preparing: INSERT INTO book_request_items (book_request_id, title, isbn, author_id, published_year, estimated_price) VALUES (?, ?, ?, ?, ?, ?)
16:29:45.257 [main] DEBUG c.e.j.m.BookRequestItemMapper.insert - ==> Parameters: 5(Long), Continuous Delivery(String), null, null, null, null
16:29:45.257 [main] DEBUG c.e.j.m.BookRequestItemMapper.insert - <==    Updates: 1
16:29:45.257 [main] DEBUG c.e.j.mapper.AuditLogMapper.insert - ==>  Preparing: INSERT INTO audit_logs (user_id, audited_at, action, entity_type, entity_id, detail) VALUES (?, ?, ?, ?, ?, ?)
16:29:45.257 [main] DEBUG c.e.j.mapper.AuditLogMapper.insert - ==> Parameters: 1(Long), 2026-09-11 16:29:45.2561509(Timestamp), SUBMIT(String), BOOK_REQUEST(String), 5(Long), [B@29149030(byte[])
16:29:45.258 [main] DEBUG c.e.j.mapper.AuditLogMapper.insert - <==    Updates: 1
16:29:45.258 [main] INFO  c.e.j.service.BookRequestServiceImpl - 送出申請：requestId=5, requesterId=1, 書籍數=1
16:29:45.258 [main] DEBUG c.e.j.m.BookRequestMapper.insert - ==>  Preparing: INSERT INTO book_requests (requester_id, status, requested_at, idempotency_key) VALUES (?, ?, ?, ?)
16:29:45.258 [main] DEBUG c.e.j.m.BookRequestMapper.insert - ==> Parameters: 1(Long), PENDING(String), 2026-09-11 16:29:45.2581673(Timestamp), e6695884-8c21-407a-a8d2-1097fa625f2d(String)
16:29:45.259 [main] DEBUG c.e.j.m.BookRequestMapper.insert - <==    Updates: 1
16:29:45.259 [main] DEBUG c.e.j.m.BookRequestItemMapper.insert - ==>  Preparing: INSERT INTO book_request_items (book_request_id, title, isbn, author_id, published_year, estimated_price) VALUES (?, ?, ?, ?, ?, ?)
16:29:45.259 [main] DEBUG c.e.j.m.BookRequestItemMapper.insert - ==> Parameters: 6(Long), Site Reliability Engineering(String), null, null, 2016(Integer), 1200(BigDecimal)
16:29:45.259 [main] DEBUG c.e.j.m.BookRequestItemMapper.insert - <==    Updates: 1
16:29:45.259 [main] DEBUG c.e.j.mapper.AuditLogMapper.insert - ==>  Preparing: INSERT INTO audit_logs (user_id, audited_at, action, entity_type, entity_id, detail) VALUES (?, ?, ?, ?, ?, ?)
16:29:45.260 [main] DEBUG c.e.j.mapper.AuditLogMapper.insert - ==> Parameters: 1(Long), 2026-09-11 16:29:45.2581673(Timestamp), SUBMIT(String), BOOK_REQUEST(String), 6(Long), [B@173a6728(byte[])
16:29:45.260 [main] DEBUG c.e.j.mapper.AuditLogMapper.insert - <==    Updates: 1
16:29:45.260 [main] INFO  c.e.j.service.BookRequestServiceImpl - 送出申請：requestId=6, requesterId=1, 書籍數=1
16:29:45.261 [main] DEBUG c.e.j.m.BookRequestMapper.approve - ==>  Preparing: UPDATE book_requests SET status = 'APPROVED', approver_id = ?, approved_at = ? WHERE id = ? AND status = 'PENDING' AND requester_id != ?
16:29:45.263 [main] DEBUG c.e.j.m.BookRequestMapper.approve - ==> Parameters: 2(Long), 2026-09-11 16:29:45.2611694(Timestamp), 6(Long), 2(Long)
16:29:45.264 [main] DEBUG c.e.j.m.BookRequestMapper.approve - <==    Updates: 1
16:29:45.264 [main] DEBUG c.e.j.m.BookRequestMapper.findById - ==>  Preparing: SELECT * FROM book_requests WHERE id = ?
16:29:45.264 [main] DEBUG c.e.j.m.BookRequestMapper.findById - ==> Parameters: 6(Long)
16:29:45.267 [main] DEBUG c.e.j.m.BookRequestMapper.findById - <==      Total: 1
16:29:45.268 [main] DEBUG c.e.j.m.B.findByBookRequestId - ==>  Preparing: SELECT * FROM book_request_items WHERE book_request_id = ?
16:29:45.268 [main] DEBUG c.e.j.m.B.findByBookRequestId - ==> Parameters: 6(Long)
16:29:45.269 [main] DEBUG c.e.j.m.B.findByBookRequestId - <==      Total: 1
16:29:45.270 [main] DEBUG c.e.j.m.ProcurementItemMapper.insert - ==>  Preparing: INSERT INTO procurement_items (book_request_item_id, status) VALUES (?, ?)
16:29:45.270 [main] DEBUG c.e.j.m.ProcurementItemMapper.insert - ==> Parameters: 7(Long), PENDING(String)
16:29:45.271 [main] DEBUG c.e.j.m.ProcurementItemMapper.insert - <==    Updates: 1
16:29:45.271 [main] DEBUG c.e.j.mapper.AuditLogMapper.insert - ==>  Preparing: INSERT INTO audit_logs (user_id, audited_at, action, entity_type, entity_id, detail) VALUES (?, ?, ?, ?, ?, ?)
16:29:45.272 [main] DEBUG c.e.j.mapper.AuditLogMapper.insert - ==> Parameters: 2(Long), 2026-09-11 16:29:45.2611694(Timestamp), CREATE(String), PROCUREMENT_ITEM(String), 1(Long), [B@648d0e6d(byte[])
16:29:45.272 [main] DEBUG c.e.j.mapper.AuditLogMapper.insert - <==    Updates: 1
16:29:45.272 [main] DEBUG c.e.j.mapper.AuditLogMapper.insert - ==>  Preparing: INSERT INTO audit_logs (user_id, audited_at, action, entity_type, entity_id, detail) VALUES (?, ?, ?, ?, ?, ?)
16:29:45.273 [main] DEBUG c.e.j.mapper.AuditLogMapper.insert - ==> Parameters: 2(Long), 2026-09-11 16:29:45.2611694(Timestamp), APPROVE(String), BOOK_REQUEST(String), 6(Long), [B@79e66b2f(byte[])
16:29:45.273 [main] DEBUG c.e.j.mapper.AuditLogMapper.insert - <==    Updates: 1
16:29:45.273 [main] INFO  c.e.j.service.BookRequestServiceImpl - 申請已核准：requestId=6, approverId=2
16:29:45.273 [main] DEBUG c.e.j.m.BookRequestMapper.insert - ==>  Preparing: INSERT INTO book_requests (requester_id, status, requested_at, idempotency_key) VALUES (?, ?, ?, ?)
16:29:45.274 [main] DEBUG c.e.j.m.BookRequestMapper.insert - ==> Parameters: 1(Long), PENDING(String), 2026-09-11 16:29:45.2731861(Timestamp), bfba1145-938b-46ba-ad2b-402600f08af9(String)
16:29:45.274 [main] DEBUG c.e.j.m.BookRequestMapper.insert - <==    Updates: 1
16:29:45.274 [main] DEBUG c.e.j.m.BookRequestItemMapper.insert - ==>  Preparing: INSERT INTO book_request_items (book_request_id, title, isbn, author_id, published_year, estimated_price) VALUES (?, ?, ?, ?, ?, ?)
16:29:45.274 [main] DEBUG c.e.j.m.BookRequestItemMapper.insert - ==> Parameters: 7(Long), Database Internals(String), null, null, null, null
16:29:45.274 [main] DEBUG c.e.j.m.BookRequestItemMapper.insert - <==    Updates: 1
16:29:45.274 [main] DEBUG c.e.j.m.BookRequestItemMapper.insert - ==>  Preparing: INSERT INTO book_request_items (book_request_id, title, isbn, author_id, published_year, estimated_price) VALUES (?, ?, ?, ?, ?, ?)
16:29:45.274 [main] DEBUG c.e.j.m.BookRequestItemMapper.insert - ==> Parameters: 7(Long), Designing Data-Intensive Applications(String), 9781449373320(String), null, 2017(Integer), 1500(BigDecimal)
16:29:45.275 [main] DEBUG c.e.j.m.BookRequestItemMapper.insert - <==    Updates: 1
16:29:45.275 [main] DEBUG c.e.j.mapper.AuditLogMapper.insert - ==>  Preparing: INSERT INTO audit_logs (user_id, audited_at, action, entity_type, entity_id, detail) VALUES (?, ?, ?, ?, ?, ?)
16:29:45.275 [main] DEBUG c.e.j.mapper.AuditLogMapper.insert - ==> Parameters: 1(Long), 2026-09-11 16:29:45.2731861(Timestamp), SUBMIT(String), BOOK_REQUEST(String), 7(Long), [B@984169e(byte[])
16:29:45.275 [main] DEBUG c.e.j.mapper.AuditLogMapper.insert - <==    Updates: 1
16:29:45.275 [main] INFO  c.e.j.service.BookRequestServiceImpl - 送出申請：requestId=7, requesterId=1, 書籍數=2
16:29:45.276 [main] DEBUG c.e.j.m.BookRequestMapper.approve - ==>  Preparing: UPDATE book_requests SET status = 'APPROVED', approver_id = ?, approved_at = ? WHERE id = ? AND status = 'PENDING' AND requester_id != ?
16:29:45.276 [main] DEBUG c.e.j.m.BookRequestMapper.approve - ==> Parameters: 2(Long), 2026-09-11 16:29:45.2761968(Timestamp), 7(Long), 2(Long)
16:29:45.276 [main] DEBUG c.e.j.m.BookRequestMapper.approve - <==    Updates: 1
16:29:45.276 [main] DEBUG c.e.j.m.BookRequestMapper.findById - ==>  Preparing: SELECT * FROM book_requests WHERE id = ?
16:29:45.277 [main] DEBUG c.e.j.m.BookRequestMapper.findById - ==> Parameters: 7(Long)
16:29:45.277 [main] DEBUG c.e.j.m.BookRequestMapper.findById - <==      Total: 1
16:29:45.277 [main] DEBUG c.e.j.m.B.findByBookRequestId - ==>  Preparing: SELECT * FROM book_request_items WHERE book_request_id = ?
16:29:45.277 [main] DEBUG c.e.j.m.B.findByBookRequestId - ==> Parameters: 7(Long)
16:29:45.278 [main] DEBUG c.e.j.m.B.findByBookRequestId - <==      Total: 2
16:29:45.278 [main] DEBUG c.e.j.m.ProcurementItemMapper.insert - ==>  Preparing: INSERT INTO procurement_items (book_request_item_id, status) VALUES (?, ?)
16:29:45.278 [main] DEBUG c.e.j.m.ProcurementItemMapper.insert - ==> Parameters: 8(Long), PENDING(String)
16:29:45.278 [main] DEBUG c.e.j.m.ProcurementItemMapper.insert - <==    Updates: 1
16:29:45.278 [main] DEBUG c.e.j.mapper.AuditLogMapper.insert - ==>  Preparing: INSERT INTO audit_logs (user_id, audited_at, action, entity_type, entity_id, detail) VALUES (?, ?, ?, ?, ?, ?)
16:29:45.279 [main] DEBUG c.e.j.mapper.AuditLogMapper.insert - ==> Parameters: 2(Long), 2026-09-11 16:29:45.2761968(Timestamp), CREATE(String), PROCUREMENT_ITEM(String), 2(Long), [B@5c5d6175(byte[])
16:29:45.279 [main] DEBUG c.e.j.mapper.AuditLogMapper.insert - <==    Updates: 1
16:29:45.279 [main] DEBUG c.e.j.m.ProcurementItemMapper.insert - ==>  Preparing: INSERT INTO procurement_items (book_request_item_id, status) VALUES (?, ?)
16:29:45.279 [main] DEBUG c.e.j.m.ProcurementItemMapper.insert - ==> Parameters: 9(Long), PENDING(String)
16:29:45.279 [main] DEBUG c.e.j.m.ProcurementItemMapper.insert - <==    Updates: 1
16:29:45.279 [main] DEBUG c.e.j.mapper.AuditLogMapper.insert - ==>  Preparing: INSERT INTO audit_logs (user_id, audited_at, action, entity_type, entity_id, detail) VALUES (?, ?, ?, ?, ?, ?)
16:29:45.279 [main] DEBUG c.e.j.mapper.AuditLogMapper.insert - ==> Parameters: 2(Long), 2026-09-11 16:29:45.2761968(Timestamp), CREATE(String), PROCUREMENT_ITEM(String), 3(Long), [B@7544ac86(byte[])
16:29:45.280 [main] DEBUG c.e.j.mapper.AuditLogMapper.insert - <==    Updates: 1
16:29:45.280 [main] DEBUG c.e.j.mapper.AuditLogMapper.insert - ==>  Preparing: INSERT INTO audit_logs (user_id, audited_at, action, entity_type, entity_id, detail) VALUES (?, ?, ?, ?, ?, ?)
16:29:45.280 [main] DEBUG c.e.j.mapper.AuditLogMapper.insert - ==> Parameters: 2(Long), 2026-09-11 16:29:45.2761968(Timestamp), APPROVE(String), BOOK_REQUEST(String), 7(Long), [B@3b27b497(byte[])
16:29:45.280 [main] DEBUG c.e.j.mapper.AuditLogMapper.insert - <==    Updates: 1
16:29:45.280 [main] INFO  c.e.j.service.BookRequestServiceImpl - 申請已核准：requestId=7, approverId=2
16:29:45.281 [main] DEBUG c.e.j.m.BookRequestMapper.insert - ==>  Preparing: INSERT INTO book_requests (requester_id, status, requested_at, idempotency_key) VALUES (?, ?, ?, ?)
16:29:45.281 [main] DEBUG c.e.j.m.BookRequestMapper.insert - ==> Parameters: 1(Long), PENDING(String), 2026-09-11 16:29:45.2811836(Timestamp), 869ea3c7-6960-4193-8d9c-67b8378a8385(String)
16:29:45.281 [main] DEBUG c.e.j.m.BookRequestMapper.insert - <==    Updates: 1
16:29:45.281 [main] DEBUG c.e.j.m.BookRequestItemMapper.insert - ==>  Preparing: INSERT INTO book_request_items (book_request_id, title, isbn, author_id, published_year, estimated_price) VALUES (?, ?, ?, ?, ?, ?)
16:29:45.282 [main] DEBUG c.e.j.m.BookRequestItemMapper.insert - ==> Parameters: 8(Long), The Clean Coder(String), null, null, null, null
16:29:45.282 [main] DEBUG c.e.j.m.BookRequestItemMapper.insert - <==    Updates: 1
16:29:45.282 [main] DEBUG c.e.j.mapper.AuditLogMapper.insert - ==>  Preparing: INSERT INTO audit_logs (user_id, audited_at, action, entity_type, entity_id, detail) VALUES (?, ?, ?, ?, ?, ?)
16:29:45.282 [main] DEBUG c.e.j.mapper.AuditLogMapper.insert - ==> Parameters: 1(Long), 2026-09-11 16:29:45.2811836(Timestamp), SUBMIT(String), BOOK_REQUEST(String), 8(Long), [B@6c841199(byte[])
16:29:45.282 [main] DEBUG c.e.j.mapper.AuditLogMapper.insert - <==    Updates: 1
16:29:45.282 [main] INFO  c.e.j.service.BookRequestServiceImpl - 送出申請：requestId=8, requesterId=1, 書籍數=1
16:29:45.282 [main] DEBUG c.e.j.m.BookRequestMapper.approve - ==>  Preparing: UPDATE book_requests SET status = 'APPROVED', approver_id = ?, approved_at = ? WHERE id = ? AND status = 'PENDING' AND requester_id != ?
16:29:45.282 [main] DEBUG c.e.j.m.BookRequestMapper.approve - ==> Parameters: 2(Long), 2026-09-11 16:29:45.2826893(Timestamp), 8(Long), 2(Long)
16:29:45.282 [main] DEBUG c.e.j.m.BookRequestMapper.approve - <==    Updates: 1
16:29:45.282 [main] DEBUG c.e.j.m.BookRequestMapper.findById - ==>  Preparing: SELECT * FROM book_requests WHERE id = ?
16:29:45.282 [main] DEBUG c.e.j.m.BookRequestMapper.findById - ==> Parameters: 8(Long)
16:29:45.284 [main] DEBUG c.e.j.m.BookRequestMapper.findById - <==      Total: 1
16:29:45.284 [main] DEBUG c.e.j.m.B.findByBookRequestId - ==>  Preparing: SELECT * FROM book_request_items WHERE book_request_id = ?
16:29:45.284 [main] DEBUG c.e.j.m.B.findByBookRequestId - ==> Parameters: 8(Long)
16:29:45.284 [main] DEBUG c.e.j.m.B.findByBookRequestId - <==      Total: 1
16:29:45.284 [main] DEBUG c.e.j.m.ProcurementItemMapper.insert - ==>  Preparing: INSERT INTO procurement_items (book_request_item_id, status) VALUES (?, ?)
16:29:45.285 [main] DEBUG c.e.j.m.ProcurementItemMapper.insert - ==> Parameters: 10(Long), PENDING(String)
16:29:45.285 [main] DEBUG c.e.j.m.ProcurementItemMapper.insert - <==    Updates: 1
16:29:45.285 [main] DEBUG c.e.j.mapper.AuditLogMapper.insert - ==>  Preparing: INSERT INTO audit_logs (user_id, audited_at, action, entity_type, entity_id, detail) VALUES (?, ?, ?, ?, ?, ?)
16:29:45.285 [main] DEBUG c.e.j.mapper.AuditLogMapper.insert - ==> Parameters: 2(Long), 2026-09-11 16:29:45.2826893(Timestamp), CREATE(String), PROCUREMENT_ITEM(String), 4(Long), [B@512d6e60(byte[])
16:29:45.285 [main] DEBUG c.e.j.mapper.AuditLogMapper.insert - <==    Updates: 1
16:29:45.285 [main] DEBUG c.e.j.mapper.AuditLogMapper.insert - ==>  Preparing: INSERT INTO audit_logs (user_id, audited_at, action, entity_type, entity_id, detail) VALUES (?, ?, ?, ?, ?, ?)
16:29:45.285 [main] DEBUG c.e.j.mapper.AuditLogMapper.insert - ==> Parameters: 2(Long), 2026-09-11 16:29:45.2826893(Timestamp), APPROVE(String), BOOK_REQUEST(String), 8(Long), [B@1de9b505(byte[])
16:29:45.286 [main] DEBUG c.e.j.mapper.AuditLogMapper.insert - <==    Updates: 1
16:29:45.286 [main] INFO  c.e.j.service.BookRequestServiceImpl - 申請已核准：requestId=8, approverId=2
16:29:45.286 [main] DEBUG c.e.j.m.BookRequestMapper.insert - ==>  Preparing: INSERT INTO book_requests (requester_id, status, requested_at, idempotency_key) VALUES (?, ?, ?, ?)
16:29:45.287 [main] DEBUG c.e.j.m.BookRequestMapper.insert - ==> Parameters: 1(Long), PENDING(String), 2026-09-11 16:29:45.286576(Timestamp), f295fc98-4480-4fe3-b969-4646274c1363(String)
16:29:45.287 [main] DEBUG c.e.j.m.BookRequestMapper.insert - <==    Updates: 1
16:29:45.287 [main] DEBUG c.e.j.m.BookRequestItemMapper.insert - ==>  Preparing: INSERT INTO book_request_items (book_request_id, title, isbn, author_id, published_year, estimated_price) VALUES (?, ?, ?, ?, ?, ?)
16:29:45.287 [main] DEBUG c.e.j.m.BookRequestItemMapper.insert - ==> Parameters: 9(Long), Release It!(String), null, null, null, null
16:29:45.288 [main] DEBUG c.e.j.m.BookRequestItemMapper.insert - <==    Updates: 1
16:29:45.288 [main] DEBUG c.e.j.mapper.AuditLogMapper.insert - ==>  Preparing: INSERT INTO audit_logs (user_id, audited_at, action, entity_type, entity_id, detail) VALUES (?, ?, ?, ?, ?, ?)
16:29:45.289 [main] DEBUG c.e.j.mapper.AuditLogMapper.insert - ==> Parameters: 1(Long), 2026-09-11 16:29:45.286576(Timestamp), SUBMIT(String), BOOK_REQUEST(String), 9(Long), [B@1afd72ef(byte[])
16:29:45.289 [main] DEBUG c.e.j.mapper.AuditLogMapper.insert - <==    Updates: 1
16:29:45.289 [main] INFO  c.e.j.service.BookRequestServiceImpl - 送出申請：requestId=9, requesterId=1, 書籍數=1
16:29:45.290 [main] DEBUG c.e.j.m.BookRequestMapper.approve - ==>  Preparing: UPDATE book_requests SET status = 'APPROVED', approver_id = ?, approved_at = ? WHERE id = ? AND status = 'PENDING' AND requester_id != ?
16:29:45.290 [main] DEBUG c.e.j.m.BookRequestMapper.approve - ==> Parameters: 2(Long), 2026-09-11 16:29:45.2905837(Timestamp), 9(Long), 2(Long)
16:29:45.290 [main] DEBUG c.e.j.m.BookRequestMapper.approve - <==    Updates: 1
16:29:45.290 [main] DEBUG c.e.j.m.BookRequestMapper.findById - ==>  Preparing: SELECT * FROM book_requests WHERE id = ?
16:29:45.291 [main] DEBUG c.e.j.m.BookRequestMapper.findById - ==> Parameters: 9(Long)
16:29:45.291 [main] DEBUG c.e.j.m.BookRequestMapper.findById - <==      Total: 1
16:29:45.291 [main] DEBUG c.e.j.m.B.findByBookRequestId - ==>  Preparing: SELECT * FROM book_request_items WHERE book_request_id = ?
16:29:45.291 [main] DEBUG c.e.j.m.B.findByBookRequestId - ==> Parameters: 9(Long)
16:29:45.291 [main] DEBUG c.e.j.m.B.findByBookRequestId - <==      Total: 1
16:29:45.292 [main] DEBUG c.e.j.m.ProcurementItemMapper.insert - ==>  Preparing: INSERT INTO procurement_items (book_request_item_id, status) VALUES (?, ?)
16:29:45.292 [main] DEBUG c.e.j.m.ProcurementItemMapper.insert - ==> Parameters: 11(Long), PENDING(String)
16:29:45.292 [main] DEBUG c.e.j.m.ProcurementItemMapper.insert - <==    Updates: 1
16:29:45.292 [main] DEBUG c.e.j.mapper.AuditLogMapper.insert - ==>  Preparing: INSERT INTO audit_logs (user_id, audited_at, action, entity_type, entity_id, detail) VALUES (?, ?, ?, ?, ?, ?)
16:29:45.292 [main] DEBUG c.e.j.mapper.AuditLogMapper.insert - ==> Parameters: 2(Long), 2026-09-11 16:29:45.2905837(Timestamp), CREATE(String), PROCUREMENT_ITEM(String), 5(Long), [B@6cd3ad8a(byte[])
16:29:45.292 [main] DEBUG c.e.j.mapper.AuditLogMapper.insert - <==    Updates: 1
16:29:45.292 [main] DEBUG c.e.j.mapper.AuditLogMapper.insert - ==>  Preparing: INSERT INTO audit_logs (user_id, audited_at, action, entity_type, entity_id, detail) VALUES (?, ?, ?, ?, ?, ?)
16:29:45.292 [main] DEBUG c.e.j.mapper.AuditLogMapper.insert - ==> Parameters: 2(Long), 2026-09-11 16:29:45.2905837(Timestamp), APPROVE(String), BOOK_REQUEST(String), 9(Long), [B@75181b50(byte[])
16:29:45.293 [main] DEBUG c.e.j.mapper.AuditLogMapper.insert - <==    Updates: 1
16:29:45.293 [main] INFO  c.e.j.service.BookRequestServiceImpl - 申請已核准：requestId=9, approverId=2
16:29:45.293 [main] DEBUG c.e.j.m.BookRequestMapper.insert - ==>  Preparing: INSERT INTO book_requests (requester_id, status, requested_at, idempotency_key) VALUES (?, ?, ?, ?)
16:29:45.293 [main] DEBUG c.e.j.m.BookRequestMapper.insert - ==> Parameters: 1(Long), PENDING(String), 2026-09-11 16:29:45.2935835(Timestamp), f92f1432-c04f-4cc3-8c08-4eca07701508(String)
16:29:45.293 [main] DEBUG c.e.j.m.BookRequestMapper.insert - <==    Updates: 1
16:29:45.293 [main] DEBUG c.e.j.m.BookRequestItemMapper.insert - ==>  Preparing: INSERT INTO book_request_items (book_request_id, title, isbn, author_id, published_year, estimated_price) VALUES (?, ?, ?, ?, ?, ?)
16:29:45.294 [main] DEBUG c.e.j.m.BookRequestItemMapper.insert - ==> Parameters: 10(Long), Overpriced Book(String), null, null, null, 99999(BigDecimal)
16:29:45.294 [main] DEBUG c.e.j.m.BookRequestItemMapper.insert - <==    Updates: 1
16:29:45.294 [main] DEBUG c.e.j.mapper.AuditLogMapper.insert - ==>  Preparing: INSERT INTO audit_logs (user_id, audited_at, action, entity_type, entity_id, detail) VALUES (?, ?, ?, ?, ?, ?)
16:29:45.294 [main] DEBUG c.e.j.mapper.AuditLogMapper.insert - ==> Parameters: 1(Long), 2026-09-11 16:29:45.2935835(Timestamp), SUBMIT(String), BOOK_REQUEST(String), 10(Long), [B@2eeb0f9b(byte[])
16:29:45.294 [main] DEBUG c.e.j.mapper.AuditLogMapper.insert - <==    Updates: 1
16:29:45.294 [main] INFO  c.e.j.service.BookRequestServiceImpl - 送出申請：requestId=10, requesterId=1, 書籍數=1
16:29:45.295 [main] DEBUG c.e.j.m.BookRequestMapper.reject - ==>  Preparing: UPDATE book_requests SET status = 'REJECTED', approver_id = ?, approved_at = ? WHERE id = ? AND status = 'PENDING' AND requester_id != ?
16:29:45.295 [main] DEBUG c.e.j.m.BookRequestMapper.reject - ==> Parameters: 2(Long), 2026-09-11 16:29:45.2955836(Timestamp), 10(Long), 2(Long)
16:29:45.296 [main] DEBUG c.e.j.m.BookRequestMapper.reject - <==    Updates: 1
16:29:45.296 [main] DEBUG c.e.j.m.BookRequestMapper.findById - ==>  Preparing: SELECT * FROM book_requests WHERE id = ?
16:29:45.296 [main] DEBUG c.e.j.m.BookRequestMapper.findById - ==> Parameters: 10(Long)
16:29:45.296 [main] DEBUG c.e.j.m.BookRequestMapper.findById - <==      Total: 1
16:29:45.297 [main] DEBUG c.e.j.mapper.AuditLogMapper.insert - ==>  Preparing: INSERT INTO audit_logs (user_id, audited_at, action, entity_type, entity_id, detail) VALUES (?, ?, ?, ?, ?, ?)
16:29:45.297 [main] DEBUG c.e.j.mapper.AuditLogMapper.insert - ==> Parameters: 2(Long), 2026-09-11 16:29:45.2955836(Timestamp), REJECT(String), BOOK_REQUEST(String), 10(Long), [B@6cbd0674(byte[])
16:29:45.297 [main] DEBUG c.e.j.mapper.AuditLogMapper.insert - <==    Updates: 1
16:29:45.297 [main] INFO  c.e.j.service.BookRequestServiceImpl - 申請已拒絕：requestId=10, approverId=2
16:29:45.298 [main] DEBUG c.e.j.m.BookRequestMapper.insert - ==>  Preparing: INSERT INTO book_requests (requester_id, status, requested_at, idempotency_key) VALUES (?, ?, ?, ?)
16:29:45.298 [main] DEBUG c.e.j.m.BookRequestMapper.insert - ==> Parameters: 1(Long), PENDING(String), 2026-09-11 16:29:45.2985912(Timestamp), 5d3052d7-72dd-41df-b6d5-f3a402295fa1(String)
16:29:45.298 [main] DEBUG c.e.j.m.BookRequestMapper.insert - <==    Updates: 1
16:29:45.298 [main] DEBUG c.e.j.m.BookRequestItemMapper.insert - ==>  Preparing: INSERT INTO book_request_items (book_request_id, title, isbn, author_id, published_year, estimated_price) VALUES (?, ?, ?, ?, ?, ?)
16:29:45.298 [main] DEBUG c.e.j.m.BookRequestItemMapper.insert - ==> Parameters: 11(Long), Duplicate Request Example(String), null, null, null, null
16:29:45.298 [main] DEBUG c.e.j.m.BookRequestItemMapper.insert - <==    Updates: 1
16:29:45.298 [main] DEBUG c.e.j.mapper.AuditLogMapper.insert - ==>  Preparing: INSERT INTO audit_logs (user_id, audited_at, action, entity_type, entity_id, detail) VALUES (?, ?, ?, ?, ?, ?)
16:29:45.299 [main] DEBUG c.e.j.mapper.AuditLogMapper.insert - ==> Parameters: 1(Long), 2026-09-11 16:29:45.2985912(Timestamp), SUBMIT(String), BOOK_REQUEST(String), 11(Long), [B@29a98d9f(byte[])
16:29:45.299 [main] DEBUG c.e.j.mapper.AuditLogMapper.insert - <==    Updates: 1
16:29:45.299 [main] INFO  c.e.j.service.BookRequestServiceImpl - 送出申請：requestId=11, requesterId=1, 書籍數=1
16:29:45.299 [main] DEBUG c.e.j.m.BookRequestMapper.reject - ==>  Preparing: UPDATE book_requests SET status = 'REJECTED', approver_id = ?, approved_at = ? WHERE id = ? AND status = 'PENDING' AND requester_id != ?
16:29:45.299 [main] DEBUG c.e.j.m.BookRequestMapper.reject - ==> Parameters: 2(Long), 2026-09-11 16:29:45.2995834(Timestamp), 11(Long), 2(Long)
16:29:45.300 [main] DEBUG c.e.j.m.BookRequestMapper.reject - <==    Updates: 1
16:29:45.300 [main] DEBUG c.e.j.m.BookRequestMapper.findById - ==>  Preparing: SELECT * FROM book_requests WHERE id = ?
16:29:45.300 [main] DEBUG c.e.j.m.BookRequestMapper.findById - ==> Parameters: 11(Long)
16:29:45.300 [main] DEBUG c.e.j.m.BookRequestMapper.findById - <==      Total: 1
16:29:45.300 [main] DEBUG c.e.j.mapper.AuditLogMapper.insert - ==>  Preparing: INSERT INTO audit_logs (user_id, audited_at, action, entity_type, entity_id, detail) VALUES (?, ?, ?, ?, ?, ?)
16:29:45.301 [main] DEBUG c.e.j.mapper.AuditLogMapper.insert - ==> Parameters: 2(Long), 2026-09-11 16:29:45.2995834(Timestamp), REJECT(String), BOOK_REQUEST(String), 11(Long), [B@7fb66650(byte[])
16:29:45.301 [main] DEBUG c.e.j.mapper.AuditLogMapper.insert - <==    Updates: 1
16:29:45.301 [main] INFO  c.e.j.service.BookRequestServiceImpl - 申請已拒絕：requestId=11, approverId=2
16:29:45.301 [main] DEBUG c.e.j.m.BookRequestMapper.insert - ==>  Preparing: INSERT INTO book_requests (requester_id, status, requested_at, idempotency_key) VALUES (?, ?, ?, ?)
16:29:45.301 [main] DEBUG c.e.j.m.BookRequestMapper.insert - ==> Parameters: 1(Long), PENDING(String), 2026-09-11 16:29:45.3017154(Timestamp), fe67e210-3eed-4abf-b78e-b08cf13c883d(String)
16:29:45.301 [main] DEBUG c.e.j.m.BookRequestMapper.insert - <==    Updates: 1
16:29:45.302 [main] DEBUG c.e.j.m.BookRequestItemMapper.insert - ==>  Preparing: INSERT INTO book_request_items (book_request_id, title, isbn, author_id, published_year, estimated_price) VALUES (?, ?, ?, ?, ?, ?)
16:29:45.302 [main] DEBUG c.e.j.m.BookRequestItemMapper.insert - ==> Parameters: 12(Long), Out of Scope Book(String), null, null, null, null
16:29:45.302 [main] DEBUG c.e.j.m.BookRequestItemMapper.insert - <==    Updates: 1
16:29:45.302 [main] DEBUG c.e.j.mapper.AuditLogMapper.insert - ==>  Preparing: INSERT INTO audit_logs (user_id, audited_at, action, entity_type, entity_id, detail) VALUES (?, ?, ?, ?, ?, ?)
16:29:45.302 [main] DEBUG c.e.j.mapper.AuditLogMapper.insert - ==> Parameters: 1(Long), 2026-09-11 16:29:45.3017154(Timestamp), SUBMIT(String), BOOK_REQUEST(String), 12(Long), [B@ae202c6(byte[])
16:29:45.302 [main] DEBUG c.e.j.mapper.AuditLogMapper.insert - <==    Updates: 1
16:29:45.302 [main] INFO  c.e.j.service.BookRequestServiceImpl - 送出申請：requestId=12, requesterId=1, 書籍數=1
16:29:45.303 [main] DEBUG c.e.j.m.BookRequestMapper.reject - ==>  Preparing: UPDATE book_requests SET status = 'REJECTED', approver_id = ?, approved_at = ? WHERE id = ? AND status = 'PENDING' AND requester_id != ?
16:29:45.303 [main] DEBUG c.e.j.m.BookRequestMapper.reject - ==> Parameters: 2(Long), 2026-09-11 16:29:45.3037142(Timestamp), 12(Long), 2(Long)
16:29:45.303 [main] DEBUG c.e.j.m.BookRequestMapper.reject - <==    Updates: 1
16:29:45.303 [main] DEBUG c.e.j.m.BookRequestMapper.findById - ==>  Preparing: SELECT * FROM book_requests WHERE id = ?
16:29:45.303 [main] DEBUG c.e.j.m.BookRequestMapper.findById - ==> Parameters: 12(Long)
16:29:45.304 [main] DEBUG c.e.j.m.BookRequestMapper.findById - <==      Total: 1
16:29:45.304 [main] DEBUG c.e.j.mapper.AuditLogMapper.insert - ==>  Preparing: INSERT INTO audit_logs (user_id, audited_at, action, entity_type, entity_id, detail) VALUES (?, ?, ?, ?, ?, ?)
16:29:45.304 [main] DEBUG c.e.j.mapper.AuditLogMapper.insert - ==> Parameters: 2(Long), 2026-09-11 16:29:45.3037142(Timestamp), REJECT(String), BOOK_REQUEST(String), 12(Long), [B@7412ed6b(byte[])
16:29:45.304 [main] DEBUG c.e.j.mapper.AuditLogMapper.insert - <==    Updates: 1
16:29:45.304 [main] INFO  c.e.j.service.BookRequestServiceImpl - 申請已拒絕：requestId=12, approverId=2
16:29:45.305 [main] DEBUG c.e.j.m.B.findByStatus - ==>  Preparing: SELECT * FROM book_requests WHERE status = ? ORDER BY requested_at
16:29:45.306 [main] DEBUG c.e.j.m.B.findByStatus - ==> Parameters: PENDING(String)
16:29:45.306 [main] DEBUG c.e.j.m.B.findByStatus - <==      Total: 5
16:29:45.306 [main] DEBUG c.e.j.m.B.findByStatus - ==>  Preparing: SELECT * FROM book_requests WHERE status = ? ORDER BY requested_at
16:29:45.307 [main] DEBUG c.e.j.m.B.findByStatus - ==> Parameters: APPROVED(String)
16:29:45.307 [main] DEBUG c.e.j.m.B.findByStatus - <==      Total: 4
16:29:45.308 [main] DEBUG c.e.j.m.B.findByStatus - ==>  Preparing: SELECT * FROM book_requests WHERE status = ? ORDER BY requested_at
16:29:45.308 [main] DEBUG c.e.j.m.B.findByStatus - ==> Parameters: REJECTED(String)
16:29:45.313 [main] DEBUG c.e.j.m.B.findByStatus - <==      Total: 3
16:29:45.314 [main] DEBUG c.e.j.m.BookRequestMapper.findAll - ==>  Preparing: SELECT * FROM book_requests
16:29:45.314 [main] DEBUG c.e.j.m.BookRequestMapper.findAll - ==> Parameters: 
16:29:45.315 [main] DEBUG c.e.j.m.BookRequestMapper.findAll - <==      Total: 12
]]></system-out>
    <system-err><![CDATA[ERROR StatusLogger Log4j2 could not find a logging implementation. Please add log4j-core to the classpath. Using SimpleLogger to log to the console...
]]></system-err>
  </testcase>
</testsuite>