<?xml version="1.0" encoding="UTF-8"?>
<testsuite xmlns:xsi="http://www.w3.org/2001/XMLSchema-instance" xsi:noNamespaceSchemaLocation="https://maven.apache.org/surefire/maven-surefire-plugin/xsd/surefire-test-report.xsd" version="3.0.2" name="com.example.jsppractice.mapper.BookRequestWorkflowMapperTest" time="0.083" tests="8" errors="0" skipped="0" failures="0">
  <properties>
[...]
</properties>
  <testcase name="bookRequestItemInsertAndFindByBookRequestIdWork" classname="com.example.jsppractice.mapper.BookRequestWorkflowMapperTest" time="0.01">
    <system-out><![CDATA[14:58:23.308 [main] DEBUG c.e.j.m.BookRequestMapper.insert - ==>  Preparing: INSERT INTO book_requests (requester_id, status, requested_at, idempotency_key) VALUES (?, ?, ?, ?)
14:58:23.308 [main] DEBUG c.e.j.m.BookRequestMapper.insert - ==> Parameters: 8(Long), PENDING(String), 2026-09-14 14:58:23.3080332(Timestamp), d524bb32-08a7-4733-9c6e-057372939cea(String)
14:58:23.308 [main] DEBUG c.e.j.m.BookRequestMapper.insert - <==    Updates: 1
14:58:23.308 [main] DEBUG c.e.j.m.BookRequestItemMapper.insert - ==>  Preparing: INSERT INTO book_request_items (book_request_id, title, isbn, author_id, published_year, estimated_price) VALUES (?, ?, ?, ?, ?, ?)
14:58:23.308 [main] DEBUG c.e.j.m.BookRequestItemMapper.insert - ==> Parameters: 15(Long), Effective Java(String), 9780134685991(String), null, 2018(Integer), 1200.00(BigDecimal)
14:58:23.308 [main] DEBUG c.e.j.m.BookRequestItemMapper.insert - <==    Updates: 1
14:58:23.308 [main] DEBUG c.e.j.m.B.findByBookRequestId - ==>  Preparing: SELECT * FROM book_request_items WHERE book_request_id = ?
14:58:23.308 [main] DEBUG c.e.j.m.B.findByBookRequestId - ==> Parameters: 15(Long)
14:58:23.308 [main] DEBUG c.e.j.m.B.findByBookRequestId - <==      Total: 1
]]></system-out>
  </testcase>
  <testcase name="procurementItemInsertAndUpdateWork" classname="com.example.jsppractice.mapper.BookRequestWorkflowMapperTest" time="0.015">
    <system-out><![CDATA[14:58:23.322 [main] DEBUG c.e.j.m.BookRequestMapper.insert - ==>  Preparing: INSERT INTO book_requests (requester_id, status, requested_at, idempotency_key) VALUES (?, ?, ?, ?)
14:58:23.323 [main] DEBUG c.e.j.m.BookRequestMapper.insert - ==> Parameters: 9(Long), APPROVED(String), 2026-09-14 14:58:23.3227955(Timestamp), dc1b3b1a-a66f-48c8-bed7-278aa15dee93(String)
14:58:23.323 [main] DEBUG c.e.j.m.BookRequestMapper.insert - <==    Updates: 1
14:58:23.324 [main] DEBUG c.e.j.m.BookRequestItemMapper.insert - ==>  Preparing: INSERT INTO book_request_items (book_request_id, title, isbn, author_id, published_year, estimated_price) VALUES (?, ?, ?, ?, ?, ?)
14:58:23.324 [main] DEBUG c.e.j.m.BookRequestItemMapper.insert - ==> Parameters: 16(Long), Clean Code(String), null, null, null, null
14:58:23.324 [main] DEBUG c.e.j.m.BookRequestItemMapper.insert - <==    Updates: 1
14:58:23.324 [main] DEBUG c.e.j.m.ProcurementItemMapper.insert - ==>  Preparing: INSERT INTO procurement_items (book_request_item_id, status) VALUES (?, ?)
14:58:23.324 [main] DEBUG c.e.j.m.ProcurementItemMapper.insert - ==> Parameters: 18(Long), PENDING(String)
14:58:23.324 [main] DEBUG c.e.j.m.ProcurementItemMapper.insert - <==    Updates: 1
14:58:23.324 [main] DEBUG c.e.j.m.P.findByStatus - ==>  Preparing: SELECT * FROM procurement_items WHERE status = ?
14:58:23.324 [main] DEBUG c.e.j.m.P.findByStatus - ==> Parameters: PENDING(String)
14:58:23.324 [main] DEBUG c.e.j.m.P.findByStatus - <==      Total: 1
14:58:23.324 [main] DEBUG c.e.j.m.ProcurementItemMapper.update - ==>  Preparing: UPDATE procurement_items SET status = ?, procured_by = ?, procured_at = ?, book_id = ? WHERE id = ?
14:58:23.324 [main] DEBUG c.e.j.m.ProcurementItemMapper.update - ==> Parameters: COMPLETED(String), 10(Long), 2026-09-14 14:58:23.3246584(Timestamp), null, 7(Long)
14:58:23.324 [main] DEBUG c.e.j.m.ProcurementItemMapper.update - <==    Updates: 1
14:58:23.324 [main] DEBUG c.e.j.m.P.findById - ==>  Preparing: SELECT * FROM procurement_items WHERE id = ?
14:58:23.324 [main] DEBUG c.e.j.m.P.findById - ==> Parameters: 7(Long)
14:58:23.324 [main] DEBUG c.e.j.m.P.findById - <==      Total: 1
]]></system-out>
  </testcase>
  <testcase name="bookRequestInsertAndFindByStatusWork" classname="com.example.jsppractice.mapper.BookRequestWorkflowMapperTest" time="0.008">
    <system-out><![CDATA[14:58:23.333 [main] DEBUG c.e.j.m.BookRequestMapper.insert - ==>  Preparing: INSERT INTO book_requests (requester_id, status, requested_at, idempotency_key) VALUES (?, ?, ?, ?)
14:58:23.337 [main] DEBUG c.e.j.m.BookRequestMapper.insert - ==> Parameters: 11(Long), PENDING(String), 2026-09-14 14:58:23.3333009(Timestamp), d93404f1-a9b9-4fb3-9bcc-48a2de2affd7(String)
14:58:23.337 [main] DEBUG c.e.j.m.BookRequestMapper.insert - <==    Updates: 1
14:58:23.337 [main] DEBUG c.e.j.m.BookRequestMapper.findById - ==>  Preparing: SELECT * FROM book_requests WHERE id = ?
14:58:23.337 [main] DEBUG c.e.j.m.BookRequestMapper.findById - ==> Parameters: 17(Long)
14:58:23.339 [main] DEBUG c.e.j.m.BookRequestMapper.findById - <==      Total: 1
14:58:23.340 [main] DEBUG c.e.j.m.B.findByStatus - ==>  Preparing: SELECT * FROM book_requests WHERE status = ? ORDER BY requested_at
14:58:23.340 [main] DEBUG c.e.j.m.B.findByStatus - ==> Parameters: PENDING(String)
14:58:23.341 [main] DEBUG c.e.j.m.B.findByStatus - <==      Total: 1
]]></system-out>
  </testcase>
  <testcase name="findSummaryJoinsBookRequestItemDetailsAndFiltersByStatus" classname="com.example.jsppractice.mapper.BookRequestWorkflowMapperTest" time="0.016">
    <system-out><![CDATA[14:58:23.341 [main] DEBUG c.e.j.m.BookRequestMapper.insert - ==>  Preparing: INSERT INTO book_requests (requester_id, status, requested_at, idempotency_key) VALUES (?, ?, ?, ?)
14:58:23.341 [main] DEBUG c.e.j.m.BookRequestMapper.insert - ==> Parameters: 12(Long), APPROVED(String), 2026-09-14 14:58:23.3411614(Timestamp), 14ccf042-0f52-494c-b565-3a7c726aefe4(String)
14:58:23.341 [main] DEBUG c.e.j.m.BookRequestMapper.insert - <==    Updates: 1
14:58:23.341 [main] DEBUG c.e.j.m.BookRequestItemMapper.insert - ==>  Preparing: INSERT INTO book_request_items (book_request_id, title, isbn, author_id, published_year, estimated_price) VALUES (?, ?, ?, ?, ?, ?)
14:58:23.341 [main] DEBUG c.e.j.m.BookRequestItemMapper.insert - ==> Parameters: 18(Long), Effective Java(String), 9780134685991(String), null, 2018(Integer), 1200.00(BigDecimal)
14:58:23.341 [main] DEBUG c.e.j.m.BookRequestItemMapper.insert - <==    Updates: 1
14:58:23.341 [main] DEBUG c.e.j.m.ProcurementItemMapper.insert - ==>  Preparing: INSERT INTO procurement_items (book_request_item_id, status) VALUES (?, ?)
14:58:23.341 [main] DEBUG c.e.j.m.ProcurementItemMapper.insert - ==> Parameters: 19(Long), PENDING(String)
14:58:23.341 [main] DEBUG c.e.j.m.ProcurementItemMapper.insert - <==    Updates: 1
14:58:23.341 [main] DEBUG c.e.j.m.BookRequestItemMapper.insert - ==>  Preparing: INSERT INTO book_request_items (book_request_id, title, isbn, author_id, published_year, estimated_price) VALUES (?, ?, ?, ?, ?, ?)
14:58:23.341 [main] DEBUG c.e.j.m.BookRequestItemMapper.insert - ==> Parameters: 18(Long), Clean Code(String), null, null, null, null
14:58:23.341 [main] DEBUG c.e.j.m.BookRequestItemMapper.insert - <==    Updates: 1
14:58:23.341 [main] DEBUG c.e.j.m.ProcurementItemMapper.insert - ==>  Preparing: INSERT INTO procurement_items (book_request_item_id, status) VALUES (?, ?)
14:58:23.341 [main] DEBUG c.e.j.m.ProcurementItemMapper.insert - ==> Parameters: 20(Long), COMPLETED(String)
14:58:23.341 [main] DEBUG c.e.j.m.ProcurementItemMapper.insert - <==    Updates: 1
14:58:23.341 [main] DEBUG c.e.j.m.P.findSummary - ==>  Preparing: SELECT p.*, b.title,b.isbn,b.author_id,b.published_year,b.estimated_price FROM procurement_items p JOIN book_request_items b ON p.book_request_item_id = b.id WHERE p.status = ? ORDER BY p.id DESC
14:58:23.341 [main] DEBUG c.e.j.m.P.findSummary - ==> Parameters: PENDING(String)
14:58:23.341 [main] DEBUG c.e.j.m.P.findSummary - <==      Total: 1
]]></system-out>
  </testcase>
  <testcase name="findSummaryFiltersByStatusAndHandlesRequestWithNoItems" classname="com.example.jsppractice.mapper.BookRequestWorkflowMapperTest" time="0.01">
    <system-out><![CDATA[14:58:23.358 [main] DEBUG c.e.j.m.BookRequestMapper.insert - ==>  Preparing: INSERT INTO book_requests (requester_id, status, requested_at, idempotency_key) VALUES (?, ?, ?, ?)
14:58:23.358 [main] DEBUG c.e.j.m.BookRequestMapper.insert - ==> Parameters: 13(Long), PENDING(String), 2026-09-14 14:58:23.3587447(Timestamp), ffd3526a-a4b2-4072-9b25-716594ff1316(String)
14:58:23.358 [main] DEBUG c.e.j.m.BookRequestMapper.insert - <==    Updates: 1
14:58:23.358 [main] DEBUG c.e.j.m.BookRequestMapper.insert - ==>  Preparing: INSERT INTO book_requests (requester_id, status, requested_at, idempotency_key) VALUES (?, ?, ?, ?)
14:58:23.358 [main] DEBUG c.e.j.m.BookRequestMapper.insert - ==> Parameters: 13(Long), APPROVED(String), 2026-09-14 14:58:23.3587447(Timestamp), 69fe70f8-dbad-4dac-9d3d-4dc8675e69e7(String)
14:58:23.358 [main] DEBUG c.e.j.m.BookRequestMapper.insert - <==    Updates: 1
14:58:23.362 [main] DEBUG c.e.j.m.B.findSummary - ==>  Preparing: SELECT br.id, br.requester_id, br.approver_id, br.status, br.requested_at, br.approved_at, bri.id AS item_id, bri.book_request_id, bri.title AS item_title, bri.isbn AS item_isbn, bri.author_id AS item_author_id, bri.published_year AS item_published_year, bri.estimated_price AS item_estimated_price FROM book_requests br LEFT JOIN book_request_items bri ON bri.book_request_id = br.id WHERE br.status = ? ORDER BY br.requested_at
14:58:23.363 [main] DEBUG c.e.j.m.B.findSummary - ==> Parameters: PENDING(String)
14:58:23.363 [main] DEBUG c.e.j.m.B.findSummary - <==      Total: 1
]]></system-out>
  </testcase>
  <testcase name="findSummaryReturnsAllStatusesWhenStatusIsNull" classname="com.example.jsppractice.mapper.BookRequestWorkflowMapperTest" time="0.01">
    <system-out><![CDATA[14:58:23.371 [main] DEBUG c.e.j.m.BookRequestMapper.insert - ==>  Preparing: INSERT INTO book_requests (requester_id, status, requested_at, idempotency_key) VALUES (?, ?, ?, ?)
14:58:23.371 [main] DEBUG c.e.j.m.BookRequestMapper.insert - ==> Parameters: 14(Long), APPROVED(String), 2026-09-14 14:58:23.3676224(Timestamp), b55c9800-a272-4ed3-949b-29235528a329(String)
14:58:23.372 [main] DEBUG c.e.j.m.BookRequestMapper.insert - <==    Updates: 1
14:58:23.372 [main] DEBUG c.e.j.m.BookRequestItemMapper.insert - ==>  Preparing: INSERT INTO book_request_items (book_request_id, title, isbn, author_id, published_year, estimated_price) VALUES (?, ?, ?, ?, ?, ?)
14:58:23.372 [main] DEBUG c.e.j.m.BookRequestItemMapper.insert - ==> Parameters: 21(Long), Pending item(String), null, null, null, null
14:58:23.373 [main] DEBUG c.e.j.m.BookRequestItemMapper.insert - <==    Updates: 1
14:58:23.373 [main] DEBUG c.e.j.m.ProcurementItemMapper.insert - ==>  Preparing: INSERT INTO procurement_items (book_request_item_id, status) VALUES (?, ?)
14:58:23.374 [main] DEBUG c.e.j.m.ProcurementItemMapper.insert - ==> Parameters: 21(Long), PENDING(String)
14:58:23.374 [main] DEBUG c.e.j.m.ProcurementItemMapper.insert - <==    Updates: 1
14:58:23.374 [main] DEBUG c.e.j.m.BookRequestItemMapper.insert - ==>  Preparing: INSERT INTO book_request_items (book_request_id, title, isbn, author_id, published_year, estimated_price) VALUES (?, ?, ?, ?, ?, ?)
14:58:23.374 [main] DEBUG c.e.j.m.BookRequestItemMapper.insert - ==> Parameters: 21(Long), Completed item(String), null, null, null, null
14:58:23.374 [main] DEBUG c.e.j.m.BookRequestItemMapper.insert - <==    Updates: 1
14:58:23.374 [main] DEBUG c.e.j.m.ProcurementItemMapper.insert - ==>  Preparing: INSERT INTO procurement_items (book_request_item_id, status) VALUES (?, ?)
14:58:23.374 [main] DEBUG c.e.j.m.ProcurementItemMapper.insert - ==> Parameters: 22(Long), COMPLETED(String)
14:58:23.374 [main] DEBUG c.e.j.m.ProcurementItemMapper.insert - <==    Updates: 1
14:58:23.374 [main] DEBUG c.e.j.m.P.findSummary - ==>  Preparing: SELECT p.*, b.title,b.isbn,b.author_id,b.published_year,b.estimated_price FROM procurement_items p JOIN book_request_items b ON p.book_request_item_id = b.id ORDER BY p.id DESC
14:58:23.377 [main] DEBUG c.e.j.m.P.findSummary - ==> Parameters: 
14:58:23.377 [main] DEBUG c.e.j.m.P.findSummary - <==      Total: 2
]]></system-out>
  </testcase>
  <testcase name="approveMapperMethodBindsParametersCorrectly" classname="com.example.jsppractice.mapper.BookRequestWorkflowMapperTest" time="0.014">
    <system-out><![CDATA[14:58:23.377 [main] DEBUG c.e.j.m.BookRequestMapper.insert - ==>  Preparing: INSERT INTO book_requests (requester_id, status, requested_at, idempotency_key) VALUES (?, ?, ?, ?)
14:58:23.377 [main] DEBUG c.e.j.m.BookRequestMapper.insert - ==> Parameters: 15(Long), PENDING(String), 2026-09-14 14:58:23.3774147(Timestamp), 8140f93e-5878-46f8-9c6b-f447a55acc2a(String)
14:58:23.377 [main] DEBUG c.e.j.m.BookRequestMapper.insert - <==    Updates: 1
14:58:23.377 [main] DEBUG c.e.j.m.BookRequestMapper.approve - ==>  Preparing: UPDATE book_requests SET status = 'APPROVED', approver_id = ?, approved_at = ? WHERE id = ? AND status = 'PENDING' AND requester_id != ?
14:58:23.377 [main] DEBUG c.e.j.m.BookRequestMapper.approve - ==> Parameters: 16(Long), 2026-09-14 14:58:23.3774147(Timestamp), 22(Long), 16(Long)
14:58:23.377 [main] DEBUG c.e.j.m.BookRequestMapper.approve - <==    Updates: 1
]]></system-out>
  </testcase>
  <testcase name="findSummaryGroupsMultipleItemsUnderOneRequestWithoutDuplicatingRows" classname="com.example.jsppractice.mapper.BookRequestWorkflowMapperTest" time="0.0">
    <system-out><![CDATA[14:58:23.391 [main] DEBUG c.e.j.m.BookRequestMapper.insert - ==>  Preparing: INSERT INTO book_requests (requester_id, status, requested_at, idempotency_key) VALUES (?, ?, ?, ?)
14:58:23.391 [main] DEBUG c.e.j.m.BookRequestMapper.insert - ==> Parameters: 17(Long), PENDING(String), 2026-09-14 14:58:23.3911683(Timestamp), 9ab64e3c-bcff-4122-94a8-f220870904e7(String)
14:58:23.391 [main] DEBUG c.e.j.m.BookRequestMapper.insert - <==    Updates: 1
14:58:23.391 [main] DEBUG c.e.j.m.BookRequestItemMapper.insert - ==>  Preparing: INSERT INTO book_request_items (book_request_id, title, isbn, author_id, published_year, estimated_price) VALUES (?, ?, ?, ?, ?, ?)
14:58:23.391 [main] DEBUG c.e.j.m.BookRequestItemMapper.insert - ==> Parameters: 23(Long), Effective Java(String), null, null, null, null
14:58:23.391 [main] DEBUG c.e.j.m.BookRequestItemMapper.insert - <==    Updates: 1
14:58:23.391 [main] DEBUG c.e.j.m.BookRequestItemMapper.insert - ==>  Preparing: INSERT INTO book_request_items (book_request_id, title, isbn, author_id, published_year, estimated_price) VALUES (?, ?, ?, ?, ?, ?)
14:58:23.391 [main] DEBUG c.e.j.m.BookRequestItemMapper.insert - ==> Parameters: 23(Long), Clean Code(String), null, null, null, null
14:58:23.391 [main] DEBUG c.e.j.m.BookRequestItemMapper.insert - <==    Updates: 1
14:58:23.391 [main] DEBUG c.e.j.m.B.findSummary - ==>  Preparing: SELECT br.id, br.requester_id, br.approver_id, br.status, br.requested_at, br.approved_at, bri.id AS item_id, bri.book_request_id, bri.title AS item_title, bri.isbn AS item_isbn, bri.author_id AS item_author_id, bri.published_year AS item_published_year, bri.estimated_price AS item_estimated_price FROM book_requests br LEFT JOIN book_request_items bri ON bri.book_request_id = br.id ORDER BY br.requested_at
14:58:23.391 [main] DEBUG c.e.j.m.B.findSummary - ==> Parameters: 
14:58:23.391 [main] DEBUG c.e.j.m.B.findSummary - <==      Total: 2
]]></system-out>
  </testcase>
</testsuite>