<?xml version="1.0" encoding="UTF-8"?>
<testsuite xmlns:xsi="http://www.w3.org/2001/XMLSchema-instance" xsi:noNamespaceSchemaLocation="https://maven.apache.org/surefire/maven-surefire-plugin/xsd/surefire-test-report.xsd" version="3.0.2" name="com.example.jsppractice.service.ProcurementServiceConcurrencyTest" time="0.025" tests="1" errors="0" skipped="0" failures="0">
  <properties>
[...]
</properties>
  <testcase name="onlyOneConcurrentCallerCanCompleteTheSameProcurementItem" classname="com.example.jsppractice.service.ProcurementServiceConcurrencyTest" time="0.024">
    <system-out><![CDATA[15:53:50.961 [main] DEBUG c.e.j.m.BookRequestMapper.insert - ==>  Preparing: INSERT INTO book_requests (requester_id, status, requested_at, idempotency_key) VALUES (?, ?, ?, ?)
15:53:50.961 [main] DEBUG c.e.j.m.BookRequestMapper.insert - ==> Parameters: 20(Long), APPROVED(String), 2026-09-10T15:53:50.960180(LocalDateTime), 7388dcf8-ad46-47ee-9aab-24c37be9ac92(String)
15:53:50.961 [main] DEBUG c.e.j.m.BookRequestMapper.insert - <==    Updates: 1
15:53:50.962 [main] DEBUG c.e.j.m.BookRequestItemMapper.insert - ==>  Preparing: INSERT INTO book_request_items (book_request_id, title, isbn, author_id, published_year, estimated_price) VALUES (?, ?, ?, ?, ?, ?)
15:53:50.962 [main] DEBUG c.e.j.m.BookRequestItemMapper.insert - ==> Parameters: 27(Long), Effective Java(String), null, null, null, null
15:53:50.962 [main] DEBUG c.e.j.m.BookRequestItemMapper.insert - <==    Updates: 1
15:53:50.962 [main] DEBUG c.e.j.m.ProcurementItemMapper.insert - ==>  Preparing: INSERT INTO procurement_items (book_request_item_id, status) VALUES (?, ?)
15:53:50.962 [main] DEBUG c.e.j.m.ProcurementItemMapper.insert - ==> Parameters: 23(Long), PENDING(String)
15:53:50.962 [main] DEBUG c.e.j.m.ProcurementItemMapper.insert - <==    Updates: 1
15:53:50.968 [pool-3-thread-2] DEBUG c.e.j.m.P.findByIdForUpdate - ==>  Preparing: SELECT * FROM procurement_items WHERE id = ? FOR UPDATE
15:53:50.968 [pool-3-thread-1] DEBUG c.e.j.m.P.findByIdForUpdate - ==>  Preparing: SELECT * FROM procurement_items WHERE id = ? FOR UPDATE
15:53:50.970 [pool-3-thread-2] DEBUG c.e.j.m.P.findByIdForUpdate - ==> Parameters: 9(Long)
15:53:50.970 [pool-3-thread-1] DEBUG c.e.j.m.P.findByIdForUpdate - ==> Parameters: 9(Long)
15:53:50.970 [pool-3-thread-1] DEBUG c.e.j.m.P.findByIdForUpdate - <==      Total: 1
15:53:50.972 [pool-3-thread-1] DEBUG c.e.j.m.B.findById - ==>  Preparing: SELECT * FROM book_request_items WHERE id = ?
15:53:50.972 [pool-3-thread-1] DEBUG c.e.j.m.B.findById - ==> Parameters: 23(Long)
15:53:50.972 [pool-3-thread-1] DEBUG c.e.j.m.B.findById - <==      Total: 1
15:53:50.972 [pool-3-thread-1] DEBUG c.e.j.mapper.BookMapper.insert - ==>  Preparing: INSERT INTO books (title, isbn, author_id, published_year) VALUES (?, ?, ?, ?)
15:53:50.972 [pool-3-thread-1] DEBUG c.e.j.mapper.BookMapper.insert - ==> Parameters: Effective Java(String), null, null, null
15:53:50.972 [pool-3-thread-1] DEBUG c.e.j.mapper.BookMapper.insert - <==    Updates: 1
15:53:50.974 [pool-3-thread-1] DEBUG c.e.j.m.ProcurementItemMapper.update - ==>  Preparing: UPDATE procurement_items SET status = ?, procured_by = ?, procured_at = ?, book_id = ? WHERE id = ?
15:53:50.974 [pool-3-thread-1] DEBUG c.e.j.m.ProcurementItemMapper.update - ==> Parameters: COMPLETED(String), 21(Long), 2026-09-10T15:53:50.974083200(LocalDateTime), 43(Long), 9(Long)
15:53:50.974 [pool-3-thread-1] DEBUG c.e.j.m.ProcurementItemMapper.update - <==    Updates: 1
15:53:50.974 [pool-3-thread-1] DEBUG c.e.j.mapper.AuditLogMapper.insert - ==>  Preparing: INSERT INTO audit_logs (user_id, audited_at, action, entity_type, entity_id, detail) VALUES (?, ?, ?, ?, ?, ?)
15:53:50.976 [pool-3-thread-1] DEBUG c.e.j.mapper.AuditLogMapper.insert - ==> Parameters: 21(Long), 2026-09-10T15:53:50.974083200(LocalDateTime), COMPLETE_PROCUREMENT(String), PROCUREMENT_ITEM(String), 9(Long), [B@7a8c1a7b(byte[])
15:53:50.977 [pool-3-thread-1] DEBUG c.e.j.mapper.AuditLogMapper.insert - <==    Updates: 1
15:53:50.977 [pool-3-thread-1] INFO  c.e.j.service.ProcurementServiceImpl - 採購完成，書籍已入庫：procurementItemId=9, bookId=43, procuredBy=21
15:53:50.978 [pool-3-thread-2] DEBUG c.e.j.m.P.findByIdForUpdate - <==      Total: 1
15:53:50.980 [main] DEBUG c.e.j.m.P.findByStatus - ==>  Preparing: SELECT * FROM procurement_items WHERE status = ?
15:53:50.980 [main] DEBUG c.e.j.m.P.findByStatus - ==> Parameters: COMPLETED(String)
15:53:50.981 [main] DEBUG c.e.j.m.P.findByStatus - <==      Total: 1
]]></system-out>
  </testcase>
</testsuite>