<?xml version="1.0" encoding="UTF-8"?>
<testsuite xmlns:xsi="http://www.w3.org/2001/XMLSchema-instance" xsi:noNamespaceSchemaLocation="https://maven.apache.org/surefire/maven-surefire-plugin/xsd/surefire-test-report.xsd" version="3.0.2" name="com.example.jsppractice.mapper.BookRequestWorkflowMapperTest" time="0.205" tests="8" errors="0" skipped="0" failures="0">
  <properties>
[...]
</properties>
  <testcase name="bookRequestItemInsertAndFindByBookRequestIdWork" classname="com.example.jsppractice.mapper.BookRequestWorkflowMapperTest" time="0.003">
    <system-out><![CDATA[17:48:32.470 [main] DEBUG c.e.j.m.BookRequestMapper.insert - ==>  Preparing: INSERT INTO book_requests (requester_id, status, requested_at, idempotency_key) VALUES (?, ?, ?, ?)
17:48:32.471 [main] DEBUG c.e.j.m.BookRequestMapper.insert - ==> Parameters: 8(Long), PENDING(String), 2026-09-14 17:48:32.470088(Timestamp), 3e624094-5d10-465d-b17d-f514b5b53b30(String)
17:48:32.472 [main] DEBUG c.e.j.m.BookRequestMapper.insert - <==    Updates: 1
17:48:32.474 [main] DEBUG c.e.j.m.BookRequestItemMapper.insert - ==>  Preparing: INSERT INTO book_request_items (book_request_id, title, isbn, author_id, published_year, estimated_price) VALUES (?, ?, ?, ?, ?, ?)
17:48:32.475 [main] DEBUG c.e.j.m.BookRequestItemMapper.insert - ==> Parameters: 15(Long), Effective Java(String), 9780134685991(String), null, 2018(Integer), 1200.00(BigDecimal)
17:48:32.475 [main] DEBUG c.e.j.m.BookRequestItemMapper.insert - <==    Updates: 1
17:48:32.476 [main] DEBUG c.e.j.m.B.findByBookRequestId - ==>  Preparing: SELECT * FROM book_request_items WHERE book_request_id = ?
17:48:32.477 [main] DEBUG c.e.j.m.B.findByBookRequestId - ==> Parameters: 15(Long)
17:48:32.479 [main] DEBUG c.e.j.m.B.findByBookRequestId - <==      Total: 1
]]></system-out>
  </testcase>
  <testcase name="procurementItemInsertAndUpdateWork" classname="com.example.jsppractice.mapper.BookRequestWorkflowMapperTest" time="0.034">
    <system-out><![CDATA[17:48:32.494 [main] DEBUG c.e.j.m.BookRequestMapper.insert - ==>  Preparing: INSERT INTO book_requests (requester_id, status, requested_at, idempotency_key) VALUES (?, ?, ?, ?)
17:48:32.494 [main] DEBUG c.e.j.m.BookRequestMapper.insert - ==> Parameters: 9(Long), APPROVED(String), 2026-09-14 17:48:32.4942805(Timestamp), a8ac3fac-968e-4ffb-8321-d0ae8c0918a3(String)
17:48:32.495 [main] DEBUG c.e.j.m.BookRequestMapper.insert - <==    Updates: 1
17:48:32.496 [main] DEBUG c.e.j.m.BookRequestItemMapper.insert - ==>  Preparing: INSERT INTO book_request_items (book_request_id, title, isbn, author_id, published_year, estimated_price) VALUES (?, ?, ?, ?, ?, ?)
17:48:32.496 [main] DEBUG c.e.j.m.BookRequestItemMapper.insert - ==> Parameters: 16(Long), Clean Code(String), null, null, null, null
17:48:32.497 [main] DEBUG c.e.j.m.BookRequestItemMapper.insert - <==    Updates: 1
17:48:32.498 [main] DEBUG c.e.j.m.ProcurementItemMapper.insert - ==>  Preparing: INSERT INTO procurement_items (book_request_item_id, status) VALUES (?, ?)
17:48:32.498 [main] DEBUG c.e.j.m.ProcurementItemMapper.insert - ==> Parameters: 18(Long), PENDING(String)
17:48:32.498 [main] DEBUG c.e.j.m.ProcurementItemMapper.insert - <==    Updates: 1
17:48:32.501 [main] DEBUG c.e.j.m.P.findByStatus - ==>  Preparing: SELECT * FROM procurement_items WHERE status = ?
17:48:32.502 [main] DEBUG c.e.j.m.P.findByStatus - ==> Parameters: PENDING(String)
17:48:32.503 [main] DEBUG c.e.j.m.P.findByStatus - <==      Total: 1
17:48:32.507 [main] DEBUG c.e.j.m.ProcurementItemMapper.update - ==>  Preparing: UPDATE procurement_items SET status = ?, procured_by = ?, procured_at = ?, book_id = ? WHERE id = ?
17:48:32.507 [main] DEBUG c.e.j.m.ProcurementItemMapper.update - ==> Parameters: COMPLETED(String), 10(Long), 2026-09-14 17:48:32.5062986(Timestamp), null, 7(Long)
17:48:32.509 [main] DEBUG c.e.j.m.ProcurementItemMapper.update - <==    Updates: 1
17:48:32.510 [main] DEBUG c.e.j.m.P.findById - ==>  Preparing: SELECT * FROM procurement_items WHERE id = ?
17:48:32.510 [main] DEBUG c.e.j.m.P.findById - ==> Parameters: 7(Long)
17:48:32.512 [main] DEBUG c.e.j.m.P.findById - <==      Total: 1
]]></system-out>
  </testcase>
  <testcase name="bookRequestInsertAndFindByStatusWork" classname="com.example.jsppractice.mapper.BookRequestWorkflowMapperTest" time="0.029">
    <system-out><![CDATA[17:48:32.529 [main] DEBUG c.e.j.m.BookRequestMapper.insert - ==>  Preparing: INSERT INTO book_requests (requester_id, status, requested_at, idempotency_key) VALUES (?, ?, ?, ?)
17:48:32.530 [main] DEBUG c.e.j.m.BookRequestMapper.insert - ==> Parameters: 11(Long), PENDING(String), 2026-09-14 17:48:32.5287007(Timestamp), 4f642cc4-2227-46a1-b476-fc0d458bdd0e(String)
17:48:32.532 [main] DEBUG c.e.j.m.BookRequestMapper.insert - <==    Updates: 1
17:48:32.533 [main] DEBUG c.e.j.m.BookRequestMapper.findById - ==>  Preparing: SELECT * FROM book_requests WHERE id = ?
17:48:32.535 [main] DEBUG c.e.j.m.BookRequestMapper.findById - ==> Parameters: 17(Long)
17:48:32.537 [main] DEBUG c.e.j.m.BookRequestMapper.findById - <==      Total: 1
17:48:32.539 [main] DEBUG c.e.j.m.B.findByStatus - ==>  Preparing: SELECT * FROM book_requests WHERE status = ? ORDER BY requested_at
17:48:32.541 [main] DEBUG c.e.j.m.B.findByStatus - ==> Parameters: PENDING(String)
17:48:32.542 [main] DEBUG c.e.j.m.B.findByStatus - <==      Total: 1
]]></system-out>
  </testcase>
  <testcase name="findSummaryJoinsBookRequestItemDetailsAndFiltersByStatus" classname="com.example.jsppractice.mapper.BookRequestWorkflowMapperTest" time="0.023">
    <system-out><![CDATA[17:48:32.556 [main] DEBUG c.e.j.m.BookRequestMapper.insert - ==>  Preparing: INSERT INTO book_requests (requester_id, status, requested_at, idempotency_key) VALUES (?, ?, ?, ?)
17:48:32.558 [main] DEBUG c.e.j.m.BookRequestMapper.insert - ==> Parameters: 12(Long), APPROVED(String), 2026-09-14 17:48:32.5560102(Timestamp), bb37ef63-f703-4b04-a412-e78e6676b078(String)
17:48:32.559 [main] DEBUG c.e.j.m.BookRequestMapper.insert - <==    Updates: 1
17:48:32.560 [main] DEBUG c.e.j.m.BookRequestItemMapper.insert - ==>  Preparing: INSERT INTO book_request_items (book_request_id, title, isbn, author_id, published_year, estimated_price) VALUES (?, ?, ?, ?, ?, ?)
17:48:32.560 [main] DEBUG c.e.j.m.BookRequestItemMapper.insert - ==> Parameters: 18(Long), Effective Java(String), 9780134685991(String), null, 2018(Integer), 1200.00(BigDecimal)
17:48:32.560 [main] DEBUG c.e.j.m.BookRequestItemMapper.insert - <==    Updates: 1
17:48:32.561 [main] DEBUG c.e.j.m.ProcurementItemMapper.insert - ==>  Preparing: INSERT INTO procurement_items (book_request_item_id, status) VALUES (?, ?)
17:48:32.562 [main] DEBUG c.e.j.m.ProcurementItemMapper.insert - ==> Parameters: 19(Long), PENDING(String)
17:48:32.562 [main] DEBUG c.e.j.m.ProcurementItemMapper.insert - <==    Updates: 1
17:48:32.563 [main] DEBUG c.e.j.m.BookRequestItemMapper.insert - ==>  Preparing: INSERT INTO book_request_items (book_request_id, title, isbn, author_id, published_year, estimated_price) VALUES (?, ?, ?, ?, ?, ?)
17:48:32.563 [main] DEBUG c.e.j.m.BookRequestItemMapper.insert - ==> Parameters: 18(Long), Clean Code(String), null, null, null, null
17:48:32.563 [main] DEBUG c.e.j.m.BookRequestItemMapper.insert - <==    Updates: 1
17:48:32.564 [main] DEBUG c.e.j.m.ProcurementItemMapper.insert - ==>  Preparing: INSERT INTO procurement_items (book_request_item_id, status) VALUES (?, ?)
17:48:32.564 [main] DEBUG c.e.j.m.ProcurementItemMapper.insert - ==> Parameters: 20(Long), COMPLETED(String)
17:48:32.565 [main] DEBUG c.e.j.m.ProcurementItemMapper.insert - <==    Updates: 1
17:48:32.566 [main] DEBUG c.e.j.m.P.findSummary - ==>  Preparing: SELECT p.*, b.title,b.isbn,b.author_id,b.published_year,b.estimated_price FROM procurement_items p JOIN book_request_items b ON p.book_request_item_id = b.id WHERE p.status = ? ORDER BY p.id DESC
17:48:32.568 [main] DEBUG c.e.j.m.P.findSummary - ==> Parameters: PENDING(String)
17:48:32.571 [main] DEBUG c.e.j.m.P.findSummary - <==      Total: 1
]]></system-out>
  </testcase>
  <testcase name="findSummaryFiltersByStatusAndHandlesRequestWithNoItems" classname="com.example.jsppractice.mapper.BookRequestWorkflowMapperTest" time="0.023">
    <system-out><![CDATA[17:48:32.584 [main] DEBUG c.e.j.m.BookRequestMapper.insert - ==>  Preparing: INSERT INTO book_requests (requester_id, status, requested_at, idempotency_key) VALUES (?, ?, ?, ?)
17:48:32.584 [main] DEBUG c.e.j.m.BookRequestMapper.insert - ==> Parameters: 13(Long), PENDING(String), 2026-09-14 17:48:32.584999(Timestamp), d09ca1f8-c380-449d-bd10-3d40cf23698a(String)
17:48:32.585 [main] DEBUG c.e.j.m.BookRequestMapper.insert - <==    Updates: 1
17:48:32.586 [main] DEBUG c.e.j.m.BookRequestMapper.insert - ==>  Preparing: INSERT INTO book_requests (requester_id, status, requested_at, idempotency_key) VALUES (?, ?, ?, ?)
17:48:32.587 [main] DEBUG c.e.j.m.BookRequestMapper.insert - ==> Parameters: 13(Long), APPROVED(String), 2026-09-14 17:48:32.5859947(Timestamp), 021b7883-d186-41b9-8b14-a947a58e9dbc(String)
17:48:32.588 [main] DEBUG c.e.j.m.BookRequestMapper.insert - <==    Updates: 1
17:48:32.590 [main] DEBUG c.e.j.m.B.findSummary - ==>  Preparing: SELECT br.id, br.requester_id, br.approver_id, br.status, br.requested_at, br.approved_at, bri.id AS item_id, bri.book_request_id, bri.title AS item_title, bri.isbn AS item_isbn, bri.author_id AS item_author_id, bri.published_year AS item_published_year, bri.estimated_price AS item_estimated_price FROM book_requests br LEFT JOIN book_request_items bri ON bri.book_request_id = br.id WHERE br.status = ? ORDER BY br.requested_at
17:48:32.592 [main] DEBUG c.e.j.m.B.findSummary - ==> Parameters: PENDING(String)
17:48:32.593 [main] DEBUG c.e.j.m.B.findSummary - <==      Total: 1
]]></system-out>
  </testcase>
  <testcase name="findSummaryReturnsAllStatusesWhenStatusIsNull" classname="com.example.jsppractice.mapper.BookRequestWorkflowMapperTest" time="0.031">
    <system-out><![CDATA[17:48:32.608 [main] DEBUG c.e.j.m.BookRequestMapper.insert - ==>  Preparing: INSERT INTO book_requests (requester_id, status, requested_at, idempotency_key) VALUES (?, ?, ?, ?)
17:48:32.609 [main] DEBUG c.e.j.m.BookRequestMapper.insert - ==> Parameters: 14(Long), APPROVED(String), 2026-09-14 17:48:32.6089959(Timestamp), 43f31239-dc6e-42b7-9e14-84febb62f28b(String)
17:48:32.610 [main] DEBUG c.e.j.m.BookRequestMapper.insert - <==    Updates: 1
17:48:32.610 [main] DEBUG c.e.j.m.BookRequestItemMapper.insert - ==>  Preparing: INSERT INTO book_request_items (book_request_id, title, isbn, author_id, published_year, estimated_price) VALUES (?, ?, ?, ?, ?, ?)
17:48:32.611 [main] DEBUG c.e.j.m.BookRequestItemMapper.insert - ==> Parameters: 21(Long), Pending item(String), null, null, null, null
17:48:32.612 [main] DEBUG c.e.j.m.BookRequestItemMapper.insert - <==    Updates: 1
17:48:32.612 [main] DEBUG c.e.j.m.ProcurementItemMapper.insert - ==>  Preparing: INSERT INTO procurement_items (book_request_item_id, status) VALUES (?, ?)
17:48:32.613 [main] DEBUG c.e.j.m.ProcurementItemMapper.insert - ==> Parameters: 21(Long), PENDING(String)
17:48:32.613 [main] DEBUG c.e.j.m.ProcurementItemMapper.insert - <==    Updates: 1
17:48:32.614 [main] DEBUG c.e.j.m.BookRequestItemMapper.insert - ==>  Preparing: INSERT INTO book_request_items (book_request_id, title, isbn, author_id, published_year, estimated_price) VALUES (?, ?, ?, ?, ?, ?)
17:48:32.614 [main] DEBUG c.e.j.m.BookRequestItemMapper.insert - ==> Parameters: 21(Long), Completed item(String), null, null, null, null
17:48:32.615 [main] DEBUG c.e.j.m.BookRequestItemMapper.insert - <==    Updates: 1
17:48:32.617 [main] DEBUG c.e.j.m.ProcurementItemMapper.insert - ==>  Preparing: INSERT INTO procurement_items (book_request_item_id, status) VALUES (?, ?)
17:48:32.617 [main] DEBUG c.e.j.m.ProcurementItemMapper.insert - ==> Parameters: 22(Long), COMPLETED(String)
17:48:32.618 [main] DEBUG c.e.j.m.ProcurementItemMapper.insert - <==    Updates: 1
17:48:32.621 [main] DEBUG c.e.j.m.P.findSummary - ==>  Preparing: SELECT p.*, b.title,b.isbn,b.author_id,b.published_year,b.estimated_price FROM procurement_items p JOIN book_request_items b ON p.book_request_item_id = b.id ORDER BY p.id DESC
17:48:32.621 [main] DEBUG c.e.j.m.P.findSummary - ==> Parameters: 
17:48:32.625 [main] DEBUG c.e.j.m.P.findSummary - <==      Total: 2
]]></system-out>
  </testcase>
  <testcase name="approveMapperMethodBindsParametersCorrectly" classname="com.example.jsppractice.mapper.BookRequestWorkflowMapperTest" time="0.023">
    <system-out><![CDATA[17:48:32.645 [main] DEBUG c.e.j.m.BookRequestMapper.insert - ==>  Preparing: INSERT INTO book_requests (requester_id, status, requested_at, idempotency_key) VALUES (?, ?, ?, ?)
17:48:32.646 [main] DEBUG c.e.j.m.BookRequestMapper.insert - ==> Parameters: 15(Long), PENDING(String), 2026-09-14 17:48:32.6447441(Timestamp), dba2d0c4-aec1-4e8e-8454-83d62267e743(String)
17:48:32.646 [main] DEBUG c.e.j.m.BookRequestMapper.insert - <==    Updates: 1
17:48:32.647 [main] DEBUG c.e.j.m.BookRequestMapper.approve - ==>  Preparing: UPDATE book_requests SET status = 'APPROVED', approver_id = ?, approved_at = ? WHERE id = ? AND status = 'PENDING' AND requester_id != ?
17:48:32.648 [main] DEBUG c.e.j.m.BookRequestMapper.approve - ==> Parameters: 16(Long), 2026-09-14 17:48:32.6477433(Timestamp), 22(Long), 16(Long)
17:48:32.650 [main] DEBUG c.e.j.m.BookRequestMapper.approve - <==    Updates: 1
]]></system-out>
  </testcase>
  <testcase name="findSummaryGroupsMultipleItemsUnderOneRequestWithoutDuplicatingRows" classname="com.example.jsppractice.mapper.BookRequestWorkflowMapperTest" time="0.028">
    <system-out><![CDATA[17:48:32.668 [main] DEBUG c.e.j.m.BookRequestMapper.insert - ==>  Preparing: INSERT INTO book_requests (requester_id, status, requested_at, idempotency_key) VALUES (?, ?, ?, ?)
17:48:32.670 [main] DEBUG c.e.j.m.BookRequestMapper.insert - ==> Parameters: 17(Long), PENDING(String), 2026-09-14 17:48:32.6689043(Timestamp), 9255e35d-288f-43dc-a090-d79b94876f2f(String)
17:48:32.671 [main] DEBUG c.e.j.m.BookRequestMapper.insert - <==    Updates: 1
17:48:32.671 [main] DEBUG c.e.j.m.BookRequestItemMapper.insert - ==>  Preparing: INSERT INTO book_request_items (book_request_id, title, isbn, author_id, published_year, estimated_price) VALUES (?, ?, ?, ?, ?, ?)
17:48:32.672 [main] DEBUG c.e.j.m.BookRequestItemMapper.insert - ==> Parameters: 23(Long), Effective Java(String), null, null, null, null
17:48:32.672 [main] DEBUG c.e.j.m.BookRequestItemMapper.insert - <==    Updates: 1
17:48:32.674 [main] DEBUG c.e.j.m.BookRequestItemMapper.insert - ==>  Preparing: INSERT INTO book_request_items (book_request_id, title, isbn, author_id, published_year, estimated_price) VALUES (?, ?, ?, ?, ?, ?)
17:48:32.674 [main] DEBUG c.e.j.m.BookRequestItemMapper.insert - ==> Parameters: 23(Long), Clean Code(String), null, null, null, null
17:48:32.675 [main] DEBUG c.e.j.m.BookRequestItemMapper.insert - <==    Updates: 1
17:48:32.676 [main] DEBUG c.e.j.m.B.findSummary - ==>  Preparing: SELECT br.id, br.requester_id, br.approver_id, br.status, br.requested_at, br.approved_at, bri.id AS item_id, bri.book_request_id, bri.title AS item_title, bri.isbn AS item_isbn, bri.author_id AS item_author_id, bri.published_year AS item_published_year, bri.estimated_price AS item_estimated_price FROM book_requests br LEFT JOIN book_request_items bri ON bri.book_request_id = br.id ORDER BY br.requested_at
17:48:32.677 [main] DEBUG c.e.j.m.B.findSummary - ==> Parameters: 
17:48:32.681 [main] DEBUG c.e.j.m.B.findSummary - <==      Total: 2
]]></system-out>
  </testcase>
</testsuite>