<?xml version="1.0" encoding="UTF-8"?>
<testsuite xmlns:xsi="http://www.w3.org/2001/XMLSchema-instance" xsi:noNamespaceSchemaLocation="https://maven.apache.org/surefire/maven-surefire-plugin/xsd/surefire-test-report.xsd" version="3.0.2" name="com.example.jsppractice.config.DataSeederTest" time="1.714" tests="1" errors="0" skipped="0" failures="0">
  <properties>
[...]
</properties>
  <testcase name="seedRunsWithoutErrorsAndProducesAllThreeStatuses" classname="com.example.jsppractice.config.DataSeederTest" time="0.532">
    <system-out><![CDATA[13:37:19.215 [main] DEBUG c.e.j.mapper.CategoryMapper.insert - ==>  Preparing: INSERT INTO categories (name) VALUES (?)
13:37:19.229 [main] DEBUG c.e.j.mapper.CategoryMapper.insert - ==> Parameters: Programming(String)
13:37:19.230 [main] DEBUG c.e.j.mapper.CategoryMapper.insert - <==    Updates: 1
13:37:19.232 [main] DEBUG c.e.j.mapper.CategoryMapper.insert - ==>  Preparing: INSERT INTO categories (name) VALUES (?)
13:37:19.233 [main] DEBUG c.e.j.mapper.CategoryMapper.insert - ==> Parameters: Architecture(String)
13:37:19.233 [main] DEBUG c.e.j.mapper.CategoryMapper.insert - <==    Updates: 1
13:37:19.234 [main] DEBUG c.e.j.mapper.CategoryMapper.insert - ==>  Preparing: INSERT INTO categories (name) VALUES (?)
13:37:19.234 [main] DEBUG c.e.j.mapper.CategoryMapper.insert - ==> Parameters: Best Practice(String)
13:37:19.234 [main] DEBUG c.e.j.mapper.CategoryMapper.insert - <==    Updates: 1
13:37:19.236 [main] DEBUG c.e.j.mapper.BookMapper.insert - ==>  Preparing: INSERT INTO books (title, isbn, author_id, published_year) VALUES (?, ?, ?, ?)
13:37:19.241 [main] DEBUG c.e.j.mapper.BookMapper.insert - ==> Parameters: Effective Java(String), 9780134685991(String), 1(Long), 2018(Integer)
13:37:19.242 [main] DEBUG c.e.j.mapper.BookMapper.insert - <==    Updates: 1
13:37:19.251 [main] DEBUG c.e.j.m.B.deleteCategoriesByBookId - ==>  Preparing: DELETE FROM books_categories bc WHERE bc.book_id = ?
13:37:19.251 [main] DEBUG c.e.j.m.B.deleteCategoriesByBookId - ==> Parameters: 1(Long)
13:37:19.252 [main] DEBUG c.e.j.m.B.deleteCategoriesByBookId - <==    Updates: 0
13:37:19.265 [main] DEBUG c.e.j.m.B.insertBookCategories - ==>  Preparing: INSERT INTO books_categories (book_id, category_id) VALUES (?, ?) , (?, ?)
13:37:19.265 [main] DEBUG c.e.j.m.B.insertBookCategories - ==> Parameters: 1(Long), 1(Long), 1(Long), 3(Long)
13:37:19.266 [main] DEBUG c.e.j.m.B.insertBookCategories - <==    Updates: 2
13:37:19.268 [main] DEBUG c.e.j.mapper.BookMapper.insert - ==>  Preparing: INSERT INTO books (title, isbn, author_id, published_year) VALUES (?, ?, ?, ?)
13:37:19.268 [main] DEBUG c.e.j.mapper.BookMapper.insert - ==> Parameters: Clean Code(String), 9780132350884(String), 2(Long), 2008(Integer)
13:37:19.268 [main] DEBUG c.e.j.mapper.BookMapper.insert - <==    Updates: 1
13:37:19.269 [main] DEBUG c.e.j.m.B.deleteCategoriesByBookId - ==>  Preparing: DELETE FROM books_categories bc WHERE bc.book_id = ?
13:37:19.269 [main] DEBUG c.e.j.m.B.deleteCategoriesByBookId - ==> Parameters: 2(Long)
13:37:19.269 [main] DEBUG c.e.j.m.B.deleteCategoriesByBookId - <==    Updates: 0
13:37:19.270 [main] DEBUG c.e.j.m.B.insertBookCategories - ==>  Preparing: INSERT INTO books_categories (book_id, category_id) VALUES (?, ?)
13:37:19.270 [main] DEBUG c.e.j.m.B.insertBookCategories - ==> Parameters: 2(Long), 3(Long)
13:37:19.270 [main] DEBUG c.e.j.m.B.insertBookCategories - <==    Updates: 1
13:37:19.271 [main] DEBUG c.e.j.mapper.BookMapper.insert - ==>  Preparing: INSERT INTO books (title, isbn, author_id, published_year) VALUES (?, ?, ?, ?)
13:37:19.271 [main] DEBUG c.e.j.mapper.BookMapper.insert - ==> Parameters: Domain-Driven Design(String), 9780321125217(String), 3(Long), 2003(Integer)
13:37:19.272 [main] DEBUG c.e.j.mapper.BookMapper.insert - <==    Updates: 1
13:37:19.273 [main] DEBUG c.e.j.m.B.deleteCategoriesByBookId - ==>  Preparing: DELETE FROM books_categories bc WHERE bc.book_id = ?
13:37:19.273 [main] DEBUG c.e.j.m.B.deleteCategoriesByBookId - ==> Parameters: 3(Long)
13:37:19.273 [main] DEBUG c.e.j.m.B.deleteCategoriesByBookId - <==    Updates: 0
13:37:19.273 [main] DEBUG c.e.j.m.B.insertBookCategories - ==>  Preparing: INSERT INTO books_categories (book_id, category_id) VALUES (?, ?)
13:37:19.274 [main] DEBUG c.e.j.m.B.insertBookCategories - ==> Parameters: 3(Long), 2(Long)
13:37:19.274 [main] DEBUG c.e.j.m.B.insertBookCategories - <==    Updates: 1
13:37:19.275 [main] DEBUG c.e.j.mapper.BookMapper.insert - ==>  Preparing: INSERT INTO books (title, isbn, author_id, published_year) VALUES (?, ?, ?, ?)
13:37:19.275 [main] DEBUG c.e.j.mapper.BookMapper.insert - ==> Parameters: Clean Architecture(String), 9780134494166(String), 2(Long), 2017(Integer)
13:37:19.275 [main] DEBUG c.e.j.mapper.BookMapper.insert - <==    Updates: 1
13:37:19.277 [main] DEBUG c.e.j.m.B.deleteCategoriesByBookId - ==>  Preparing: DELETE FROM books_categories bc WHERE bc.book_id = ?
13:37:19.277 [main] DEBUG c.e.j.m.B.deleteCategoriesByBookId - ==> Parameters: 4(Long)
13:37:19.278 [main] DEBUG c.e.j.m.B.deleteCategoriesByBookId - <==    Updates: 0
13:37:19.278 [main] DEBUG c.e.j.m.B.insertBookCategories - ==>  Preparing: INSERT INTO books_categories (book_id, category_id) VALUES (?, ?) , (?, ?)
13:37:19.278 [main] DEBUG c.e.j.m.B.insertBookCategories - ==> Parameters: 4(Long), 2(Long), 4(Long), 3(Long)
13:37:19.279 [main] DEBUG c.e.j.m.B.insertBookCategories - <==    Updates: 2
13:37:19.280 [main] DEBUG c.e.j.mapper.BookMapper.insert - ==>  Preparing: INSERT INTO books (title, isbn, author_id, published_year) VALUES (?, ?, ?, ?)
13:37:19.280 [main] DEBUG c.e.j.mapper.BookMapper.insert - ==> Parameters: Java Concurrency in Practice(String), 9780321349606(String), 1(Long), 2006(Integer)
13:37:19.280 [main] DEBUG c.e.j.mapper.BookMapper.insert - <==    Updates: 1
13:37:19.281 [main] DEBUG c.e.j.m.B.deleteCategoriesByBookId - ==>  Preparing: DELETE FROM books_categories bc WHERE bc.book_id = ?
13:37:19.282 [main] DEBUG c.e.j.m.B.deleteCategoriesByBookId - ==> Parameters: 5(Long)
13:37:19.282 [main] DEBUG c.e.j.m.B.deleteCategoriesByBookId - <==    Updates: 0
13:37:19.282 [main] DEBUG c.e.j.m.B.insertBookCategories - ==>  Preparing: INSERT INTO books_categories (book_id, category_id) VALUES (?, ?)
13:37:19.283 [main] DEBUG c.e.j.m.B.insertBookCategories - ==> Parameters: 5(Long), 1(Long)
13:37:19.283 [main] DEBUG c.e.j.m.B.insertBookCategories - <==    Updates: 1
13:37:19.284 [main] DEBUG c.e.j.mapper.BookMapper.insert - ==>  Preparing: INSERT INTO books (title, isbn, author_id, published_year) VALUES (?, ?, ?, ?)
13:37:19.285 [main] DEBUG c.e.j.mapper.BookMapper.insert - ==> Parameters: Java Concurrency in Practice(String), 9780321349606(String), 1(Long), 2006(Integer)
13:37:19.285 [main] DEBUG c.e.j.mapper.BookMapper.insert - <==    Updates: 1
13:37:19.286 [main] DEBUG c.e.j.m.B.deleteCategoriesByBookId - ==>  Preparing: DELETE FROM books_categories bc WHERE bc.book_id = ?
13:37:19.286 [main] DEBUG c.e.j.m.B.deleteCategoriesByBookId - ==> Parameters: 6(Long)
13:37:19.286 [main] DEBUG c.e.j.m.B.deleteCategoriesByBookId - <==    Updates: 0
13:37:19.287 [main] DEBUG c.e.j.m.B.insertBookCategories - ==>  Preparing: INSERT INTO books_categories (book_id, category_id) VALUES (?, ?)
13:37:19.287 [main] DEBUG c.e.j.m.B.insertBookCategories - ==> Parameters: 6(Long), 1(Long)
13:37:19.287 [main] DEBUG c.e.j.m.B.insertBookCategories - <==    Updates: 1
13:37:19.288 [main] DEBUG c.e.j.mapper.BookMapper.insert - ==>  Preparing: INSERT INTO books (title, isbn, author_id, published_year) VALUES (?, ?, ?, ?)
13:37:19.289 [main] DEBUG c.e.j.mapper.BookMapper.insert - ==> Parameters: Java Concurrency in Practice(String), 9780321349606(String), 1(Long), 2006(Integer)
13:37:19.289 [main] DEBUG c.e.j.mapper.BookMapper.insert - <==    Updates: 1
13:37:19.290 [main] DEBUG c.e.j.m.B.deleteCategoriesByBookId - ==>  Preparing: DELETE FROM books_categories bc WHERE bc.book_id = ?
13:37:19.290 [main] DEBUG c.e.j.m.B.deleteCategoriesByBookId - ==> Parameters: 7(Long)
13:37:19.290 [main] DEBUG c.e.j.m.B.deleteCategoriesByBookId - <==    Updates: 0
13:37:19.291 [main] DEBUG c.e.j.m.B.insertBookCategories - ==>  Preparing: INSERT INTO books_categories (book_id, category_id) VALUES (?, ?)
13:37:19.291 [main] DEBUG c.e.j.m.B.insertBookCategories - ==> Parameters: 7(Long), 1(Long)
13:37:19.292 [main] DEBUG c.e.j.m.B.insertBookCategories - <==    Updates: 1
13:37:19.293 [main] DEBUG c.e.j.mapper.BookMapper.insert - ==>  Preparing: INSERT INTO books (title, isbn, author_id, published_year) VALUES (?, ?, ?, ?)
13:37:19.294 [main] DEBUG c.e.j.mapper.BookMapper.insert - ==> Parameters: Java Concurrency in Practice(String), 9780321349606(String), 1(Long), 2006(Integer)
13:37:19.294 [main] DEBUG c.e.j.mapper.BookMapper.insert - <==    Updates: 1
13:37:19.296 [main] DEBUG c.e.j.m.B.deleteCategoriesByBookId - ==>  Preparing: DELETE FROM books_categories bc WHERE bc.book_id = ?
13:37:19.296 [main] DEBUG c.e.j.m.B.deleteCategoriesByBookId - ==> Parameters: 8(Long)
13:37:19.296 [main] DEBUG c.e.j.m.B.deleteCategoriesByBookId - <==    Updates: 0
13:37:19.297 [main] DEBUG c.e.j.m.B.insertBookCategories - ==>  Preparing: INSERT INTO books_categories (book_id, category_id) VALUES (?, ?)
13:37:19.297 [main] DEBUG c.e.j.m.B.insertBookCategories - ==> Parameters: 8(Long), 1(Long)
13:37:19.297 [main] DEBUG c.e.j.m.B.insertBookCategories - <==    Updates: 1
13:37:19.297 [main] DEBUG c.e.j.mapper.BookMapper.insert - ==>  Preparing: INSERT INTO books (title, isbn, author_id, published_year) VALUES (?, ?, ?, ?)
13:37:19.299 [main] DEBUG c.e.j.mapper.BookMapper.insert - ==> Parameters: Java Concurrency in Practice(String), 9780321349606(String), 1(Long), 2006(Integer)
13:37:19.299 [main] DEBUG c.e.j.mapper.BookMapper.insert - <==    Updates: 1
13:37:19.301 [main] DEBUG c.e.j.m.B.deleteCategoriesByBookId - ==>  Preparing: DELETE FROM books_categories bc WHERE bc.book_id = ?
13:37:19.302 [main] DEBUG c.e.j.m.B.deleteCategoriesByBookId - ==> Parameters: 9(Long)
13:37:19.302 [main] DEBUG c.e.j.m.B.deleteCategoriesByBookId - <==    Updates: 0
13:37:19.303 [main] DEBUG c.e.j.m.B.insertBookCategories - ==>  Preparing: INSERT INTO books_categories (book_id, category_id) VALUES (?, ?)
13:37:19.303 [main] DEBUG c.e.j.m.B.insertBookCategories - ==> Parameters: 9(Long), 1(Long)
13:37:19.304 [main] DEBUG c.e.j.m.B.insertBookCategories - <==    Updates: 1
13:37:19.305 [main] DEBUG c.e.j.mapper.BookMapper.insert - ==>  Preparing: INSERT INTO books (title, isbn, author_id, published_year) VALUES (?, ?, ?, ?)
13:37:19.306 [main] DEBUG c.e.j.mapper.BookMapper.insert - ==> Parameters: Java Concurrency in Practice(String), 9780321349606(String), 1(Long), 2006(Integer)
13:37:19.306 [main] DEBUG c.e.j.mapper.BookMapper.insert - <==    Updates: 1
13:37:19.307 [main] DEBUG c.e.j.m.B.deleteCategoriesByBookId - ==>  Preparing: DELETE FROM books_categories bc WHERE bc.book_id = ?
13:37:19.307 [main] DEBUG c.e.j.m.B.deleteCategoriesByBookId - ==> Parameters: 10(Long)
13:37:19.308 [main] DEBUG c.e.j.m.B.deleteCategoriesByBookId - <==    Updates: 0
13:37:19.308 [main] DEBUG c.e.j.m.B.insertBookCategories - ==>  Preparing: INSERT INTO books_categories (book_id, category_id) VALUES (?, ?)
13:37:19.308 [main] DEBUG c.e.j.m.B.insertBookCategories - ==> Parameters: 10(Long), 1(Long)
13:37:19.308 [main] DEBUG c.e.j.m.B.insertBookCategories - <==    Updates: 1
13:37:19.310 [main] DEBUG c.e.j.mapper.BookMapper.insert - ==>  Preparing: INSERT INTO books (title, isbn, author_id, published_year) VALUES (?, ?, ?, ?)
13:37:19.310 [main] DEBUG c.e.j.mapper.BookMapper.insert - ==> Parameters: Java Concurrency in Practice(String), 9780321349606(String), 1(Long), 2006(Integer)
13:37:19.311 [main] DEBUG c.e.j.mapper.BookMapper.insert - <==    Updates: 1
13:37:19.312 [main] DEBUG c.e.j.m.B.deleteCategoriesByBookId - ==>  Preparing: DELETE FROM books_categories bc WHERE bc.book_id = ?
13:37:19.313 [main] DEBUG c.e.j.m.B.deleteCategoriesByBookId - ==> Parameters: 11(Long)
13:37:19.313 [main] DEBUG c.e.j.m.B.deleteCategoriesByBookId - <==    Updates: 0
13:37:19.313 [main] DEBUG c.e.j.m.B.insertBookCategories - ==>  Preparing: INSERT INTO books_categories (book_id, category_id) VALUES (?, ?)
13:37:19.314 [main] DEBUG c.e.j.m.B.insertBookCategories - ==> Parameters: 11(Long), 1(Long)
13:37:19.314 [main] DEBUG c.e.j.m.B.insertBookCategories - <==    Updates: 1
13:37:19.315 [main] DEBUG c.e.j.mapper.BookMapper.insert - ==>  Preparing: INSERT INTO books (title, isbn, author_id, published_year) VALUES (?, ?, ?, ?)
13:37:19.315 [main] DEBUG c.e.j.mapper.BookMapper.insert - ==> Parameters: Java Concurrency in Practice(String), 9780321349606(String), 1(Long), 2006(Integer)
13:37:19.315 [main] DEBUG c.e.j.mapper.BookMapper.insert - <==    Updates: 1
13:37:19.316 [main] DEBUG c.e.j.m.B.deleteCategoriesByBookId - ==>  Preparing: DELETE FROM books_categories bc WHERE bc.book_id = ?
13:37:19.316 [main] DEBUG c.e.j.m.B.deleteCategoriesByBookId - ==> Parameters: 12(Long)
13:37:19.316 [main] DEBUG c.e.j.m.B.deleteCategoriesByBookId - <==    Updates: 0
13:37:19.317 [main] DEBUG c.e.j.m.B.insertBookCategories - ==>  Preparing: INSERT INTO books_categories (book_id, category_id) VALUES (?, ?)
13:37:19.317 [main] DEBUG c.e.j.m.B.insertBookCategories - ==> Parameters: 12(Long), 1(Long)
13:37:19.317 [main] DEBUG c.e.j.m.B.insertBookCategories - <==    Updates: 1
13:37:19.318 [main] DEBUG c.e.j.mapper.BookMapper.insert - ==>  Preparing: INSERT INTO books (title, isbn, author_id, published_year) VALUES (?, ?, ?, ?)
13:37:19.318 [main] DEBUG c.e.j.mapper.BookMapper.insert - ==> Parameters: Java Concurrency in Practice(String), 9780321349606(String), 1(Long), 2006(Integer)
13:37:19.319 [main] DEBUG c.e.j.mapper.BookMapper.insert - <==    Updates: 1
13:37:19.319 [main] DEBUG c.e.j.m.B.deleteCategoriesByBookId - ==>  Preparing: DELETE FROM books_categories bc WHERE bc.book_id = ?
13:37:19.319 [main] DEBUG c.e.j.m.B.deleteCategoriesByBookId - ==> Parameters: 13(Long)
13:37:19.320 [main] DEBUG c.e.j.m.B.deleteCategoriesByBookId - <==    Updates: 0
13:37:19.320 [main] DEBUG c.e.j.m.B.insertBookCategories - ==>  Preparing: INSERT INTO books_categories (book_id, category_id) VALUES (?, ?)
13:37:19.320 [main] DEBUG c.e.j.m.B.insertBookCategories - ==> Parameters: 13(Long), 1(Long)
13:37:19.320 [main] DEBUG c.e.j.m.B.insertBookCategories - <==    Updates: 1
13:37:19.321 [main] DEBUG c.e.j.mapper.BookMapper.insert - ==>  Preparing: INSERT INTO books (title, isbn, author_id, published_year) VALUES (?, ?, ?, ?)
13:37:19.322 [main] DEBUG c.e.j.mapper.BookMapper.insert - ==> Parameters: Java Concurrency in Practice(String), 9780321349606(String), 1(Long), 2006(Integer)
13:37:19.322 [main] DEBUG c.e.j.mapper.BookMapper.insert - <==    Updates: 1
13:37:19.323 [main] DEBUG c.e.j.m.B.deleteCategoriesByBookId - ==>  Preparing: DELETE FROM books_categories bc WHERE bc.book_id = ?
13:37:19.323 [main] DEBUG c.e.j.m.B.deleteCategoriesByBookId - ==> Parameters: 14(Long)
13:37:19.324 [main] DEBUG c.e.j.m.B.deleteCategoriesByBookId - <==    Updates: 0
13:37:19.324 [main] DEBUG c.e.j.m.B.insertBookCategories - ==>  Preparing: INSERT INTO books_categories (book_id, category_id) VALUES (?, ?)
13:37:19.324 [main] DEBUG c.e.j.m.B.insertBookCategories - ==> Parameters: 14(Long), 1(Long)
13:37:19.324 [main] DEBUG c.e.j.m.B.insertBookCategories - <==    Updates: 1
13:37:19.325 [main] DEBUG c.e.j.mapper.BookMapper.insert - ==>  Preparing: INSERT INTO books (title, isbn, author_id, published_year) VALUES (?, ?, ?, ?)
13:37:19.325 [main] DEBUG c.e.j.mapper.BookMapper.insert - ==> Parameters: Java Concurrency in Practice(String), 9780321349606(String), 1(Long), 2006(Integer)
13:37:19.326 [main] DEBUG c.e.j.mapper.BookMapper.insert - <==    Updates: 1
13:37:19.344 [main] DEBUG c.e.j.m.B.deleteCategoriesByBookId - ==>  Preparing: DELETE FROM books_categories bc WHERE bc.book_id = ?
13:37:19.344 [main] DEBUG c.e.j.m.B.deleteCategoriesByBookId - ==> Parameters: 15(Long)
13:37:19.345 [main] DEBUG c.e.j.m.B.deleteCategoriesByBookId - <==    Updates: 0
13:37:19.345 [main] DEBUG c.e.j.m.B.insertBookCategories - ==>  Preparing: INSERT INTO books_categories (book_id, category_id) VALUES (?, ?)
13:37:19.345 [main] DEBUG c.e.j.m.B.insertBookCategories - ==> Parameters: 15(Long), 1(Long)
13:37:19.345 [main] DEBUG c.e.j.m.B.insertBookCategories - <==    Updates: 1
13:37:19.346 [main] DEBUG c.e.j.mapper.BookMapper.insert - ==>  Preparing: INSERT INTO books (title, isbn, author_id, published_year) VALUES (?, ?, ?, ?)
13:37:19.346 [main] DEBUG c.e.j.mapper.BookMapper.insert - ==> Parameters: Java Concurrency in Practice(String), 9780321349606(String), 1(Long), 2006(Integer)
13:37:19.347 [main] DEBUG c.e.j.mapper.BookMapper.insert - <==    Updates: 1
13:37:19.347 [main] DEBUG c.e.j.m.B.deleteCategoriesByBookId - ==>  Preparing: DELETE FROM books_categories bc WHERE bc.book_id = ?
13:37:19.347 [main] DEBUG c.e.j.m.B.deleteCategoriesByBookId - ==> Parameters: 16(Long)
13:37:19.347 [main] DEBUG c.e.j.m.B.deleteCategoriesByBookId - <==    Updates: 0
13:37:19.348 [main] DEBUG c.e.j.m.B.insertBookCategories - ==>  Preparing: INSERT INTO books_categories (book_id, category_id) VALUES (?, ?)
13:37:19.348 [main] DEBUG c.e.j.m.B.insertBookCategories - ==> Parameters: 16(Long), 1(Long)
13:37:19.348 [main] DEBUG c.e.j.m.B.insertBookCategories - <==    Updates: 1
13:37:19.348 [main] DEBUG c.e.j.mapper.BookMapper.insert - ==>  Preparing: INSERT INTO books (title, isbn, author_id, published_year) VALUES (?, ?, ?, ?)
13:37:19.349 [main] DEBUG c.e.j.mapper.BookMapper.insert - ==> Parameters: Java Concurrency in Practice(String), 9780321349606(String), 1(Long), 2006(Integer)
13:37:19.349 [main] DEBUG c.e.j.mapper.BookMapper.insert - <==    Updates: 1
13:37:19.349 [main] DEBUG c.e.j.m.B.deleteCategoriesByBookId - ==>  Preparing: DELETE FROM books_categories bc WHERE bc.book_id = ?
13:37:19.350 [main] DEBUG c.e.j.m.B.deleteCategoriesByBookId - ==> Parameters: 17(Long)
13:37:19.350 [main] DEBUG c.e.j.m.B.deleteCategoriesByBookId - <==    Updates: 0
13:37:19.350 [main] DEBUG c.e.j.m.B.insertBookCategories - ==>  Preparing: INSERT INTO books_categories (book_id, category_id) VALUES (?, ?)
13:37:19.350 [main] DEBUG c.e.j.m.B.insertBookCategories - ==> Parameters: 17(Long), 1(Long)
13:37:19.350 [main] DEBUG c.e.j.m.B.insertBookCategories - <==    Updates: 1
13:37:19.351 [main] DEBUG c.e.j.mapper.BookMapper.insert - ==>  Preparing: INSERT INTO books (title, isbn, author_id, published_year) VALUES (?, ?, ?, ?)
13:37:19.351 [main] DEBUG c.e.j.mapper.BookMapper.insert - ==> Parameters: Java Concurrency in Practice(String), 9780321349606(String), 1(Long), 2006(Integer)
13:37:19.351 [main] DEBUG c.e.j.mapper.BookMapper.insert - <==    Updates: 1
13:37:19.352 [main] DEBUG c.e.j.m.B.deleteCategoriesByBookId - ==>  Preparing: DELETE FROM books_categories bc WHERE bc.book_id = ?
13:37:19.352 [main] DEBUG c.e.j.m.B.deleteCategoriesByBookId - ==> Parameters: 18(Long)
13:37:19.352 [main] DEBUG c.e.j.m.B.deleteCategoriesByBookId - <==    Updates: 0
13:37:19.352 [main] DEBUG c.e.j.m.B.insertBookCategories - ==>  Preparing: INSERT INTO books_categories (book_id, category_id) VALUES (?, ?)
13:37:19.352 [main] DEBUG c.e.j.m.B.insertBookCategories - ==> Parameters: 18(Long), 1(Long)
13:37:19.352 [main] DEBUG c.e.j.m.B.insertBookCategories - <==    Updates: 1
13:37:19.353 [main] DEBUG c.e.j.mapper.BookMapper.insert - ==>  Preparing: INSERT INTO books (title, isbn, author_id, published_year) VALUES (?, ?, ?, ?)
13:37:19.353 [main] DEBUG c.e.j.mapper.BookMapper.insert - ==> Parameters: Java Concurrency in Practice(String), 9780321349606(String), 1(Long), 2006(Integer)
13:37:19.353 [main] DEBUG c.e.j.mapper.BookMapper.insert - <==    Updates: 1
13:37:19.354 [main] DEBUG c.e.j.m.B.deleteCategoriesByBookId - ==>  Preparing: DELETE FROM books_categories bc WHERE bc.book_id = ?
13:37:19.354 [main] DEBUG c.e.j.m.B.deleteCategoriesByBookId - ==> Parameters: 19(Long)
13:37:19.354 [main] DEBUG c.e.j.m.B.deleteCategoriesByBookId - <==    Updates: 0
13:37:19.354 [main] DEBUG c.e.j.m.B.insertBookCategories - ==>  Preparing: INSERT INTO books_categories (book_id, category_id) VALUES (?, ?)
13:37:19.354 [main] DEBUG c.e.j.m.B.insertBookCategories - ==> Parameters: 19(Long), 1(Long)
13:37:19.355 [main] DEBUG c.e.j.m.B.insertBookCategories - <==    Updates: 1
13:37:19.355 [main] DEBUG c.e.j.mapper.BookMapper.insert - ==>  Preparing: INSERT INTO books (title, isbn, author_id, published_year) VALUES (?, ?, ?, ?)
13:37:19.356 [main] DEBUG c.e.j.mapper.BookMapper.insert - ==> Parameters: Java Concurrency in Practice(String), 9780321349606(String), 1(Long), 2006(Integer)
13:37:19.356 [main] DEBUG c.e.j.mapper.BookMapper.insert - <==    Updates: 1
13:37:19.356 [main] DEBUG c.e.j.m.B.deleteCategoriesByBookId - ==>  Preparing: DELETE FROM books_categories bc WHERE bc.book_id = ?
13:37:19.356 [main] DEBUG c.e.j.m.B.deleteCategoriesByBookId - ==> Parameters: 20(Long)
13:37:19.357 [main] DEBUG c.e.j.m.B.deleteCategoriesByBookId - <==    Updates: 0
13:37:19.357 [main] DEBUG c.e.j.m.B.insertBookCategories - ==>  Preparing: INSERT INTO books_categories (book_id, category_id) VALUES (?, ?)
13:37:19.357 [main] DEBUG c.e.j.m.B.insertBookCategories - ==> Parameters: 20(Long), 1(Long)
13:37:19.357 [main] DEBUG c.e.j.m.B.insertBookCategories - <==    Updates: 1
13:37:19.358 [main] DEBUG c.e.j.mapper.BookMapper.insert - ==>  Preparing: INSERT INTO books (title, isbn, author_id, published_year) VALUES (?, ?, ?, ?)
13:37:19.358 [main] DEBUG c.e.j.mapper.BookMapper.insert - ==> Parameters: Java Concurrency in Practice(String), 9780321349606(String), 1(Long), 2006(Integer)
13:37:19.358 [main] DEBUG c.e.j.mapper.BookMapper.insert - <==    Updates: 1
13:37:19.359 [main] DEBUG c.e.j.m.B.deleteCategoriesByBookId - ==>  Preparing: DELETE FROM books_categories bc WHERE bc.book_id = ?
13:37:19.359 [main] DEBUG c.e.j.m.B.deleteCategoriesByBookId - ==> Parameters: 21(Long)
13:37:19.359 [main] DEBUG c.e.j.m.B.deleteCategoriesByBookId - <==    Updates: 0
13:37:19.359 [main] DEBUG c.e.j.m.B.insertBookCategories - ==>  Preparing: INSERT INTO books_categories (book_id, category_id) VALUES (?, ?)
13:37:19.360 [main] DEBUG c.e.j.m.B.insertBookCategories - ==> Parameters: 21(Long), 1(Long)
13:37:19.360 [main] DEBUG c.e.j.m.B.insertBookCategories - <==    Updates: 1
13:37:19.361 [main] DEBUG c.e.j.mapper.BookMapper.insert - ==>  Preparing: INSERT INTO books (title, isbn, author_id, published_year) VALUES (?, ?, ?, ?)
13:37:19.361 [main] DEBUG c.e.j.mapper.BookMapper.insert - ==> Parameters: Java Concurrency in Practice(String), 9780321349606(String), 1(Long), 2006(Integer)
13:37:19.361 [main] DEBUG c.e.j.mapper.BookMapper.insert - <==    Updates: 1
13:37:19.362 [main] DEBUG c.e.j.m.B.deleteCategoriesByBookId - ==>  Preparing: DELETE FROM books_categories bc WHERE bc.book_id = ?
13:37:19.362 [main] DEBUG c.e.j.m.B.deleteCategoriesByBookId - ==> Parameters: 22(Long)
13:37:19.362 [main] DEBUG c.e.j.m.B.deleteCategoriesByBookId - <==    Updates: 0
13:37:19.363 [main] DEBUG c.e.j.m.B.insertBookCategories - ==>  Preparing: INSERT INTO books_categories (book_id, category_id) VALUES (?, ?)
13:37:19.363 [main] DEBUG c.e.j.m.B.insertBookCategories - ==> Parameters: 22(Long), 1(Long)
13:37:19.363 [main] DEBUG c.e.j.m.B.insertBookCategories - <==    Updates: 1
13:37:19.364 [main] DEBUG c.e.j.mapper.BookMapper.insert - ==>  Preparing: INSERT INTO books (title, isbn, author_id, published_year) VALUES (?, ?, ?, ?)
13:37:19.364 [main] DEBUG c.e.j.mapper.BookMapper.insert - ==> Parameters: Java Concurrency in Practice(String), 9780321349606(String), 1(Long), 2006(Integer)
13:37:19.364 [main] DEBUG c.e.j.mapper.BookMapper.insert - <==    Updates: 1
13:37:19.365 [main] DEBUG c.e.j.m.B.deleteCategoriesByBookId - ==>  Preparing: DELETE FROM books_categories bc WHERE bc.book_id = ?
13:37:19.365 [main] DEBUG c.e.j.m.B.deleteCategoriesByBookId - ==> Parameters: 23(Long)
13:37:19.365 [main] DEBUG c.e.j.m.B.deleteCategoriesByBookId - <==    Updates: 0
13:37:19.365 [main] DEBUG c.e.j.m.B.insertBookCategories - ==>  Preparing: INSERT INTO books_categories (book_id, category_id) VALUES (?, ?)
13:37:19.365 [main] DEBUG c.e.j.m.B.insertBookCategories - ==> Parameters: 23(Long), 1(Long)
13:37:19.365 [main] DEBUG c.e.j.m.B.insertBookCategories - <==    Updates: 1
13:37:19.366 [main] DEBUG c.e.j.mapper.BookMapper.insert - ==>  Preparing: INSERT INTO books (title, isbn, author_id, published_year) VALUES (?, ?, ?, ?)
13:37:19.366 [main] DEBUG c.e.j.mapper.BookMapper.insert - ==> Parameters: Java Concurrency in Practice(String), 9780321349606(String), 1(Long), 2006(Integer)
13:37:19.366 [main] DEBUG c.e.j.mapper.BookMapper.insert - <==    Updates: 1
13:37:19.367 [main] DEBUG c.e.j.m.B.deleteCategoriesByBookId - ==>  Preparing: DELETE FROM books_categories bc WHERE bc.book_id = ?
13:37:19.367 [main] DEBUG c.e.j.m.B.deleteCategoriesByBookId - ==> Parameters: 24(Long)
13:37:19.367 [main] DEBUG c.e.j.m.B.deleteCategoriesByBookId - <==    Updates: 0
13:37:19.367 [main] DEBUG c.e.j.m.B.insertBookCategories - ==>  Preparing: INSERT INTO books_categories (book_id, category_id) VALUES (?, ?)
13:37:19.368 [main] DEBUG c.e.j.m.B.insertBookCategories - ==> Parameters: 24(Long), 1(Long)
13:37:19.368 [main] DEBUG c.e.j.m.B.insertBookCategories - <==    Updates: 1
13:37:19.371 [main] DEBUG c.e.j.mapper.UserMapper.findByEmail - ==>  Preparing: SELECT * FROM users u WHERE u.email = ?
13:37:19.371 [main] DEBUG c.e.j.mapper.UserMapper.findByEmail - ==> Parameters: user@example.com(String)
13:37:19.381 [main] DEBUG c.e.j.mapper.UserMapper.findByEmail - <==      Total: 0
13:37:19.443 [main] DEBUG c.e.j.mapper.UserMapper.insert - ==>  Preparing: INSERT INTO users (email, name, password_hash, role) VALUES (?, ?, ?, ?)
13:37:19.444 [main] DEBUG c.e.j.mapper.UserMapper.insert - ==> Parameters: user@example.com(String), 測試使用者(String), $2a$10$UeH6a9MdNTvHgOHMzZ4F5.ZDdrXvegScjGES4kNHLwluIICIYa0j6(String), USER(String)
13:37:19.445 [main] DEBUG c.e.j.mapper.UserMapper.insert - <==    Updates: 1
13:37:19.446 [main] INFO  c.e.j.service.AuthServiceImpl - 新使用者註冊：userId=1, email=user@example.com
13:37:19.503 [main] DEBUG c.e.j.mapper.UserMapper.insert - ==>  Preparing: INSERT INTO users (email, name, password_hash, role) VALUES (?, ?, ?, ?)
13:37:19.504 [main] DEBUG c.e.j.mapper.UserMapper.insert - ==> Parameters: admin@example.com(String), 管理員(String), $2a$10$tZWbMc9TEzpTs3ZDzZa3bucTHrLjW6.EmzekovE4KAusXvyaOW6Me(String), ADMIN(String)
13:37:19.504 [main] DEBUG c.e.j.mapper.UserMapper.insert - <==    Updates: 1
13:37:19.560 [main] DEBUG c.e.j.mapper.UserMapper.insert - ==>  Preparing: INSERT INTO users (email, name, password_hash, role) VALUES (?, ?, ?, ?)
13:37:19.561 [main] DEBUG c.e.j.mapper.UserMapper.insert - ==> Parameters: procurement@example.com(String), 採購人員(String), $2a$10$/1tmdXPPfRStUQSBWcxkUu0vaJsWaynP6n4pOmsZlGaUUxUtF6xc2(String), PROCUREMENT(String)
13:37:19.562 [main] DEBUG c.e.j.mapper.UserMapper.insert - <==    Updates: 1
13:37:19.565 [main] DEBUG c.e.j.m.BookRequestMapper.insert - ==>  Preparing: INSERT INTO book_requests (requester_id, status, requested_at, idempotency_key) VALUES (?, ?, ?, ?)
13:37:19.566 [main] DEBUG c.e.j.m.BookRequestMapper.insert - ==> Parameters: 1(Long), PENDING(String), 2026-09-11 13:37:19.5643267(Timestamp), d615087e-8e53-4d96-8dc4-04bf1b12d978(String)
13:37:19.566 [main] DEBUG c.e.j.m.BookRequestMapper.insert - <==    Updates: 1
13:37:19.567 [main] DEBUG c.e.j.m.BookRequestItemMapper.insert - ==>  Preparing: INSERT INTO book_request_items (book_request_id, title, isbn, author_id, published_year, estimated_price) VALUES (?, ?, ?, ?, ?, ?)
13:37:19.567 [main] DEBUG c.e.j.m.BookRequestItemMapper.insert - ==> Parameters: 1(Long), Refactoring(String), null, null, null, null
13:37:19.568 [main] DEBUG c.e.j.m.BookRequestItemMapper.insert - <==    Updates: 1
13:37:19.569 [main] DEBUG c.e.j.mapper.AuditLogMapper.insert - ==>  Preparing: INSERT INTO audit_logs (user_id, audited_at, action, entity_type, entity_id, detail) VALUES (?, ?, ?, ?, ?, ?)
13:37:19.596 [main] DEBUG c.e.j.mapper.AuditLogMapper.insert - ==> Parameters: 1(Long), 2026-09-11 13:37:19.5643267(Timestamp), SUBMIT(String), BOOK_REQUEST(String), 1(Long), [B@7b948f3e(byte[])
13:37:19.599 [main] DEBUG c.e.j.mapper.AuditLogMapper.insert - <==    Updates: 1
13:37:19.599 [main] INFO  c.e.j.service.BookRequestServiceImpl - 送出申請：requestId=1, requesterId=1, 書籍數=1
13:37:19.600 [main] DEBUG c.e.j.m.BookRequestMapper.insert - ==>  Preparing: INSERT INTO book_requests (requester_id, status, requested_at, idempotency_key) VALUES (?, ?, ?, ?)
13:37:19.600 [main] DEBUG c.e.j.m.BookRequestMapper.insert - ==> Parameters: 1(Long), PENDING(String), 2026-09-11 13:37:19.6008679(Timestamp), 15b6c794-29a7-41a0-b928-7474ef7aeb0f(String)
13:37:19.601 [main] DEBUG c.e.j.m.BookRequestMapper.insert - <==    Updates: 1
13:37:19.601 [main] DEBUG c.e.j.m.BookRequestItemMapper.insert - ==>  Preparing: INSERT INTO book_request_items (book_request_id, title, isbn, author_id, published_year, estimated_price) VALUES (?, ?, ?, ?, ?, ?)
13:37:19.601 [main] DEBUG c.e.j.m.BookRequestItemMapper.insert - ==> Parameters: 2(Long), The Pragmatic Programmer(String), 9780135957059(String), null, 2019(Integer), 850(BigDecimal)
13:37:19.602 [main] DEBUG c.e.j.m.BookRequestItemMapper.insert - <==    Updates: 1
13:37:19.602 [main] DEBUG c.e.j.m.BookRequestItemMapper.insert - ==>  Preparing: INSERT INTO book_request_items (book_request_id, title, isbn, author_id, published_year, estimated_price) VALUES (?, ?, ?, ?, ?, ?)
13:37:19.602 [main] DEBUG c.e.j.m.BookRequestItemMapper.insert - ==> Parameters: 2(Long), Head First Design Patterns(String), null, null, null, null
13:37:19.602 [main] DEBUG c.e.j.m.BookRequestItemMapper.insert - <==    Updates: 1
13:37:19.603 [main] DEBUG c.e.j.mapper.AuditLogMapper.insert - ==>  Preparing: INSERT INTO audit_logs (user_id, audited_at, action, entity_type, entity_id, detail) VALUES (?, ?, ?, ?, ?, ?)
13:37:19.604 [main] DEBUG c.e.j.mapper.AuditLogMapper.insert - ==> Parameters: 1(Long), 2026-09-11 13:37:19.6008679(Timestamp), SUBMIT(String), BOOK_REQUEST(String), 2(Long), [B@372ca2d6(byte[])
13:37:19.604 [main] DEBUG c.e.j.mapper.AuditLogMapper.insert - <==    Updates: 1
13:37:19.604 [main] INFO  c.e.j.service.BookRequestServiceImpl - 送出申請：requestId=2, requesterId=1, 書籍數=2
13:37:19.605 [main] DEBUG c.e.j.m.BookRequestMapper.insert - ==>  Preparing: INSERT INTO book_requests (requester_id, status, requested_at, idempotency_key) VALUES (?, ?, ?, ?)
13:37:19.605 [main] DEBUG c.e.j.m.BookRequestMapper.insert - ==> Parameters: 1(Long), PENDING(String), 2026-09-11 13:37:19.6058653(Timestamp), 1819b921-3147-4e26-bc47-bf4d6cb1be48(String)
13:37:19.605 [main] DEBUG c.e.j.m.BookRequestMapper.insert - <==    Updates: 1
13:37:19.606 [main] DEBUG c.e.j.m.BookRequestItemMapper.insert - ==>  Preparing: INSERT INTO book_request_items (book_request_id, title, isbn, author_id, published_year, estimated_price) VALUES (?, ?, ?, ?, ?, ?)
13:37:19.606 [main] DEBUG c.e.j.m.BookRequestItemMapper.insert - ==> Parameters: 3(Long), Test-Driven Development(String), 9780321146533(String), null, 2002(Integer), null
13:37:19.606 [main] DEBUG c.e.j.m.BookRequestItemMapper.insert - <==    Updates: 1
13:37:19.606 [main] DEBUG c.e.j.mapper.AuditLogMapper.insert - ==>  Preparing: INSERT INTO audit_logs (user_id, audited_at, action, entity_type, entity_id, detail) VALUES (?, ?, ?, ?, ?, ?)
13:37:19.606 [main] DEBUG c.e.j.mapper.AuditLogMapper.insert - ==> Parameters: 1(Long), 2026-09-11 13:37:19.6058653(Timestamp), SUBMIT(String), BOOK_REQUEST(String), 3(Long), [B@a5272be(byte[])
13:37:19.607 [main] DEBUG c.e.j.mapper.AuditLogMapper.insert - <==    Updates: 1
13:37:19.607 [main] INFO  c.e.j.service.BookRequestServiceImpl - 送出申請：requestId=3, requesterId=1, 書籍數=1
13:37:19.607 [main] DEBUG c.e.j.m.BookRequestMapper.insert - ==>  Preparing: INSERT INTO book_requests (requester_id, status, requested_at, idempotency_key) VALUES (?, ?, ?, ?)
13:37:19.608 [main] DEBUG c.e.j.m.BookRequestMapper.insert - ==> Parameters: 1(Long), PENDING(String), 2026-09-11 13:37:19.6078756(Timestamp), a99d3220-5536-4638-be90-dbf8c70fc70c(String)
13:37:19.608 [main] DEBUG c.e.j.m.BookRequestMapper.insert - <==    Updates: 1
13:37:19.608 [main] DEBUG c.e.j.m.BookRequestItemMapper.insert - ==>  Preparing: INSERT INTO book_request_items (book_request_id, title, isbn, author_id, published_year, estimated_price) VALUES (?, ?, ?, ?, ?, ?)
13:37:19.608 [main] DEBUG c.e.j.m.BookRequestItemMapper.insert - ==> Parameters: 4(Long), Working Effectively with Legacy Code(String), null, null, null, null
13:37:19.608 [main] DEBUG c.e.j.m.BookRequestItemMapper.insert - <==    Updates: 1
13:37:19.609 [main] DEBUG c.e.j.mapper.AuditLogMapper.insert - ==>  Preparing: INSERT INTO audit_logs (user_id, audited_at, action, entity_type, entity_id, detail) VALUES (?, ?, ?, ?, ?, ?)
13:37:19.609 [main] DEBUG c.e.j.mapper.AuditLogMapper.insert - ==> Parameters: 1(Long), 2026-09-11 13:37:19.6078756(Timestamp), SUBMIT(String), BOOK_REQUEST(String), 4(Long), [B@1d9bd4da(byte[])
13:37:19.609 [main] DEBUG c.e.j.mapper.AuditLogMapper.insert - <==    Updates: 1
13:37:19.610 [main] INFO  c.e.j.service.BookRequestServiceImpl - 送出申請：requestId=4, requesterId=1, 書籍數=1
13:37:19.611 [main] DEBUG c.e.j.m.BookRequestMapper.insert - ==>  Preparing: INSERT INTO book_requests (requester_id, status, requested_at, idempotency_key) VALUES (?, ?, ?, ?)
13:37:19.611 [main] DEBUG c.e.j.m.BookRequestMapper.insert - ==> Parameters: 1(Long), PENDING(String), 2026-09-11 13:37:19.6108659(Timestamp), 53abe8e7-c133-466f-90f7-f8c065ab16d8(String)
13:37:19.611 [main] DEBUG c.e.j.m.BookRequestMapper.insert - <==    Updates: 1
13:37:19.611 [main] DEBUG c.e.j.m.BookRequestItemMapper.insert - ==>  Preparing: INSERT INTO book_request_items (book_request_id, title, isbn, author_id, published_year, estimated_price) VALUES (?, ?, ?, ?, ?, ?)
13:37:19.611 [main] DEBUG c.e.j.m.BookRequestItemMapper.insert - ==> Parameters: 5(Long), Continuous Delivery(String), null, null, null, null
13:37:19.611 [main] DEBUG c.e.j.m.BookRequestItemMapper.insert - <==    Updates: 1
13:37:19.612 [main] DEBUG c.e.j.mapper.AuditLogMapper.insert - ==>  Preparing: INSERT INTO audit_logs (user_id, audited_at, action, entity_type, entity_id, detail) VALUES (?, ?, ?, ?, ?, ?)
13:37:19.612 [main] DEBUG c.e.j.mapper.AuditLogMapper.insert - ==> Parameters: 1(Long), 2026-09-11 13:37:19.6108659(Timestamp), SUBMIT(String), BOOK_REQUEST(String), 5(Long), [B@10b1a751(byte[])
13:37:19.612 [main] DEBUG c.e.j.mapper.AuditLogMapper.insert - <==    Updates: 1
13:37:19.612 [main] INFO  c.e.j.service.BookRequestServiceImpl - 送出申請：requestId=5, requesterId=1, 書籍數=1
13:37:19.613 [main] DEBUG c.e.j.m.BookRequestMapper.insert - ==>  Preparing: INSERT INTO book_requests (requester_id, status, requested_at, idempotency_key) VALUES (?, ?, ?, ?)
13:37:19.613 [main] DEBUG c.e.j.m.BookRequestMapper.insert - ==> Parameters: 1(Long), PENDING(String), 2026-09-11 13:37:19.6128653(Timestamp), 91691d56-be4f-40a7-8c4b-3df9fdc3fb88(String)
13:37:19.613 [main] DEBUG c.e.j.m.BookRequestMapper.insert - <==    Updates: 1
13:37:19.613 [main] DEBUG c.e.j.m.BookRequestItemMapper.insert - ==>  Preparing: INSERT INTO book_request_items (book_request_id, title, isbn, author_id, published_year, estimated_price) VALUES (?, ?, ?, ?, ?, ?)
13:37:19.613 [main] DEBUG c.e.j.m.BookRequestItemMapper.insert - ==> Parameters: 6(Long), Site Reliability Engineering(String), null, null, 2016(Integer), 1200(BigDecimal)
13:37:19.613 [main] DEBUG c.e.j.m.BookRequestItemMapper.insert - <==    Updates: 1
13:37:19.614 [main] DEBUG c.e.j.mapper.AuditLogMapper.insert - ==>  Preparing: INSERT INTO audit_logs (user_id, audited_at, action, entity_type, entity_id, detail) VALUES (?, ?, ?, ?, ?, ?)
13:37:19.614 [main] DEBUG c.e.j.mapper.AuditLogMapper.insert - ==> Parameters: 1(Long), 2026-09-11 13:37:19.6128653(Timestamp), SUBMIT(String), BOOK_REQUEST(String), 6(Long), [B@142213d5(byte[])
13:37:19.614 [main] DEBUG c.e.j.mapper.AuditLogMapper.insert - <==    Updates: 1
13:37:19.614 [main] INFO  c.e.j.service.BookRequestServiceImpl - 送出申請：requestId=6, requesterId=1, 書籍數=1
13:37:19.616 [main] DEBUG c.e.j.m.BookRequestMapper.approve - ==>  Preparing: UPDATE book_requests SET status = 'APPROVED', approver_id = ?, approved_at = ? WHERE id = ? AND status = 'PENDING' AND requester_id != ?
13:37:19.618 [main] DEBUG c.e.j.m.BookRequestMapper.approve - ==> Parameters: 2(Long), 2026-09-11 13:37:19.6168646(Timestamp), 6(Long), 2(Long)
13:37:19.618 [main] DEBUG c.e.j.m.BookRequestMapper.approve - <==    Updates: 1
13:37:19.619 [main] DEBUG c.e.j.m.BookRequestMapper.findById - ==>  Preparing: SELECT * FROM book_requests WHERE id = ?
13:37:19.619 [main] DEBUG c.e.j.m.BookRequestMapper.findById - ==> Parameters: 6(Long)
13:37:19.622 [main] DEBUG c.e.j.m.BookRequestMapper.findById - <==      Total: 1
13:37:19.622 [main] DEBUG c.e.j.m.B.findByBookRequestId - ==>  Preparing: SELECT * FROM book_request_items WHERE book_request_id = ?
13:37:19.623 [main] DEBUG c.e.j.m.B.findByBookRequestId - ==> Parameters: 6(Long)
13:37:19.624 [main] DEBUG c.e.j.m.B.findByBookRequestId - <==      Total: 1
13:37:19.624 [main] DEBUG c.e.j.m.ProcurementItemMapper.insert - ==>  Preparing: INSERT INTO procurement_items (book_request_item_id, status) VALUES (?, ?)
13:37:19.625 [main] DEBUG c.e.j.m.ProcurementItemMapper.insert - ==> Parameters: 7(Long), PENDING(String)
13:37:19.625 [main] DEBUG c.e.j.m.ProcurementItemMapper.insert - <==    Updates: 1
13:37:19.625 [main] DEBUG c.e.j.mapper.AuditLogMapper.insert - ==>  Preparing: INSERT INTO audit_logs (user_id, audited_at, action, entity_type, entity_id, detail) VALUES (?, ?, ?, ?, ?, ?)
13:37:19.627 [main] DEBUG c.e.j.mapper.AuditLogMapper.insert - ==> Parameters: 2(Long), 2026-09-11 13:37:19.6168646(Timestamp), CREATE(String), PROCUREMENT_ITEM(String), 1(Long), [B@3b545206(byte[])
13:37:19.627 [main] DEBUG c.e.j.mapper.AuditLogMapper.insert - <==    Updates: 1
13:37:19.627 [main] DEBUG c.e.j.mapper.AuditLogMapper.insert - ==>  Preparing: INSERT INTO audit_logs (user_id, audited_at, action, entity_type, entity_id, detail) VALUES (?, ?, ?, ?, ?, ?)
13:37:19.628 [main] DEBUG c.e.j.mapper.AuditLogMapper.insert - ==> Parameters: 2(Long), 2026-09-11 13:37:19.6168646(Timestamp), APPROVE(String), BOOK_REQUEST(String), 6(Long), [B@77bb48d5(byte[])
13:37:19.628 [main] DEBUG c.e.j.mapper.AuditLogMapper.insert - <==    Updates: 1
13:37:19.628 [main] INFO  c.e.j.service.BookRequestServiceImpl - 申請已核准：requestId=6, approverId=2
13:37:19.629 [main] DEBUG c.e.j.m.BookRequestMapper.insert - ==>  Preparing: INSERT INTO book_requests (requester_id, status, requested_at, idempotency_key) VALUES (?, ?, ?, ?)
13:37:19.629 [main] DEBUG c.e.j.m.BookRequestMapper.insert - ==> Parameters: 1(Long), PENDING(String), 2026-09-11 13:37:19.6298758(Timestamp), d47ab683-97c1-4f0e-a527-19149d4b18d0(String)
13:37:19.630 [main] DEBUG c.e.j.m.BookRequestMapper.insert - <==    Updates: 1
13:37:19.630 [main] DEBUG c.e.j.m.BookRequestItemMapper.insert - ==>  Preparing: INSERT INTO book_request_items (book_request_id, title, isbn, author_id, published_year, estimated_price) VALUES (?, ?, ?, ?, ?, ?)
13:37:19.630 [main] DEBUG c.e.j.m.BookRequestItemMapper.insert - ==> Parameters: 7(Long), Database Internals(String), null, null, null, null
13:37:19.630 [main] DEBUG c.e.j.m.BookRequestItemMapper.insert - <==    Updates: 1
13:37:19.630 [main] DEBUG c.e.j.m.BookRequestItemMapper.insert - ==>  Preparing: INSERT INTO book_request_items (book_request_id, title, isbn, author_id, published_year, estimated_price) VALUES (?, ?, ?, ?, ?, ?)
13:37:19.630 [main] DEBUG c.e.j.m.BookRequestItemMapper.insert - ==> Parameters: 7(Long), Designing Data-Intensive Applications(String), 9781449373320(String), null, 2017(Integer), 1500(BigDecimal)
13:37:19.630 [main] DEBUG c.e.j.m.BookRequestItemMapper.insert - <==    Updates: 1
13:37:19.631 [main] DEBUG c.e.j.mapper.AuditLogMapper.insert - ==>  Preparing: INSERT INTO audit_logs (user_id, audited_at, action, entity_type, entity_id, detail) VALUES (?, ?, ?, ?, ?, ?)
13:37:19.631 [main] DEBUG c.e.j.mapper.AuditLogMapper.insert - ==> Parameters: 1(Long), 2026-09-11 13:37:19.6298758(Timestamp), SUBMIT(String), BOOK_REQUEST(String), 7(Long), [B@b887730(byte[])
13:37:19.631 [main] DEBUG c.e.j.mapper.AuditLogMapper.insert - <==    Updates: 1
13:37:19.631 [main] INFO  c.e.j.service.BookRequestServiceImpl - 送出申請：requestId=7, requesterId=1, 書籍數=2
13:37:19.632 [main] DEBUG c.e.j.m.BookRequestMapper.approve - ==>  Preparing: UPDATE book_requests SET status = 'APPROVED', approver_id = ?, approved_at = ? WHERE id = ? AND status = 'PENDING' AND requester_id != ?
13:37:19.632 [main] DEBUG c.e.j.m.BookRequestMapper.approve - ==> Parameters: 2(Long), 2026-09-11 13:37:19.6328717(Timestamp), 7(Long), 2(Long)
13:37:19.632 [main] DEBUG c.e.j.m.BookRequestMapper.approve - <==    Updates: 1
13:37:19.632 [main] DEBUG c.e.j.m.BookRequestMapper.findById - ==>  Preparing: SELECT * FROM book_requests WHERE id = ?
13:37:19.633 [main] DEBUG c.e.j.m.BookRequestMapper.findById - ==> Parameters: 7(Long)
13:37:19.633 [main] DEBUG c.e.j.m.BookRequestMapper.findById - <==      Total: 1
13:37:19.633 [main] DEBUG c.e.j.m.B.findByBookRequestId - ==>  Preparing: SELECT * FROM book_request_items WHERE book_request_id = ?
13:37:19.633 [main] DEBUG c.e.j.m.B.findByBookRequestId - ==> Parameters: 7(Long)
13:37:19.634 [main] DEBUG c.e.j.m.B.findByBookRequestId - <==      Total: 2
13:37:19.634 [main] DEBUG c.e.j.m.ProcurementItemMapper.insert - ==>  Preparing: INSERT INTO procurement_items (book_request_item_id, status) VALUES (?, ?)
13:37:19.634 [main] DEBUG c.e.j.m.ProcurementItemMapper.insert - ==> Parameters: 8(Long), PENDING(String)
13:37:19.634 [main] DEBUG c.e.j.m.ProcurementItemMapper.insert - <==    Updates: 1
13:37:19.634 [main] DEBUG c.e.j.mapper.AuditLogMapper.insert - ==>  Preparing: INSERT INTO audit_logs (user_id, audited_at, action, entity_type, entity_id, detail) VALUES (?, ?, ?, ?, ?, ?)
13:37:19.634 [main] DEBUG c.e.j.mapper.AuditLogMapper.insert - ==> Parameters: 2(Long), 2026-09-11 13:37:19.6328717(Timestamp), CREATE(String), PROCUREMENT_ITEM(String), 2(Long), [B@6e041285(byte[])
13:37:19.636 [main] DEBUG c.e.j.mapper.AuditLogMapper.insert - <==    Updates: 1
13:37:19.636 [main] DEBUG c.e.j.m.ProcurementItemMapper.insert - ==>  Preparing: INSERT INTO procurement_items (book_request_item_id, status) VALUES (?, ?)
13:37:19.636 [main] DEBUG c.e.j.m.ProcurementItemMapper.insert - ==> Parameters: 9(Long), PENDING(String)
13:37:19.636 [main] DEBUG c.e.j.m.ProcurementItemMapper.insert - <==    Updates: 1
13:37:19.636 [main] DEBUG c.e.j.mapper.AuditLogMapper.insert - ==>  Preparing: INSERT INTO audit_logs (user_id, audited_at, action, entity_type, entity_id, detail) VALUES (?, ?, ?, ?, ?, ?)
13:37:19.636 [main] DEBUG c.e.j.mapper.AuditLogMapper.insert - ==> Parameters: 2(Long), 2026-09-11 13:37:19.6328717(Timestamp), CREATE(String), PROCUREMENT_ITEM(String), 3(Long), [B@267dc982(byte[])
13:37:19.636 [main] DEBUG c.e.j.mapper.AuditLogMapper.insert - <==    Updates: 1
13:37:19.637 [main] DEBUG c.e.j.mapper.AuditLogMapper.insert - ==>  Preparing: INSERT INTO audit_logs (user_id, audited_at, action, entity_type, entity_id, detail) VALUES (?, ?, ?, ?, ?, ?)
13:37:19.637 [main] DEBUG c.e.j.mapper.AuditLogMapper.insert - ==> Parameters: 2(Long), 2026-09-11 13:37:19.6328717(Timestamp), APPROVE(String), BOOK_REQUEST(String), 7(Long), [B@439b15f2(byte[])
13:37:19.637 [main] DEBUG c.e.j.mapper.AuditLogMapper.insert - <==    Updates: 1
13:37:19.637 [main] INFO  c.e.j.service.BookRequestServiceImpl - 申請已核准：requestId=7, approverId=2
13:37:19.637 [main] DEBUG c.e.j.m.BookRequestMapper.insert - ==>  Preparing: INSERT INTO book_requests (requester_id, status, requested_at, idempotency_key) VALUES (?, ?, ?, ?)
13:37:19.638 [main] DEBUG c.e.j.m.BookRequestMapper.insert - ==> Parameters: 1(Long), PENDING(String), 2026-09-11 13:37:19.6372454(Timestamp), 4a900279-0ddd-4aaa-a967-d7b9b1ee2ae8(String)
13:37:19.638 [main] DEBUG c.e.j.m.BookRequestMapper.insert - <==    Updates: 1
13:37:19.638 [main] DEBUG c.e.j.m.BookRequestItemMapper.insert - ==>  Preparing: INSERT INTO book_request_items (book_request_id, title, isbn, author_id, published_year, estimated_price) VALUES (?, ?, ?, ?, ?, ?)
13:37:19.638 [main] DEBUG c.e.j.m.BookRequestItemMapper.insert - ==> Parameters: 8(Long), The Clean Coder(String), null, null, null, null
13:37:19.638 [main] DEBUG c.e.j.m.BookRequestItemMapper.insert - <==    Updates: 1
13:37:19.638 [main] DEBUG c.e.j.mapper.AuditLogMapper.insert - ==>  Preparing: INSERT INTO audit_logs (user_id, audited_at, action, entity_type, entity_id, detail) VALUES (?, ?, ?, ?, ?, ?)
13:37:19.639 [main] DEBUG c.e.j.mapper.AuditLogMapper.insert - ==> Parameters: 1(Long), 2026-09-11 13:37:19.6372454(Timestamp), SUBMIT(String), BOOK_REQUEST(String), 8(Long), [B@3c83468e(byte[])
13:37:19.639 [main] DEBUG c.e.j.mapper.AuditLogMapper.insert - <==    Updates: 1
13:37:19.639 [main] INFO  c.e.j.service.BookRequestServiceImpl - 送出申請：requestId=8, requesterId=1, 書籍數=1
13:37:19.639 [main] DEBUG c.e.j.m.BookRequestMapper.approve - ==>  Preparing: UPDATE book_requests SET status = 'APPROVED', approver_id = ?, approved_at = ? WHERE id = ? AND status = 'PENDING' AND requester_id != ?
13:37:19.640 [main] DEBUG c.e.j.m.BookRequestMapper.approve - ==> Parameters: 2(Long), 2026-09-11 13:37:19.6392492(Timestamp), 8(Long), 2(Long)
13:37:19.640 [main] DEBUG c.e.j.m.BookRequestMapper.approve - <==    Updates: 1
13:37:19.640 [main] DEBUG c.e.j.m.BookRequestMapper.findById - ==>  Preparing: SELECT * FROM book_requests WHERE id = ?
13:37:19.640 [main] DEBUG c.e.j.m.BookRequestMapper.findById - ==> Parameters: 8(Long)
13:37:19.641 [main] DEBUG c.e.j.m.BookRequestMapper.findById - <==      Total: 1
13:37:19.641 [main] DEBUG c.e.j.m.B.findByBookRequestId - ==>  Preparing: SELECT * FROM book_request_items WHERE book_request_id = ?
13:37:19.641 [main] DEBUG c.e.j.m.B.findByBookRequestId - ==> Parameters: 8(Long)
13:37:19.642 [main] DEBUG c.e.j.m.B.findByBookRequestId - <==      Total: 1
13:37:19.642 [main] DEBUG c.e.j.m.ProcurementItemMapper.insert - ==>  Preparing: INSERT INTO procurement_items (book_request_item_id, status) VALUES (?, ?)
13:37:19.642 [main] DEBUG c.e.j.m.ProcurementItemMapper.insert - ==> Parameters: 10(Long), PENDING(String)
13:37:19.642 [main] DEBUG c.e.j.m.ProcurementItemMapper.insert - <==    Updates: 1
13:37:19.642 [main] DEBUG c.e.j.mapper.AuditLogMapper.insert - ==>  Preparing: INSERT INTO audit_logs (user_id, audited_at, action, entity_type, entity_id, detail) VALUES (?, ?, ?, ?, ?, ?)
13:37:19.642 [main] DEBUG c.e.j.mapper.AuditLogMapper.insert - ==> Parameters: 2(Long), 2026-09-11 13:37:19.6392492(Timestamp), CREATE(String), PROCUREMENT_ITEM(String), 4(Long), [B@1c26273d(byte[])
13:37:19.643 [main] DEBUG c.e.j.mapper.AuditLogMapper.insert - <==    Updates: 1
13:37:19.643 [main] DEBUG c.e.j.mapper.AuditLogMapper.insert - ==>  Preparing: INSERT INTO audit_logs (user_id, audited_at, action, entity_type, entity_id, detail) VALUES (?, ?, ?, ?, ?, ?)
13:37:19.643 [main] DEBUG c.e.j.mapper.AuditLogMapper.insert - ==> Parameters: 2(Long), 2026-09-11 13:37:19.6392492(Timestamp), APPROVE(String), BOOK_REQUEST(String), 8(Long), [B@3a37a501(byte[])
13:37:19.644 [main] DEBUG c.e.j.mapper.AuditLogMapper.insert - <==    Updates: 1
13:37:19.644 [main] INFO  c.e.j.service.BookRequestServiceImpl - 申請已核准：requestId=8, approverId=2
13:37:19.645 [main] DEBUG c.e.j.m.BookRequestMapper.insert - ==>  Preparing: INSERT INTO book_requests (requester_id, status, requested_at, idempotency_key) VALUES (?, ?, ?, ?)
13:37:19.646 [main] DEBUG c.e.j.m.BookRequestMapper.insert - ==> Parameters: 1(Long), PENDING(String), 2026-09-11 13:37:19.6452476(Timestamp), 1438a295-2924-452f-ab2d-129e73900383(String)
13:37:19.646 [main] DEBUG c.e.j.m.BookRequestMapper.insert - <==    Updates: 1
13:37:19.646 [main] DEBUG c.e.j.m.BookRequestItemMapper.insert - ==>  Preparing: INSERT INTO book_request_items (book_request_id, title, isbn, author_id, published_year, estimated_price) VALUES (?, ?, ?, ?, ?, ?)
13:37:19.646 [main] DEBUG c.e.j.m.BookRequestItemMapper.insert - ==> Parameters: 9(Long), Release It!(String), null, null, null, null
13:37:19.646 [main] DEBUG c.e.j.m.BookRequestItemMapper.insert - <==    Updates: 1
13:37:19.647 [main] DEBUG c.e.j.mapper.AuditLogMapper.insert - ==>  Preparing: INSERT INTO audit_logs (user_id, audited_at, action, entity_type, entity_id, detail) VALUES (?, ?, ?, ?, ?, ?)
13:37:19.647 [main] DEBUG c.e.j.mapper.AuditLogMapper.insert - ==> Parameters: 1(Long), 2026-09-11 13:37:19.6452476(Timestamp), SUBMIT(String), BOOK_REQUEST(String), 9(Long), [B@268cbb86(byte[])
13:37:19.648 [main] DEBUG c.e.j.mapper.AuditLogMapper.insert - <==    Updates: 1
13:37:19.648 [main] INFO  c.e.j.service.BookRequestServiceImpl - 送出申請：requestId=9, requesterId=1, 書籍數=1
13:37:19.649 [main] DEBUG c.e.j.m.BookRequestMapper.approve - ==>  Preparing: UPDATE book_requests SET status = 'APPROVED', approver_id = ?, approved_at = ? WHERE id = ? AND status = 'PENDING' AND requester_id != ?
13:37:19.649 [main] DEBUG c.e.j.m.BookRequestMapper.approve - ==> Parameters: 2(Long), 2026-09-11 13:37:19.6482458(Timestamp), 9(Long), 2(Long)
13:37:19.649 [main] DEBUG c.e.j.m.BookRequestMapper.approve - <==    Updates: 1
13:37:19.649 [main] DEBUG c.e.j.m.BookRequestMapper.findById - ==>  Preparing: SELECT * FROM book_requests WHERE id = ?
13:37:19.649 [main] DEBUG c.e.j.m.BookRequestMapper.findById - ==> Parameters: 9(Long)
13:37:19.650 [main] DEBUG c.e.j.m.BookRequestMapper.findById - <==      Total: 1
13:37:19.650 [main] DEBUG c.e.j.m.B.findByBookRequestId - ==>  Preparing: SELECT * FROM book_request_items WHERE book_request_id = ?
13:37:19.650 [main] DEBUG c.e.j.m.B.findByBookRequestId - ==> Parameters: 9(Long)
13:37:19.651 [main] DEBUG c.e.j.m.B.findByBookRequestId - <==      Total: 1
13:37:19.651 [main] DEBUG c.e.j.m.ProcurementItemMapper.insert - ==>  Preparing: INSERT INTO procurement_items (book_request_item_id, status) VALUES (?, ?)
13:37:19.651 [main] DEBUG c.e.j.m.ProcurementItemMapper.insert - ==> Parameters: 11(Long), PENDING(String)
13:37:19.651 [main] DEBUG c.e.j.m.ProcurementItemMapper.insert - <==    Updates: 1
13:37:19.651 [main] DEBUG c.e.j.mapper.AuditLogMapper.insert - ==>  Preparing: INSERT INTO audit_logs (user_id, audited_at, action, entity_type, entity_id, detail) VALUES (?, ?, ?, ?, ?, ?)
13:37:19.651 [main] DEBUG c.e.j.mapper.AuditLogMapper.insert - ==> Parameters: 2(Long), 2026-09-11 13:37:19.6482458(Timestamp), CREATE(String), PROCUREMENT_ITEM(String), 5(Long), [B@3ba46e63(byte[])
13:37:19.652 [main] DEBUG c.e.j.mapper.AuditLogMapper.insert - <==    Updates: 1
13:37:19.652 [main] DEBUG c.e.j.mapper.AuditLogMapper.insert - ==>  Preparing: INSERT INTO audit_logs (user_id, audited_at, action, entity_type, entity_id, detail) VALUES (?, ?, ?, ?, ?, ?)
13:37:19.652 [main] DEBUG c.e.j.mapper.AuditLogMapper.insert - ==> Parameters: 2(Long), 2026-09-11 13:37:19.6482458(Timestamp), APPROVE(String), BOOK_REQUEST(String), 9(Long), [B@788ddc1f(byte[])
13:37:19.652 [main] DEBUG c.e.j.mapper.AuditLogMapper.insert - <==    Updates: 1
13:37:19.652 [main] INFO  c.e.j.service.BookRequestServiceImpl - 申請已核准：requestId=9, approverId=2
13:37:19.653 [main] DEBUG c.e.j.m.BookRequestMapper.insert - ==>  Preparing: INSERT INTO book_requests (requester_id, status, requested_at, idempotency_key) VALUES (?, ?, ?, ?)
13:37:19.653 [main] DEBUG c.e.j.m.BookRequestMapper.insert - ==> Parameters: 1(Long), PENDING(String), 2026-09-11 13:37:19.6532449(Timestamp), a837e547-b8b7-4e0d-a3f6-e1c6cbcbbf3a(String)
13:37:19.653 [main] DEBUG c.e.j.m.BookRequestMapper.insert - <==    Updates: 1
13:37:19.653 [main] DEBUG c.e.j.m.BookRequestItemMapper.insert - ==>  Preparing: INSERT INTO book_request_items (book_request_id, title, isbn, author_id, published_year, estimated_price) VALUES (?, ?, ?, ?, ?, ?)
13:37:19.653 [main] DEBUG c.e.j.m.BookRequestItemMapper.insert - ==> Parameters: 10(Long), Overpriced Book(String), null, null, null, 99999(BigDecimal)
13:37:19.653 [main] DEBUG c.e.j.m.BookRequestItemMapper.insert - <==    Updates: 1
13:37:19.654 [main] DEBUG c.e.j.mapper.AuditLogMapper.insert - ==>  Preparing: INSERT INTO audit_logs (user_id, audited_at, action, entity_type, entity_id, detail) VALUES (?, ?, ?, ?, ?, ?)
13:37:19.654 [main] DEBUG c.e.j.mapper.AuditLogMapper.insert - ==> Parameters: 1(Long), 2026-09-11 13:37:19.6532449(Timestamp), SUBMIT(String), BOOK_REQUEST(String), 10(Long), [B@3d0035d2(byte[])
13:37:19.654 [main] DEBUG c.e.j.mapper.AuditLogMapper.insert - <==    Updates: 1
13:37:19.654 [main] INFO  c.e.j.service.BookRequestServiceImpl - 送出申請：requestId=10, requesterId=1, 書籍數=1
13:37:19.655 [main] DEBUG c.e.j.m.BookRequestMapper.reject - ==>  Preparing: UPDATE book_requests SET status = 'REJECTED', approver_id = ?, approved_at = ? WHERE id = ? AND status = 'PENDING' AND requester_id != ?
13:37:19.655 [main] DEBUG c.e.j.m.BookRequestMapper.reject - ==> Parameters: 2(Long), 2026-09-11 13:37:19.6552453(Timestamp), 10(Long), 2(Long)
13:37:19.656 [main] DEBUG c.e.j.m.BookRequestMapper.reject - <==    Updates: 1
13:37:19.656 [main] DEBUG c.e.j.m.BookRequestMapper.findById - ==>  Preparing: SELECT * FROM book_requests WHERE id = ?
13:37:19.656 [main] DEBUG c.e.j.m.BookRequestMapper.findById - ==> Parameters: 10(Long)
13:37:19.656 [main] DEBUG c.e.j.m.BookRequestMapper.findById - <==      Total: 1
13:37:19.657 [main] DEBUG c.e.j.mapper.AuditLogMapper.insert - ==>  Preparing: INSERT INTO audit_logs (user_id, audited_at, action, entity_type, entity_id, detail) VALUES (?, ?, ?, ?, ?, ?)
13:37:19.657 [main] DEBUG c.e.j.mapper.AuditLogMapper.insert - ==> Parameters: 2(Long), 2026-09-11 13:37:19.6552453(Timestamp), REJECT(String), BOOK_REQUEST(String), 10(Long), [B@ae2db25(byte[])
13:37:19.657 [main] DEBUG c.e.j.mapper.AuditLogMapper.insert - <==    Updates: 1
13:37:19.657 [main] INFO  c.e.j.service.BookRequestServiceImpl - 申請已拒絕：requestId=10, approverId=2
13:37:19.658 [main] DEBUG c.e.j.m.BookRequestMapper.insert - ==>  Preparing: INSERT INTO book_requests (requester_id, status, requested_at, idempotency_key) VALUES (?, ?, ?, ?)
13:37:19.658 [main] DEBUG c.e.j.m.BookRequestMapper.insert - ==> Parameters: 1(Long), PENDING(String), 2026-09-11 13:37:19.6582461(Timestamp), 927e38a7-55ff-4b01-b2ec-990a3b772e66(String)
13:37:19.658 [main] DEBUG c.e.j.m.BookRequestMapper.insert - <==    Updates: 1
13:37:19.658 [main] DEBUG c.e.j.m.BookRequestItemMapper.insert - ==>  Preparing: INSERT INTO book_request_items (book_request_id, title, isbn, author_id, published_year, estimated_price) VALUES (?, ?, ?, ?, ?, ?)
13:37:19.658 [main] DEBUG c.e.j.m.BookRequestItemMapper.insert - ==> Parameters: 11(Long), Duplicate Request Example(String), null, null, null, null
13:37:19.658 [main] DEBUG c.e.j.m.BookRequestItemMapper.insert - <==    Updates: 1
13:37:19.659 [main] DEBUG c.e.j.mapper.AuditLogMapper.insert - ==>  Preparing: INSERT INTO audit_logs (user_id, audited_at, action, entity_type, entity_id, detail) VALUES (?, ?, ?, ?, ?, ?)
13:37:19.659 [main] DEBUG c.e.j.mapper.AuditLogMapper.insert - ==> Parameters: 1(Long), 2026-09-11 13:37:19.6582461(Timestamp), SUBMIT(String), BOOK_REQUEST(String), 11(Long), [B@1a1f5f71(byte[])
13:37:19.659 [main] DEBUG c.e.j.mapper.AuditLogMapper.insert - <==    Updates: 1
13:37:19.659 [main] INFO  c.e.j.service.BookRequestServiceImpl - 送出申請：requestId=11, requesterId=1, 書籍數=1
13:37:19.659 [main] DEBUG c.e.j.m.BookRequestMapper.reject - ==>  Preparing: UPDATE book_requests SET status = 'REJECTED', approver_id = ?, approved_at = ? WHERE id = ? AND status = 'PENDING' AND requester_id != ?
13:37:19.660 [main] DEBUG c.e.j.m.BookRequestMapper.reject - ==> Parameters: 2(Long), 2026-09-11 13:37:19.6592472(Timestamp), 11(Long), 2(Long)
13:37:19.660 [main] DEBUG c.e.j.m.BookRequestMapper.reject - <==    Updates: 1
13:37:19.660 [main] DEBUG c.e.j.m.BookRequestMapper.findById - ==>  Preparing: SELECT * FROM book_requests WHERE id = ?
13:37:19.660 [main] DEBUG c.e.j.m.BookRequestMapper.findById - ==> Parameters: 11(Long)
13:37:19.661 [main] DEBUG c.e.j.m.BookRequestMapper.findById - <==      Total: 1
13:37:19.661 [main] DEBUG c.e.j.mapper.AuditLogMapper.insert - ==>  Preparing: INSERT INTO audit_logs (user_id, audited_at, action, entity_type, entity_id, detail) VALUES (?, ?, ?, ?, ?, ?)
13:37:19.661 [main] DEBUG c.e.j.mapper.AuditLogMapper.insert - ==> Parameters: 2(Long), 2026-09-11 13:37:19.6592472(Timestamp), REJECT(String), BOOK_REQUEST(String), 11(Long), [B@4acb7ecc(byte[])
13:37:19.661 [main] DEBUG c.e.j.mapper.AuditLogMapper.insert - <==    Updates: 1
13:37:19.661 [main] INFO  c.e.j.service.BookRequestServiceImpl - 申請已拒絕：requestId=11, approverId=2
13:37:19.662 [main] DEBUG c.e.j.m.BookRequestMapper.insert - ==>  Preparing: INSERT INTO book_requests (requester_id, status, requested_at, idempotency_key) VALUES (?, ?, ?, ?)
13:37:19.662 [main] DEBUG c.e.j.m.BookRequestMapper.insert - ==> Parameters: 1(Long), PENDING(String), 2026-09-11 13:37:19.6622458(Timestamp), 87416513-5965-4f02-a22f-5a32025d34bf(String)
13:37:19.663 [main] DEBUG c.e.j.m.BookRequestMapper.insert - <==    Updates: 1
13:37:19.663 [main] DEBUG c.e.j.m.BookRequestItemMapper.insert - ==>  Preparing: INSERT INTO book_request_items (book_request_id, title, isbn, author_id, published_year, estimated_price) VALUES (?, ?, ?, ?, ?, ?)
13:37:19.663 [main] DEBUG c.e.j.m.BookRequestItemMapper.insert - ==> Parameters: 12(Long), Out of Scope Book(String), null, null, null, null
13:37:19.663 [main] DEBUG c.e.j.m.BookRequestItemMapper.insert - <==    Updates: 1
13:37:19.663 [main] DEBUG c.e.j.mapper.AuditLogMapper.insert - ==>  Preparing: INSERT INTO audit_logs (user_id, audited_at, action, entity_type, entity_id, detail) VALUES (?, ?, ?, ?, ?, ?)
13:37:19.664 [main] DEBUG c.e.j.mapper.AuditLogMapper.insert - ==> Parameters: 1(Long), 2026-09-11 13:37:19.6622458(Timestamp), SUBMIT(String), BOOK_REQUEST(String), 12(Long), [B@29149030(byte[])
13:37:19.664 [main] DEBUG c.e.j.mapper.AuditLogMapper.insert - <==    Updates: 1
13:37:19.664 [main] INFO  c.e.j.service.BookRequestServiceImpl - 送出申請：requestId=12, requesterId=1, 書籍數=1
13:37:19.665 [main] DEBUG c.e.j.m.BookRequestMapper.reject - ==>  Preparing: UPDATE book_requests SET status = 'REJECTED', approver_id = ?, approved_at = ? WHERE id = ? AND status = 'PENDING' AND requester_id != ?
13:37:19.665 [main] DEBUG c.e.j.m.BookRequestMapper.reject - ==> Parameters: 2(Long), 2026-09-11 13:37:19.6642467(Timestamp), 12(Long), 2(Long)
13:37:19.665 [main] DEBUG c.e.j.m.BookRequestMapper.reject - <==    Updates: 1
13:37:19.665 [main] DEBUG c.e.j.m.BookRequestMapper.findById - ==>  Preparing: SELECT * FROM book_requests WHERE id = ?
13:37:19.666 [main] DEBUG c.e.j.m.BookRequestMapper.findById - ==> Parameters: 12(Long)
13:37:19.666 [main] DEBUG c.e.j.m.BookRequestMapper.findById - <==      Total: 1
13:37:19.666 [main] DEBUG c.e.j.mapper.AuditLogMapper.insert - ==>  Preparing: INSERT INTO audit_logs (user_id, audited_at, action, entity_type, entity_id, detail) VALUES (?, ?, ?, ?, ?, ?)
13:37:19.667 [main] DEBUG c.e.j.mapper.AuditLogMapper.insert - ==> Parameters: 2(Long), 2026-09-11 13:37:19.6642467(Timestamp), REJECT(String), BOOK_REQUEST(String), 12(Long), [B@173a6728(byte[])
13:37:19.667 [main] DEBUG c.e.j.mapper.AuditLogMapper.insert - <==    Updates: 1
13:37:19.667 [main] INFO  c.e.j.service.BookRequestServiceImpl - 申請已拒絕：requestId=12, approverId=2
13:37:19.668 [main] DEBUG c.e.j.m.B.findByStatus - ==>  Preparing: SELECT * FROM book_requests WHERE status = ? ORDER BY requested_at
13:37:19.668 [main] DEBUG c.e.j.m.B.findByStatus - ==> Parameters: PENDING(String)
13:37:19.669 [main] DEBUG c.e.j.m.B.findByStatus - <==      Total: 5
13:37:19.669 [main] DEBUG c.e.j.m.B.findByStatus - ==>  Preparing: SELECT * FROM book_requests WHERE status = ? ORDER BY requested_at
13:37:19.669 [main] DEBUG c.e.j.m.B.findByStatus - ==> Parameters: APPROVED(String)
13:37:19.670 [main] DEBUG c.e.j.m.B.findByStatus - <==      Total: 4
13:37:19.670 [main] DEBUG c.e.j.m.B.findByStatus - ==>  Preparing: SELECT * FROM book_requests WHERE status = ? ORDER BY requested_at
13:37:19.670 [main] DEBUG c.e.j.m.B.findByStatus - ==> Parameters: REJECTED(String)
13:37:19.671 [main] DEBUG c.e.j.m.B.findByStatus - <==      Total: 3
13:37:19.671 [main] DEBUG c.e.j.m.BookRequestMapper.findAll - ==>  Preparing: SELECT * FROM book_requests
13:37:19.672 [main] DEBUG c.e.j.m.BookRequestMapper.findAll - ==> Parameters: 
13:37:19.672 [main] DEBUG c.e.j.m.BookRequestMapper.findAll - <==      Total: 12
]]></system-out>
    <system-err><![CDATA[ERROR StatusLogger Log4j2 could not find a logging implementation. Please add log4j-core to the classpath. Using SimpleLogger to log to the console...
]]></system-err>
  </testcase>
</testsuite>