<?xml version="1.0" encoding="UTF-8"?>
<testsuite xmlns:xsi="http://www.w3.org/2001/XMLSchema-instance" xsi:noNamespaceSchemaLocation="https://maven.apache.org/surefire/maven-surefire-plugin/xsd/surefire-test-report.xsd" version="3.0.2" name="com.example.jsppractice.mapper.CategoryMapperTest" time="0.034" tests="7" errors="0" skipped="0" failures="0">
  <properties>
[...]
</properties>
  <testcase name="updateChangesExistingRow" classname="com.example.jsppractice.mapper.CategoryMapperTest" time="0.002">
    <system-out><![CDATA[14:44:57.863 [main] DEBUG c.e.j.mapper.CategoryMapper.update - ==>  Preparing: UPDATE categories SET name = ? WHERE id = ?
14:44:57.863 [main] DEBUG c.e.j.mapper.CategoryMapper.update - ==> Parameters: Updated Name(String), 12(Long)
14:44:57.864 [main] DEBUG c.e.j.mapper.CategoryMapper.update - <==    Updates: 1
14:44:57.864 [main] DEBUG c.e.j.mapper.CategoryMapper.findById - ==>  Preparing: SELECT * FROM categories c WHERE c.id = ?
14:44:57.865 [main] DEBUG c.e.j.mapper.CategoryMapper.findById - ==> Parameters: 12(Long)
14:44:57.865 [main] DEBUG c.e.j.mapper.CategoryMapper.findById - <==      Total: 1
]]></system-out>
  </testcase>
  <testcase name="insertAssignsGeneratedId" classname="com.example.jsppractice.mapper.CategoryMapperTest" time="0.004">
    <system-out><![CDATA[14:44:57.868 [main] DEBUG c.e.j.mapper.CategoryMapper.insert - ==>  Preparing: INSERT INTO categories (name) VALUES (?)
14:44:57.868 [main] DEBUG c.e.j.mapper.CategoryMapper.insert - ==> Parameters: Fiction(String)
14:44:57.868 [main] DEBUG c.e.j.mapper.CategoryMapper.insert - <==    Updates: 1
14:44:57.869 [main] DEBUG c.e.j.mapper.CategoryMapper.findById - ==>  Preparing: SELECT * FROM categories c WHERE c.id = ?
14:44:57.869 [main] DEBUG c.e.j.mapper.CategoryMapper.findById - ==> Parameters: 13(Long)
14:44:57.869 [main] DEBUG c.e.j.mapper.CategoryMapper.findById - <==      Total: 1
]]></system-out>
  </testcase>
  <testcase name="findAllPagedAndCountRespectPageSize" classname="com.example.jsppractice.mapper.CategoryMapperTest" time="0.007">
    <system-out><![CDATA[14:44:57.874 [main] DEBUG c.e.j.mapper.CategoryMapper.count - ==>  Preparing: SELECT COUNT(*) FROM categories
14:44:57.874 [main] DEBUG c.e.j.mapper.CategoryMapper.count - ==> Parameters: 
14:44:57.874 [main] DEBUG c.e.j.mapper.CategoryMapper.count - <==      Total: 1
14:44:57.875 [main] DEBUG c.e.j.m.CategoryMapper.findAllPaged - ==>  Preparing: SELECT * FROM categories c ORDER BY c.id LIMIT ? OFFSET ?
14:44:57.875 [main] DEBUG c.e.j.m.CategoryMapper.findAllPaged - ==> Parameters: 2(Integer), 0(Long)
14:44:57.876 [main] DEBUG c.e.j.m.CategoryMapper.findAllPaged - <==      Total: 2
14:44:57.876 [main] DEBUG c.e.j.m.CategoryMapper.findAllPaged - ==>  Preparing: SELECT * FROM categories c ORDER BY c.id LIMIT ? OFFSET ?
14:44:57.876 [main] DEBUG c.e.j.m.CategoryMapper.findAllPaged - ==> Parameters: 2(Integer), 2(Long)
14:44:57.876 [main] DEBUG c.e.j.m.CategoryMapper.findAllPaged - <==      Total: 1
]]></system-out>
  </testcase>
  <testcase name="findAllReturnsAllCategories" classname="com.example.jsppractice.mapper.CategoryMapperTest" time="0.002">
    <system-out><![CDATA[14:44:57.881 [main] DEBUG c.e.j.mapper.CategoryMapper.findAll - ==>  Preparing: SELECT * FROM categories c ORDER BY c.id
14:44:57.881 [main] DEBUG c.e.j.mapper.CategoryMapper.findAll - ==> Parameters: 
14:44:57.881 [main] DEBUG c.e.j.mapper.CategoryMapper.findAll - <==      Total: 2
]]></system-out>
  </testcase>
  <testcase name="deleteByIdRemovesRow" classname="com.example.jsppractice.mapper.CategoryMapperTest" time="0.003">
    <system-out><![CDATA[14:44:57.884 [main] DEBUG c.e.j.m.CategoryMapper.deleteById - ==>  Preparing: DELETE FROM categories WHERE id = ?
14:44:57.884 [main] DEBUG c.e.j.m.CategoryMapper.deleteById - ==> Parameters: 19(Long)
14:44:57.885 [main] DEBUG c.e.j.m.CategoryMapper.deleteById - <==    Updates: 1
14:44:57.885 [main] DEBUG c.e.j.mapper.CategoryMapper.findAll - ==>  Preparing: SELECT * FROM categories c ORDER BY c.id
14:44:57.885 [main] DEBUG c.e.j.mapper.CategoryMapper.findAll - ==> Parameters: 
14:44:57.885 [main] DEBUG c.e.j.mapper.CategoryMapper.findAll - <==      Total: 0
]]></system-out>
  </testcase>
  <testcase name="findBooksByCategoryIdReturnsOnlyLinkedBooks" classname="com.example.jsppractice.mapper.CategoryMapperTest" time="0.007">
    <system-out><![CDATA[14:44:57.891 [main] DEBUG c.e.j.m.C.findBooksByCategoryId - ==>  Preparing: SELECT b.* FROM books b JOIN books_categories bc ON b.id = bc.book_id WHERE bc.category_id = ?
14:44:57.892 [main] DEBUG c.e.j.m.C.findBooksByCategoryId - ==> Parameters: 20(Long)
14:44:57.893 [main] DEBUG c.e.j.m.C.findBooksByCategoryId - <==      Total: 1
]]></system-out>
  </testcase>
  <testcase name="findByIdReturnsMatchingCategory" classname="com.example.jsppractice.mapper.CategoryMapperTest" time="0.004">
    <system-out><![CDATA[14:44:57.895 [main] DEBUG c.e.j.mapper.CategoryMapper.findById - ==>  Preparing: SELECT * FROM categories c WHERE c.id = ?
14:44:57.896 [main] DEBUG c.e.j.mapper.CategoryMapper.findById - ==> Parameters: 22(Long)
14:44:57.896 [main] DEBUG c.e.j.mapper.CategoryMapper.findById - <==      Total: 1
]]></system-out>
  </testcase>
</testsuite>