<?xml version="1.0" encoding="UTF-8"?>
<testsuite xmlns:xsi="http://www.w3.org/2001/XMLSchema-instance" xsi:noNamespaceSchemaLocation="https://maven.apache.org/surefire/maven-surefire-plugin/xsd/surefire-test-report.xsd" version="3.0.2" name="com.example.jsppractice.mapper.BookMapperTest" time="0.203" tests="10" errors="0" skipped="0" failures="0">
  <properties>
[...]
</properties>
  <testcase name="searchMatchesByTitle" classname="com.example.jsppractice.mapper.BookMapperTest" time="0.016">
    <system-out><![CDATA[10:37:48.266 [main] DEBUG c.e.j.mapper.BookMapper.insert - ==>  Preparing: INSERT INTO books (title, isbn, author_id, published_year) VALUES (?, ?, ?, ?)
10:37:48.266 [main] DEBUG c.e.j.mapper.BookMapper.insert - ==> Parameters: Effective Java(String), 978-0134685991(String), 4(Long), 2018(Integer)
10:37:48.266 [main] DEBUG c.e.j.mapper.BookMapper.insert - <==    Updates: 1
10:37:48.266 [main] DEBUG c.e.j.mapper.BookMapper.insert - ==>  Preparing: INSERT INTO books (title, isbn, author_id, published_year) VALUES (?, ?, ?, ?)
10:37:48.266 [main] DEBUG c.e.j.mapper.BookMapper.insert - ==> Parameters: Unrelated Book(String), 9999999999999(String), 4(Long), 2000(Integer)
10:37:48.276 [main] DEBUG c.e.j.mapper.BookMapper.insert - <==    Updates: 1
10:37:48.280 [main] DEBUG c.e.j.mapper.BookMapper.search - ==>  Preparing: SELECT b.id, b.title, b.isbn, b.published_year, a.name AS author_name, c.id AS category_id, c.name AS category_name FROM books b LEFT JOIN authors a ON b.author_id = a.id LEFT JOIN books_categories bc ON bc.book_id = b.id LEFT JOIN categories c ON bc.category_id = c.id WHERE (b.title ILIKE CONCAT('%', ?, '%') OR a.name ILIKE CONCAT('%', ?, '%') OR c.name ILIKE CONCAT('%', ?, '%')) ORDER BY b.id
10:37:48.282 [main] DEBUG c.e.j.mapper.BookMapper.search - ==> Parameters: Effective(String), Effective(String), Effective(String)
10:37:48.282 [main] DEBUG c.e.j.mapper.BookMapper.search - <==      Total: 1
]]></system-out>
  </testcase>
  <testcase name="insertCategoriesTest" classname="com.example.jsppractice.mapper.BookMapperTest" time="0.018">
    <system-out><![CDATA[10:37:48.297 [main] DEBUG c.e.j.mapper.BookMapper.insert - ==>  Preparing: INSERT INTO books (title, isbn, author_id, published_year) VALUES (?, ?, ?, ?)
10:37:48.297 [main] DEBUG c.e.j.mapper.BookMapper.insert - ==> Parameters: Effective Java(String), 978-0134685991(String), 5(Long), 2018(Integer)
10:37:48.298 [main] DEBUG c.e.j.mapper.BookMapper.insert - <==    Updates: 1
10:37:48.298 [main] DEBUG c.e.j.m.B.insertBookCategories - ==>  Preparing: INSERT INTO books_categories (book_id, category_id) VALUES (?, ?)
10:37:48.299 [main] DEBUG c.e.j.m.B.insertBookCategories - ==> Parameters: 27(Long), 4(Long)
10:37:48.299 [main] DEBUG c.e.j.m.B.insertBookCategories - <==    Updates: 1
10:37:48.299 [main] DEBUG c.e.j.m.B.findCategoriesById - ==>  Preparing: SELECT c.* FROM categories c JOIN books_categories bc ON bc.category_id = c.id WHERE bc.book_id = ?
10:37:48.299 [main] DEBUG c.e.j.m.B.findCategoriesById - ==> Parameters: 27(Long)
10:37:48.299 [main] DEBUG c.e.j.m.B.findCategoriesById - <==      Total: 1
]]></system-out>
  </testcase>
  <testcase name="updateTest" classname="com.example.jsppractice.mapper.BookMapperTest" time="0.005">
    <system-out><![CDATA[10:37:48.313 [main] DEBUG c.e.j.mapper.BookMapper.insert - ==>  Preparing: INSERT INTO books (title, isbn, author_id, published_year) VALUES (?, ?, ?, ?)
10:37:48.313 [main] DEBUG c.e.j.mapper.BookMapper.insert - ==> Parameters: Effective Java(String), 978-0134685991(String), 6(Long), 2018(Integer)
10:37:48.314 [main] DEBUG c.e.j.mapper.BookMapper.insert - <==    Updates: 1
10:37:48.315 [main] DEBUG c.e.j.mapper.BookMapper.update - ==>  Preparing: UPDATE books SET title = ?, isbn = ?, author_id = ?, published_year = ? WHERE id = ?
10:37:48.315 [main] DEBUG c.e.j.mapper.BookMapper.update - ==> Parameters: My New Title(String), 978-0134685991(String), 6(Long), 2018(Integer), 28(Long)
10:37:48.315 [main] DEBUG c.e.j.mapper.BookMapper.update - <==    Updates: 1
10:37:48.316 [main] DEBUG c.e.j.mapper.BookMapper.findById - ==>  Preparing: SELECT id, title, isbn, author_id, published_year FROM books WHERE id = ?
10:37:48.316 [main] DEBUG c.e.j.mapper.BookMapper.findById - ==> Parameters: 28(Long)
10:37:48.316 [main] DEBUG c.e.j.mapper.BookMapper.findById - <==      Total: 1
10:37:48.316 [main] DEBUG c.e.j.mapper.BookMapper.findAll - ==>  Preparing: SELECT b.id, b.title, b.isbn, b.published_year, a.name AS author_name, c.id AS category_id, c.name AS category_name FROM books b LEFT JOIN authors a ON b.author_id = a.id LEFT JOIN books_categories bc ON bc.book_id = b.id LEFT JOIN categories c ON bc.category_id = c.id ORDER BY b.id
10:37:48.316 [main] DEBUG c.e.j.mapper.BookMapper.findAll - ==> Parameters: 
10:37:48.316 [main] DEBUG c.e.j.mapper.BookMapper.findAll - <==      Total: 1
]]></system-out>
  </testcase>
  <testcase name="findAllTest" classname="com.example.jsppractice.mapper.BookMapperTest" time="0.027">
    <system-out><![CDATA[10:37:48.327 [main] DEBUG c.e.j.mapper.BookMapper.insert - ==>  Preparing: INSERT INTO books (title, isbn, author_id, published_year) VALUES (?, ?, ?, ?)
10:37:48.329 [main] DEBUG c.e.j.mapper.BookMapper.insert - ==> Parameters: Effective Java(String), 978-0134685991(String), 7(Long), 2018(Integer)
10:37:48.329 [main] DEBUG c.e.j.mapper.BookMapper.insert - <==    Updates: 1
10:37:48.331 [main] DEBUG c.e.j.m.B.insertBookCategories - ==>  Preparing: INSERT INTO books_categories (book_id, category_id) VALUES (?, ?) , (?, ?)
10:37:48.331 [main] DEBUG c.e.j.m.B.insertBookCategories - ==> Parameters: 29(Long), 5(Long), 29(Long), 6(Long)
10:37:48.332 [main] DEBUG c.e.j.m.B.insertBookCategories - <==    Updates: 2
10:37:48.332 [main] DEBUG c.e.j.mapper.BookMapper.insert - ==>  Preparing: INSERT INTO books (title, isbn, author_id, published_year) VALUES (?, ?, ?, ?)
10:37:48.332 [main] DEBUG c.e.j.mapper.BookMapper.insert - ==> Parameters: Effective Java(String), 978-0134685991(String), 7(Long), 2018(Integer)
10:37:48.332 [main] DEBUG c.e.j.mapper.BookMapper.insert - <==    Updates: 1
10:37:48.332 [main] DEBUG c.e.j.mapper.BookMapper.findAll - ==>  Preparing: SELECT b.id, b.title, b.isbn, b.published_year, a.name AS author_name, c.id AS category_id, c.name AS category_name FROM books b LEFT JOIN authors a ON b.author_id = a.id LEFT JOIN books_categories bc ON bc.book_id = b.id LEFT JOIN categories c ON bc.category_id = c.id ORDER BY b.id
10:37:48.332 [main] DEBUG c.e.j.mapper.BookMapper.findAll - ==> Parameters: 
10:37:48.332 [main] DEBUG c.e.j.mapper.BookMapper.findAll - <==      Total: 3
]]></system-out>
  </testcase>
  <testcase name="deleteCategoriesTest" classname="com.example.jsppractice.mapper.BookMapperTest" time="0.01">
    <system-out><![CDATA[10:37:48.345 [main] DEBUG c.e.j.mapper.BookMapper.insert - ==>  Preparing: INSERT INTO books (title, isbn, author_id, published_year) VALUES (?, ?, ?, ?)
10:37:48.345 [main] DEBUG c.e.j.mapper.BookMapper.insert - ==> Parameters: Effective Java(String), 978-0134685991(String), 8(Long), 2018(Integer)
10:37:48.346 [main] DEBUG c.e.j.mapper.BookMapper.insert - <==    Updates: 1
10:37:48.347 [main] DEBUG c.e.j.m.B.insertBookCategories - ==>  Preparing: INSERT INTO books_categories (book_id, category_id) VALUES (?, ?)
10:37:48.347 [main] DEBUG c.e.j.m.B.insertBookCategories - ==> Parameters: 31(Long), 7(Long)
10:37:48.347 [main] DEBUG c.e.j.m.B.insertBookCategories - <==    Updates: 1
10:37:48.348 [main] DEBUG c.e.j.m.B.deleteCategoriesByBookId - ==>  Preparing: DELETE FROM books_categories bc WHERE bc.book_id = ?
10:37:48.348 [main] DEBUG c.e.j.m.B.deleteCategoriesByBookId - ==> Parameters: 31(Long)
10:37:48.348 [main] DEBUG c.e.j.m.B.deleteCategoriesByBookId - <==    Updates: 1
10:37:48.349 [main] DEBUG c.e.j.m.B.findCategoriesById - ==>  Preparing: SELECT c.* FROM categories c JOIN books_categories bc ON bc.category_id = c.id WHERE bc.book_id = ?
10:37:48.349 [main] DEBUG c.e.j.m.B.findCategoriesById - ==> Parameters: 31(Long)
10:37:48.349 [main] DEBUG c.e.j.m.B.findCategoriesById - <==      Total: 0
]]></system-out>
  </testcase>
  <testcase name="paginationIsNotThrownOffByBooksWithMultipleCategories" classname="com.example.jsppractice.mapper.BookMapperTest" time="0.052">
    <system-out><![CDATA[10:37:48.362 [main] DEBUG c.e.j.mapper.BookMapper.insert - ==>  Preparing: INSERT INTO books (title, isbn, author_id, published_year) VALUES (?, ?, ?, ?)
10:37:48.363 [main] DEBUG c.e.j.mapper.BookMapper.insert - ==> Parameters: Book With Many Categories(String), null, 9(Long), 2020(Integer)
10:37:48.363 [main] DEBUG c.e.j.mapper.BookMapper.insert - <==    Updates: 1
10:37:48.367 [main] DEBUG c.e.j.m.B.insertBookCategories - ==>  Preparing: INSERT INTO books_categories (book_id, category_id) VALUES (?, ?) , (?, ?) , (?, ?)
10:37:48.367 [main] DEBUG c.e.j.m.B.insertBookCategories - ==> Parameters: 32(Long), 8(Long), 32(Long), 9(Long), 32(Long), 10(Long)
10:37:48.367 [main] DEBUG c.e.j.m.B.insertBookCategories - <==    Updates: 3
10:37:48.367 [main] DEBUG c.e.j.mapper.BookMapper.insert - ==>  Preparing: INSERT INTO books (title, isbn, author_id, published_year) VALUES (?, ?, ?, ?)
10:37:48.367 [main] DEBUG c.e.j.mapper.BookMapper.insert - ==> Parameters: Book Without Categories(String), null, 9(Long), 2021(Integer)
10:37:48.372 [main] DEBUG c.e.j.mapper.BookMapper.insert - <==    Updates: 1
10:37:48.374 [main] DEBUG c.e.j.m.BookMapper.countBySearch - ==>  Preparing: SELECT COUNT(DISTINCT b.id) FROM books b LEFT JOIN authors a ON b.author_id = a.id LEFT JOIN books_categories bc ON bc.book_id = b.id LEFT JOIN categories c ON bc.category_id = c.id
10:37:48.377 [main] DEBUG c.e.j.m.BookMapper.countBySearch - ==> Parameters: 
10:37:48.383 [main] DEBUG c.e.j.m.BookMapper.countBySearch - <==      Total: 1
10:37:48.383 [main] DEBUG c.e.j.m.BookMapper.findIdsBySearch - ==>  Preparing: SELECT DISTINCT b.id FROM books b LEFT JOIN authors a ON b.author_id = a.id LEFT JOIN books_categories bc ON bc.book_id = b.id LEFT JOIN categories c ON bc.category_id = c.id ORDER BY b.id LIMIT ? OFFSET ?
10:37:48.393 [main] DEBUG c.e.j.m.BookMapper.findIdsBySearch - ==> Parameters: 1(Integer), 0(Long)
10:37:48.394 [main] DEBUG c.e.j.m.BookMapper.findIdsBySearch - <==      Total: 1
10:37:48.395 [main] DEBUG c.e.j.mapper.BookMapper.findByIds - ==>  Preparing: SELECT b.id, b.title, b.isbn, b.published_year, a.name AS author_name, c.id AS category_id, c.name AS category_name FROM books b LEFT JOIN authors a ON b.author_id = a.id LEFT JOIN books_categories bc ON bc.book_id = b.id LEFT JOIN categories c ON bc.category_id = c.id WHERE b.id IN ( ? ) ORDER BY b.id
10:37:48.396 [main] DEBUG c.e.j.mapper.BookMapper.findByIds - ==> Parameters: 32(Long)
10:37:48.398 [main] DEBUG c.e.j.mapper.BookMapper.findByIds - <==      Total: 3
10:37:48.399 [main] DEBUG c.e.j.m.BookMapper.findIdsBySearch - ==>  Preparing: SELECT DISTINCT b.id FROM books b LEFT JOIN authors a ON b.author_id = a.id LEFT JOIN books_categories bc ON bc.book_id = b.id LEFT JOIN categories c ON bc.category_id = c.id ORDER BY b.id LIMIT ? OFFSET ?
10:37:48.399 [main] DEBUG c.e.j.m.BookMapper.findIdsBySearch - ==> Parameters: 1(Integer), 1(Long)
10:37:48.401 [main] DEBUG c.e.j.m.BookMapper.findIdsBySearch - <==      Total: 1
]]></system-out>
  </testcase>
  <testcase name="searchMatchesByAuthorName" classname="com.example.jsppractice.mapper.BookMapperTest" time="0.02">
    <system-out><![CDATA[10:37:48.413 [main] DEBUG c.e.j.mapper.BookMapper.insert - ==>  Preparing: INSERT INTO books (title, isbn, author_id, published_year) VALUES (?, ?, ?, ?)
10:37:48.413 [main] DEBUG c.e.j.mapper.BookMapper.insert - ==> Parameters: Effective Java(String), 978-0134685991(String), 10(Long), 2018(Integer)
10:37:48.414 [main] DEBUG c.e.j.mapper.BookMapper.insert - <==    Updates: 1
10:37:48.415 [main] DEBUG c.e.j.mapper.BookMapper.insert - ==>  Preparing: INSERT INTO books (title, isbn, author_id, published_year) VALUES (?, ?, ?, ?)
10:37:48.415 [main] DEBUG c.e.j.mapper.BookMapper.insert - ==> Parameters: Clean Code(String), 9780132350884(String), 11(Long), 2008(Integer)
10:37:48.415 [main] DEBUG c.e.j.mapper.BookMapper.insert - <==    Updates: 1
10:37:48.415 [main] DEBUG c.e.j.mapper.BookMapper.search - ==>  Preparing: SELECT b.id, b.title, b.isbn, b.published_year, a.name AS author_name, c.id AS category_id, c.name AS category_name FROM books b LEFT JOIN authors a ON b.author_id = a.id LEFT JOIN books_categories bc ON bc.book_id = b.id LEFT JOIN categories c ON bc.category_id = c.id WHERE (b.title ILIKE CONCAT('%', ?, '%') OR a.name ILIKE CONCAT('%', ?, '%') OR c.name ILIKE CONCAT('%', ?, '%')) ORDER BY b.id
10:37:48.415 [main] DEBUG c.e.j.mapper.BookMapper.search - ==> Parameters: Bloch(String), Bloch(String), Bloch(String)
10:37:48.421 [main] DEBUG c.e.j.mapper.BookMapper.search - <==      Total: 1
]]></system-out>
  </testcase>
  <testcase name="searchWithBlankKeywordReturnsAllBooks" classname="com.example.jsppractice.mapper.BookMapperTest" time="0.014">
    <system-out><![CDATA[10:37:48.431 [main] DEBUG c.e.j.mapper.BookMapper.insert - ==>  Preparing: INSERT INTO books (title, isbn, author_id, published_year) VALUES (?, ?, ?, ?)
10:37:48.431 [main] DEBUG c.e.j.mapper.BookMapper.insert - ==> Parameters: Effective Java(String), 978-0134685991(String), 12(Long), 2018(Integer)
10:37:48.432 [main] DEBUG c.e.j.mapper.BookMapper.insert - <==    Updates: 1
10:37:48.432 [main] DEBUG c.e.j.mapper.BookMapper.insert - ==>  Preparing: INSERT INTO books (title, isbn, author_id, published_year) VALUES (?, ?, ?, ?)
10:37:48.433 [main] DEBUG c.e.j.mapper.BookMapper.insert - ==> Parameters: Unrelated Book(String), 9999999999999(String), 12(Long), 2000(Integer)
10:37:48.433 [main] DEBUG c.e.j.mapper.BookMapper.insert - <==    Updates: 1
10:37:48.433 [main] DEBUG c.e.j.mapper.BookMapper.search - ==>  Preparing: SELECT b.id, b.title, b.isbn, b.published_year, a.name AS author_name, c.id AS category_id, c.name AS category_name FROM books b LEFT JOIN authors a ON b.author_id = a.id LEFT JOIN books_categories bc ON bc.book_id = b.id LEFT JOIN categories c ON bc.category_id = c.id ORDER BY b.id
10:37:48.433 [main] DEBUG c.e.j.mapper.BookMapper.search - ==> Parameters: 
10:37:48.433 [main] DEBUG c.e.j.mapper.BookMapper.search - <==      Total: 2
]]></system-out>
  </testcase>
  <testcase name="findCategoriesByIdTest" classname="com.example.jsppractice.mapper.BookMapperTest" time="0.004">
    <system-out><![CDATA[10:37:48.447 [main] DEBUG c.e.j.mapper.BookMapper.insert - ==>  Preparing: INSERT INTO books (title, isbn, author_id, published_year) VALUES (?, ?, ?, ?)
10:37:48.447 [main] DEBUG c.e.j.mapper.BookMapper.insert - ==> Parameters: Effective Java(String), 978-0134685991(String), 13(Long), 2018(Integer)
10:37:48.448 [main] DEBUG c.e.j.mapper.BookMapper.insert - <==    Updates: 1
10:37:48.448 [main] DEBUG c.e.j.m.B.insertBookCategories - ==>  Preparing: INSERT INTO books_categories (book_id, category_id) VALUES (?, ?)
10:37:48.448 [main] DEBUG c.e.j.m.B.insertBookCategories - ==> Parameters: 38(Long), 11(Long)
10:37:48.449 [main] DEBUG c.e.j.m.B.insertBookCategories - <==    Updates: 1
10:37:48.449 [main] DEBUG c.e.j.m.B.findCategoriesById - ==>  Preparing: SELECT c.* FROM categories c JOIN books_categories bc ON bc.category_id = c.id WHERE bc.book_id = ?
10:37:48.449 [main] DEBUG c.e.j.m.B.findCategoriesById - ==> Parameters: 38(Long)
10:37:48.449 [main] DEBUG c.e.j.m.B.findCategoriesById - <==      Total: 1
]]></system-out>
  </testcase>
  <testcase name="findByAuthorIdTest" classname="com.example.jsppractice.mapper.BookMapperTest" time="0.016">
    <system-out><![CDATA[10:37:48.449 [main] DEBUG c.e.j.mapper.BookMapper.insert - ==>  Preparing: INSERT INTO books (title, isbn, author_id, published_year) VALUES (?, ?, ?, ?)
10:37:48.449 [main] DEBUG c.e.j.mapper.BookMapper.insert - ==> Parameters: Effective Java(String), 978-0134685991(String), 14(Long), 2018(Integer)
10:37:48.449 [main] DEBUG c.e.j.mapper.BookMapper.insert - <==    Updates: 1
10:37:48.459 [main] DEBUG c.e.j.mapper.BookMapper.insert - ==>  Preparing: INSERT INTO books (title, isbn, author_id, published_year) VALUES (?, ?, ?, ?)
10:37:48.459 [main] DEBUG c.e.j.mapper.BookMapper.insert - ==> Parameters: Effective Java(String), 978-0134685991(String), 14(Long), 2018(Integer)
10:37:48.459 [main] DEBUG c.e.j.mapper.BookMapper.insert - <==    Updates: 1
10:37:48.460 [main] DEBUG c.e.j.m.BookMapper.findByAuthorId - ==>  Preparing: SELECT * FROM books b WHERE b.author_id = ?
10:37:48.460 [main] DEBUG c.e.j.m.BookMapper.findByAuthorId - ==> Parameters: 14(Long)
10:37:48.461 [main] DEBUG c.e.j.m.BookMapper.findByAuthorId - <==      Total: 2
]]></system-out>
  </testcase>
</testsuite>