<?xml version="1.0" encoding="UTF-8"?>
<testsuite xmlns:xsi="http://www.w3.org/2001/XMLSchema-instance" xsi:noNamespaceSchemaLocation="https://maven.apache.org/surefire/maven-surefire-plugin/xsd/surefire-test-report.xsd" version="3.0.2" name="com.example.jsppractice.mapper.UserMapperTest" time="0.013" tests="4" errors="0" skipped="0" failures="0">
  <properties>
[...]
</properties>
  <testcase name="updateChangesExistingRow" classname="com.example.jsppractice.mapper.UserMapperTest" time="0.002">
    <system-out><![CDATA[13:26:50.517 [main] DEBUG c.e.j.mapper.UserMapper.update - ==>  Preparing: UPDATE users SET name = ?, password_hash = ?, role = ? WHERE id = ?
13:26:50.517 [main] DEBUG c.e.j.mapper.UserMapper.update - ==> Parameters: New Name(String), new-hash(String), ADMIN(String), 16(Long)
13:26:50.517 [main] DEBUG c.e.j.mapper.UserMapper.update - <==    Updates: 1
13:26:50.517 [main] DEBUG c.e.j.mapper.UserMapper.findByEmail - ==>  Preparing: SELECT * FROM users u WHERE u.email = ?
13:26:50.518 [main] DEBUG c.e.j.mapper.UserMapper.findByEmail - ==> Parameters: update@example.com(String)
13:26:50.518 [main] DEBUG c.e.j.mapper.UserMapper.findByEmail - <==      Total: 1
]]></system-out>
  </testcase>
  <testcase name="insertAssignsGeneratedId" classname="com.example.jsppractice.mapper.UserMapperTest" time="0.004">
    <system-out><![CDATA[13:26:50.521 [main] DEBUG c.e.j.mapper.UserMapper.insert - ==>  Preparing: INSERT INTO users (email, name, password_hash, role) VALUES (?, ?, ?, ?)
13:26:50.522 [main] DEBUG c.e.j.mapper.UserMapper.insert - ==> Parameters: new@example.com(String), New User(String), hashed-password(String), ADMIN(String)
13:26:50.522 [main] DEBUG c.e.j.mapper.UserMapper.insert - <==    Updates: 1
13:26:50.522 [main] DEBUG c.e.j.mapper.UserMapper.findByEmail - ==>  Preparing: SELECT * FROM users u WHERE u.email = ?
13:26:50.522 [main] DEBUG c.e.j.mapper.UserMapper.findByEmail - ==> Parameters: new@example.com(String)
13:26:50.523 [main] DEBUG c.e.j.mapper.UserMapper.findByEmail - <==      Total: 1
]]></system-out>
  </testcase>
  <testcase name="findByEmailReturnsEmptyWhenNotFound" classname="com.example.jsppractice.mapper.UserMapperTest" time="0.003">
    <system-out><![CDATA[13:26:50.525 [main] DEBUG c.e.j.mapper.UserMapper.findByEmail - ==>  Preparing: SELECT * FROM users u WHERE u.email = ?
13:26:50.525 [main] DEBUG c.e.j.mapper.UserMapper.findByEmail - ==> Parameters: nobody@example.com(String)
13:26:50.526 [main] DEBUG c.e.j.mapper.UserMapper.findByEmail - <==      Total: 0
]]></system-out>
  </testcase>
  <testcase name="findByEmailReturnsUserWhenExists" classname="com.example.jsppractice.mapper.UserMapperTest" time="0.004">
    <system-out><![CDATA[13:26:50.528 [main] DEBUG c.e.j.mapper.UserMapper.findByEmail - ==>  Preparing: SELECT * FROM users u WHERE u.email = ?
13:26:50.528 [main] DEBUG c.e.j.mapper.UserMapper.findByEmail - ==> Parameters: alex@example.com(String)
13:26:50.529 [main] DEBUG c.e.j.mapper.UserMapper.findByEmail - <==      Total: 1
]]></system-out>
  </testcase>
</testsuite>